cloud: (1317,22500000)
cloud: (1150,22500000)
cloud: (916,12500000)
cloud: (807,12500000)
cloud: (413,1410000)
cloud: (419,1410000)
cloud: (4125,62800000)
cloud: (4825,78500000.00000001)
cloud: (1330,31833333.333333332)
cloud: (1170,22500000)
cloud: (1188,12500000)
cloud: (1067.0000000000002,12500000)
cloud: (611,5570000.000000001)
cloud: (631.0000000000001,5610000)
cloud: (2570,33666666.666666664)
cloud: (3012.5,42083333.33333333)
-------
cloud: (1257,22500000)
cloud: (1251,22500000)
cloud: (1023,12500000)
cloud: (719,12500000)
cloud: (475.00000000000006,1430000.0000000002)
cloud: (537,1410000)
cloud: (3200.0000000000005,78500000.00000001)
cloud: (3990,78500000.00000001)
cloud: (2007,22500000)
cloud: (1056,22500000)
cloud: (999,12500000)
cloud: (695,12500000)
cloud: (823,5570000.000000001)
cloud: (715.0000000000001,5630000.000000001)
cloud: (1760,50500000)
cloud: (2550,50500000)
-------
cloud: (2020.0000000000002,22499999.999999996)
cloud: (1310.0000000000002,22500000)
cloud: (1149,12500000)
cloud: (1068,12500000)
cloud: (591,1410000)
cloud: (657,1390000)
cloud: (5950,78500000)
cloud: (7308.333333333332,65416666.666666664)
cloud: (4883.333333333333,22500000)
cloud: (1450,22500000)
cloud: (964,12500000)
cloud: (1011,12500000)
cloud: (607.0000000000001,5610000)
cloud: (683,5590000)
cloud: (2330,50500000)
cloud: (2250,50500000)
-------
cloud: (1430.0000000000002,22500000.000000004)
cloud: (1230,22500000)
cloud: (964,14500000)
cloud: (938.0000000000001,12500000)
cloud: (439.00000000000006,3850000)
cloud: (561.0000000000001,1680000)
cloud: (7712.499999999999,59212500)
cloud: (8040,78500000.00000001)
cloud: (2120,41166666.66666667)
cloud: (1393,22499999.999999996)
cloud: (933,14500000)
cloud: (897,12500000)
cloud: (567,6980000)
cloud: (780,5590000)
cloud: (2450,41530000)
cloud: (2370,50500000.000000015)
-------
cloud: (1167,22500000)
cloud: (1250.0000000000002,22500000)
cloud: (891,12500000)
cloud: (926.0000000000001,12500000)
cloud: (503,1410000)
cloud: (487.00000000000006,1410000)
cloud: (5430.000000000001,78500000.00000001)
cloud: (9366.666666666666,78500000)
cloud: (1190.0000000000002,22500000)
cloud: (1310.0000000000002,22500000.000000004)
cloud: (1156.25,12500000)
cloud: (831,12500000)
cloud: (627,5610000)
cloud: (786,5610000)
cloud: (2670.0000000000005,50500000)
cloud: (2730,50500000)
-------
cloud: (1190.0000000000002,22500000.000000004)
cloud: (1350,22500000)
cloud: (858,15000000)
cloud: (785.0000000000001,10000000.000000002)
cloud: (413,1410000)
cloud: (465,1390000)
cloud: (6437.5,78500000.00000001)
cloud: (5460.000000000001,78500000)
cloud: (1270,18750000)
cloud: (1390,22500000.000000004)
cloud: (860.0000000000001,12500000)
cloud: (864,12499999.999999998)
cloud: (617,6720000)
cloud: (789.9999999999999,5610000)
cloud: (2530.0000000000005,50500000)
cloud: (2390,50500000)
-------
cloud: (1540.0000000000002,22500000)
cloud: (889.1666666666666,22500000)
cloud: (975,12500000)
cloud: (1046.0000000000002,12500000)
cloud: (361,1410000)
cloud: (537,1390000)
cloud: (3912.4999999999995,98125000)
cloud: (7741.666666666666,78500000.00000001)
cloud: (3768.571428571429,22500000)
cloud: (1295.0000000000002,22500000)
cloud: (917.0000000000001,12500000)
cloud: (894,12500000)
cloud: (677,5570000.000000001)
cloud: (763.0000000000001,5610000)
cloud: (2126.25,50500000)
cloud: (2610,50500000)
-------
cloud: (1290,22500000)
cloud: (1730,18750000)
cloud: (926.0000000000001,12500000)
cloud: (932.0000000000001,12500000)
cloud: (475.00000000000006,1390000)
cloud: (477,1370000.0000000002)
cloud: (3974.999999999999,65416666.666666664)
cloud: (5830,78500000.00000001)
cloud: (3340,42700000.00000001)
cloud: (1210,22500000)
cloud: (924,12500000)
cloud: (958,12500000)
cloud: (551,5590000)
cloud: (663,5610000)
cloud: (2190,50500000)
cloud: (1910,50500000)
-------
cloud: (1066,22500000)
cloud: (1201,22500000)
cloud: (841,12500000)
cloud: (839.0000000000001,12500000)
cloud: (379,1410000)
cloud: (391.00000000000006,1410000)
cloud: (3560.0000000000005,78500000.00000001)
cloud: (2650.0000000000005,78500000.00000001)
cloud: (952,22500000)
cloud: (981,22500000)
cloud: (651,14500000)
cloud: (852,12500000)
cloud: (521,6980000)
cloud: (549,5590000)
cloud: (1690.0000000000002,41530000.00000001)
cloud: (1810.0000000000002,50500000)
-------
cloud: (1130.0000000000002,22500000)
cloud: (1133.0000000000002,22500000)
cloud: (723,12500000)
cloud: (773.0000000000001,12500000)
cloud: (289,1370000.0000000002)
cloud: (521,1390000)
cloud: (4850,78500000.00000001)
cloud: (6430.000000000001,78500000.00000001)
cloud: (4014.285714285714,38200000.00000001)
cloud: (1211.0000000000002,22500000.000000004)
cloud: (773.0000000000001,12500000)
cloud: (787,12500000)
cloud: (613.0000000000001,5570000.000000001)
cloud: (747,5610000)
cloud: (2000,50500000)
cloud: (2390,50500000)
-------
cloud: (1473.75,22500000.000000004)
cloud: (1060,22500000.000000004)
cloud: (989.0000000000001,12500000)
cloud: (827.0000000000001,12500000)
cloud: (367,1390000)
cloud: (445.00000000000006,1410000.0000000002)
cloud: (3925.0000000000005,78500000.00000001)
cloud: (3325,78500000.00000001)
cloud: (1628.5714285714284,18000000)
cloud: (1042,22500000)
cloud: (771,12500000)
cloud: (953.0000000000001,12500000)
cloud: (513,5630000.000000001)
cloud: (663,4480000)
cloud: (2030,50500000)
cloud: (1650,50500000)
-------
cloud: (1163.0000000000002,22500000)
cloud: (939,22500000.000000004)
cloud: (1030,12500000)
cloud: (855,12500000)
cloud: (325,1712500)
cloud: (339,1390000)
cloud: (2520,78500000.00000001)
cloud: (3460,78500000.00000001)
cloud: (1637,22500000)
cloud: (1165,22500000)
cloud: (826,12500000)
cloud: (765,12500000)
cloud: (511.00000000000006,5610000)
cloud: (529,5610000)
cloud: (2110,50500000)
cloud: (2050.0000000000005,50500000)
-------
cloud: (1215,22500000)
cloud: (1500,18000000)
cloud: (805,12500000)
cloud: (746.6666666666666,12500000)
cloud: (391.00000000000006,1390000)
cloud: (495,1390000.0000000002)
cloud: (3890.0000000000005,78500000.00000001)
cloud: (3700,78500000)
cloud: (818.0000000000001,22500000)
cloud: (1158,22500000)
cloud: (888.75,12500000)
cloud: (941.0000000000001,12500000)
cloud: (670.0000000000001,5570000.000000001)
cloud: (671,5610000)
cloud: (2230.0000000000005,50500000)
cloud: (1890,50500000)
-------
cloud: (991.6666666666666,22500000)
cloud: (1362.5,22500000)
cloud: (800.0000000000001,12500000)
cloud: (738.3333333333333,12500000)
cloud: (459,1410000)
cloud: (391.00000000000006,1410000)
cloud: (1977.5000000000002,78500000.00000001)
cloud: (4410,78500000.00000001)
cloud: (2321,22500000)
cloud: (1003,22500000)
cloud: (641.6666666666666,12500000)
cloud: (824.1666666666666,12500000)
cloud: (555.8333333333334,5630000.000000001)
cloud: (529.1666666666666,5610000)
cloud: (1810,50500000)
cloud: (1770,50499999.99999999)
-------
cloud: (910,22500000)
cloud: (971.0000000000001,22500000)
cloud: (815.0000000000001,12500000)
cloud: (731,12500000)
cloud: (401.00000000000006,1370000.0000000002)
cloud: (415.00000000000006,1370000.0000000002)
cloud: (3210,78500000.00000001)
cloud: (3770.0000000000005,94200000)
cloud: (1110,28125000)
cloud: (1030,22500000)
cloud: (795,12500000)
cloud: (735.0000000000001,12500000)
cloud: (547.0000000000001,5610000)
cloud: (521,5590000.000000001)
cloud: (2110.0000000000005,50500000)
cloud: (2462.4999999999995,50500000)
-------
cloud: (1043.0000000000002,22500000)
cloud: (1082.0000000000002,22500000)
cloud: (745.0000000000001,12500000)
cloud: (669,12500000)
cloud: (387,1410000)
cloud: (401,1370000.0000000002)
cloud: (2183.3333333333335,78500000.00000001)
cloud: (2837.5,78500000.00000001)
cloud: (1571,22500000)
cloud: (996,22500000)
cloud: (671,12500000)
cloud: (768,12500000)
cloud: (547.0000000000001,5610000)
cloud: (491,5610000)
cloud: (1660.0000000000002,42083333.33333333)
cloud: (1360,50500000.00000001)
-------
cloud: (957,22500000)
cloud: (982,22500000)
cloud: (833.75,12500000)
cloud: (620.8333333333334,12500000)
cloud: (296.00000000000006,1390000)
cloud: (423,1390000)
cloud: (2610,78500000.00000001)
cloud: (4662.5,98125000)
cloud: (957,22500000)
cloud: (1017,22500000)
cloud: (843.75,12500000)
cloud: (842.0000000000001,12500000.000000002)
cloud: (435.83333333333337,5610000)
cloud: (675,5630000.000000001)
cloud: (2010,50500000)
cloud: (2470,50500000)
-------

> birex_orchestrator@1.0.0 start /usr/src/app
> node orchestrator.js

Start monitoring...
cloud: (938.3333333333333,22500000)
cloud: (1075,22500000)
cloud: (703,12500000)
cloud: (886,12500000.000000002)
cloud: (383.00000000000006,1430000.0000000002)
cloud: (469.00000000000006,1370000.0000000002)
cloud: (3010.0000000000005,78500000.00000001)
cloud: (3170.0000000000005,78500000.00000001)
cloud: (900,22500000)
cloud: (829,22500000)
cloud: (733.0000000000001,12500000)
cloud: (735,12500000)
cloud: (468.9999999999999,5590000)
cloud: (493.00000000000006,5610000)
cloud: (1810.0000000000002,50500000)
cloud: (1689.9999999999998,50500000.00000001)
-------
cloud: (937,22500000)
cloud: (885,22499999.999999996)
cloud: (946,12500000)
cloud: (833.0000000000001,12500000)
cloud: (369,1410000)
cloud: (377.00000000000006,1430000)
cloud: (2420,62800000)
cloud: (3090,94200000)
cloud: (1967,22500000)
cloud: (958,22500000)
cloud: (818.0000000000001,12500000)
cloud: (743,12500000)
cloud: (505.00000000000006,5630000.000000001)
cloud: (573,5610000)
cloud: (1760,50500000)
cloud: (1929.9999999999998,50500000)
-------
cloud: (1205.0000000000002,22500000)
cloud: (1153,22500000)
cloud: (771,14500000)
cloud: (820,12500000)
cloud: (341.00000000000006,3890000.0000000005)
cloud: (493.00000000000006,1430000.0000000002)
cloud: (4925,78500000)
cloud: (5975,62800000)
cloud: (1541,33700000.00000001)
cloud: (1306,22500000)
cloud: (819,14500000)
cloud: (793,12500000)
cloud: (609,6960000)
cloud: (585,5570000.000000001)
cloud: (2450,41510000)
cloud: (1970,50500000)
-------
cloud: (962.0000000000001,22500000)
cloud: (1047,28125000)
cloud: (557.5,12500000)
cloud: (744.9999999999999,15625000)
cloud: (391.00000000000006,1390000)
cloud: (415.00000000000006,1390000.0000000002)
cloud: (2741.6666666666665,78500000.00000001)
cloud: (3060,78500000)
cloud: (897,18000000)
cloud: (1115,27000000)
cloud: (695.0000000000001,12500000)
cloud: (807,12500000.000000002)
cloud: (681,5590000)
cloud: (673.0000000000001,5650000)
cloud: (1950,50500000)
cloud: (1950,50500000)
-------
cloud: (993,22500000)
cloud: (1031.0000000000002,22500000)
cloud: (544,12500000)
cloud: (805,12500000)
cloud: (411,1370000.0000000002)
cloud: (383.00000000000006,1410000.0000000002)
cloud: (2790.0000000000005,78499999.99999999)
cloud: (2770.0000000000005,78500000.00000001)
cloud: (938.0000000000001,22500000)
cloud: (1066,22500000)
cloud: (695,12500000)
cloud: (842.0000000000001,12500000)
cloud: (655.0000000000001,5590000)
cloud: (703.0000000000001,5590000)
cloud: (2612.5,50500000)
cloud: (2090,50500000)
-------
cloud: (1131,22500000)
cloud: (964,22500000)
cloud: (850,12500000)
cloud: (815.0000000000001,15000000)
cloud: (419,3660000)
cloud: (455,1430000.0000000002)
cloud: (3370,59237500)
cloud: (3920.0000000000005,78500000.00000001)
cloud: (1055,49400000)
cloud: (953.0000000000001,22500000)
cloud: (751.0000000000001,14500000)
cloud: (1334.0000000000002,12500000)
cloud: (679.0000000000001,7020000)
cloud: (633,5630000.000000001)
cloud: (1741.6666666666665,31410000)
cloud: (1541.6666666666665,50500000)
-------
cloud: (1166.0000000000002,22500000)
cloud: (1052.0000000000002,22500000)
cloud: (625.8333333333334,12500000)
cloud: (966.2500000000001,12500000)
cloud: (403.00000000000006,1410000)
cloud: (421.00000000000006,1390000)
cloud: (3500,62800000)
cloud: (4450,78500000.00000001)
cloud: (915.0000000000001,22500000)
cloud: (902.0000000000001,18000000)
cloud: (1035,17000000.000000004)
cloud: (918.75,10000000.000000002)
cloud: (833.75,8130000)
cloud: (603,5630000.000000001)
cloud: (2130,40400000)
cloud: (2350.0000000000005,50500000)
-------
cloud: (1210,22500000)
cloud: (1191,22500000)
cloud: (807,15625000)
cloud: (1023,15625000)
cloud: (473,1390000)
cloud: (507,1370000.0000000002)
cloud: (3810,62800000)
cloud: (3930,78500000.00000001)
cloud: (1250.0000000000002,38200000)
cloud: (1210,22499999.999999996)
cloud: (907,12500000)
cloud: (727.0000000000001,12500000)
cloud: (671,5630000.000000001)
cloud: (713,5610000)
cloud: (2050.0000000000005,50500000)
cloud: (2170.0000000000005,50500000)
-------
cloud: (1004.0000000000001,22500000)
cloud: (1121.0000000000002,22500000.000000004)
cloud: (958,12500000)
cloud: (964,12500000)
cloud: (417,1430000.0000000002)
cloud: (455,1410000)
cloud: (2870,78500000)
cloud: (2810,78500000.00000001)
cloud: (1066,22500000.000000004)
cloud: (1078,22500000)
cloud: (637.0000000000001,12500000)
cloud: (948.75,12500000.000000002)
cloud: (501,5630000.000000001)
cloud: (529.0000000000001,5610000)
cloud: (1790,50500000)
cloud: (2050.0000000000005,63124999.99999999)
-------
cloud: (1084,22500000)
cloud: (1038,22500000)
cloud: (789,12500000)
cloud: (697.0000000000001,12500000)
cloud: (340,1430000.0000000002)
cloud: (394.00000000000006,1390000)
cloud: (3020,62800000)
cloud: (3900,65416666.666666664)
cloud: (1239.1666666666667,38200000.00000001)
cloud: (1078,27000000)
cloud: (906,10000000.000000002)
cloud: (973.7500000000001,12500000)
cloud: (761,5590000)
cloud: (657,5590000)
cloud: (2330,40400000)
cloud: (2130,50500000)
-------
cloud: (1088.0000000000002,22500000)
cloud: (1270.0000000000002,18000000)
cloud: (916,17000000.000000004)
cloud: (876,12500000)
cloud: (651.0000000000001,3910000)
cloud: (589.0000000000001,1410000)
cloud: (4330,52333333.33333333)
cloud: (3990,78500000.00000001)
cloud: (1083,38200000.00000001)
cloud: (1270,22500000)
cloud: (873,12500000)
cloud: (735,12500000)
cloud: (557,5590000)
cloud: (655.0000000000001,5570000.000000001)
cloud: (2450,40400000)
cloud: (2270,50500000)
-------
cloud: (1210,22500000)
cloud: (1290,22500000)
cloud: (777.0000000000001,14500000)
cloud: (809.0000000000001,12500000.000000002)
cloud: (401,3620000)
cloud: (447,1430000)
cloud: (3450,63070000)
cloud: (3410.0000000000005,78500000.00000001)
cloud: (1087,33700000.00000001)
cloud: (1210,22500000)
cloud: (711,18125000)
cloud: (731,15625000)
cloud: (677,6960000)
cloud: (709.0000000000001,5630000.000000001)
cloud: (2010,41510000)
cloud: (2210,50500000)
-------
cloud: (1190.0000000000002,22500000)
cloud: (1310.0000000000002,22500000)
cloud: (838,12500000)
cloud: (749,12500000)
cloud: (483.75,1370000.0000000002)
cloud: (441,1450000)
cloud: (4210,98125000)
cloud: (6880.000000000001,78500000.00000001)
cloud: (1210,22500000)
cloud: (1391.0000000000002,22500000)
cloud: (935.0000000000001,12500000)
cloud: (797.0000000000001,12500000)
cloud: (549,5590000)
cloud: (722.0000000000001,5630000.000000001)
cloud: (1930.0000000000002,60600000)
cloud: (2170.0000000000005,60600000)
-------
cloud: (1250.0000000000002,22500000)
cloud: (1250.0000000000002,22500000)
cloud: (1064.0000000000002,12500000)
cloud: (847,12500000)
cloud: (367,1370000)
cloud: (397.00000000000006,1712500)
cloud: (3750,62800000)
cloud: (3690,94200000)
cloud: (1270,22500000)
cloud: (1069,22500000)
cloud: (811,12500000)
cloud: (709.0000000000001,12500000)
cloud: (553.0000000000001,5590000)
cloud: (657,5610000)
cloud: (2070,50500000)
cloud: (1990.0000000000002,50500000)
-------
cloud: (1290,22500000)
cloud: (1270,22500000)
cloud: (866.0000000000001,12500000)
cloud: (851.0000000000001,12500000)
cloud: (403,1370000.0000000002)
cloud: (395,1410000)
cloud: (4230,65416666.666666664)
cloud: (4450,98125000)
cloud: (1330.0000000000002,27000000)
cloud: (1290.0000000000002,22500000)
cloud: (815.0000000000001,12500000)
cloud: (986.0000000000001,12500000)
cloud: (685.0000000000001,5650000)
cloud: (657,5590000)
cloud: (2270,50500000)
cloud: (2130,50500000)
-------
cloud: (1071,27000000)
cloud: (1150.0000000000002,22500000)
cloud: (789,12500000)
cloud: (914.0000000000001,10000000.000000002)
cloud: (499.00000000000006,3950000.0000000005)
cloud: (599,1430000.0000000002)
cloud: (4062.5,47100000)
cloud: (5475,62800000)
cloud: (5057.142857142857,54250000)
cloud: (2275,22500000)
cloud: (1282,14500000)
cloud: (1483.75,12500000)
cloud: (869.0000000000001,8090000)
cloud: (1281.25,5610000)
cloud: (2220,41510000.00000001)
cloud: (1780.0000000000002,50500000)
-------
cloud: (1051,22500000.000000004)
cloud: (1270,13500000)
cloud: (787,12500000)
cloud: (745.0000000000001,12500000)
cloud: (397.00000000000006,1370000.0000000002)
cloud: (401,1390000)
cloud: (3910,78500000)
cloud: (6430.000000000001,65416666.666666664)
cloud: (1500,22500000.000000004)
cloud: (1080,22500000)
cloud: (841,12500000)
cloud: (924,12500000)
cloud: (543,5630000.000000001)
cloud: (711,5610000)
cloud: (1970,50500000)
cloud: (2250.0000000000005,50500000)
-------
cloud: (1550,22500000)
cloud: (1330,22500000)
cloud: (912.0000000000001,12500000)
cloud: (827.0000000000002,12500000)
cloud: (370.8333333333333,1410000)
cloud: (544.9999999999999,1390000)
cloud: (5760,78500000.00000001)
cloud: (4170,94200000)
cloud: (1210,27000000)
cloud: (1242,22500000)
cloud: (779.0000000000001,12500000)
cloud: (838.9999999999999,12500000)
cloud: (786,5610000)
cloud: (671,5610000)
cloud: (2260.0000000000005,50500000)
cloud: (2190,50500000)
-------
cloud: (1289.0000000000002,22500000)
cloud: (940,22500000)
cloud: (865,14500000)
cloud: (763.0000000000001,12500000)
cloud: (373,3620000.0000000005)
cloud: (427.00000000000006,1410000)
cloud: (4530,59212500)
cloud: (3970,94200000)
cloud: (1250,28083333.333333332)
cloud: (1143,22500000)
cloud: (834,14500000)
cloud: (973,12500000)
cloud: (633,5610000.000000001)
cloud: (884,5630000.000000001)
cloud: (2290.0000000000005,50500000)
cloud: (2190,50500000)
-------
cloud: (1860,22500000)
cloud: (1760,22500000)
cloud: (1369,12500000.000000002)
cloud: (908.0000000000001,12500000)
cloud: (377.00000000000006,1350000.0000000002)
cloud: (609,1410000.0000000002)
cloud: (4262.5,98125000)
cloud: (6980,94200000)
cloud: (4993.75,27000000.000000004)
cloud: (1700,22500000)
cloud: (868,12500000)
cloud: (924,12500000.000000002)
cloud: (617,5610000.000000001)
cloud: (838,5650000)
cloud: (2240,50500000)
cloud: (2650.0000000000005,50500000)
-------
cloud: (1350,22500000.000000004)
cloud: (1330,22500000.000000004)
cloud: (888,12500000)
cloud: (1013.0000000000001,12500000)
cloud: (401,1430000.0000000002)
cloud: (455,1410000)
cloud: (5260,78500000)
cloud: (6240,65416666.666666664)
cloud: (1410,22500000)
cloud: (1410,22500000)
cloud: (1027,10416666.666666666)
cloud: (831,12500000)
cloud: (621,5610000)
cloud: (545,5570000.000000001)
cloud: (2450,50500000)
cloud: (2490,50500000)
-------
cloud: (1350,22499999.999999996)
cloud: (1510.0000000000002,22500000)
cloud: (992.0000000000001,12500000)
cloud: (1043.0000000000002,12500000)
cloud: (477,1410000.0000000002)
cloud: (483,1430000.0000000002)
cloud: (7425,78500000)
cloud: (8133.333333333333,78500000)
cloud: (1310.0000000000002,22500000)
cloud: (1169.9999999999998,22500000)
cloud: (971.0000000000001,12500000)
cloud: (809.0000000000001,12500000)
cloud: (623,5610000)
cloud: (699,5630000.000000001)
cloud: (3687.5,50500000)
cloud: (3212.5,50500000)
