cloud: (0,0)
cloud: (1157.0000000000002,22500000)
cloud: (1062,22500000)
cloud: (855,12500000)
cloud: (763,12500000.000000002)
cloud: (439.00000000000006,1410000)
cloud: (563.75,1390000)
cloud: (2910,98125000)
Time to deploy: 249ms
edge: (1918.3496314892245,62800000)
edge: (810.0000000000002,22500000)
edge: (681,22500000)
edge: (585.0000000000001,12500000)
Time to deploy: 113ms
cloud: (939,12500000)
cloud: (725,5630000)
cloud: (804,5610000)
cloud: (3737.5,50500000)
Time to deploy: 132ms
edge: (1390,50500000)
-------
cloud: (0,0)
cloud: (1204.9999999999998,22500000)
cloud: (1241.6666666666667,22500000)
cloud: (800.8333333333333,12500000.000000002)
cloud: (902.0000000000001,12500000)
cloud: (606,1430000.0000000002)
cloud: (607.0000000000001,1390000)
cloud: (5875,62800000)
Time to deploy: 232ms
edge: (1659.1790263764663,78500000)
edge: (901.25,22500000)
edge: (707,22500000)
edge: (535,12500000)
Time to deploy: 109ms
cloud: (910.0000000000001,10000000.000000002)
cloud: (780,5570000.000000001)
cloud: (921.25,5590000)
cloud: (2510,50500000)
Time to deploy: 221ms
edge: (1190.0000000000002,50500000)
-------
cloud: (0,0)
cloud: (1450.0000000000002,22500000)
cloud: (1270,22500000)
cloud: (952,12500000)
cloud: (1128,12500000)
cloud: (453.00000000000006,1390000)
cloud: (563,1370000.0000000002)
cloud: (3310,59237500)
Time to deploy: 231ms
edge: (1850.0000000000002,78500000)
edge: (731.0000000000001,33700000)
edge: (667.0000000000001,22500000.000000004)
edge: (501,14500000)
Time to deploy: 141ms
cloud: (819,12500000)
cloud: (609,7000000.000000001)
cloud: (709.0000000000001,5610000)
cloud: (2010,41530000.00000001)
Time to deploy: 121ms
edge: (1270,50500000)
-------
cloud: (0,0)
cloud: (1119,22500000)
cloud: (1170,22500000.000000004)
cloud: (1011,12500000)
cloud: (953.0000000000001,12500000)
cloud: (497,1430000.0000000002)
cloud: (431,1370000.0000000002)
cloud: (2120,78500000)
Time to deploy: 304ms
edge: (2063.775050974485,78500000.00000001)
edge: (755,22500000)
edge: (893.0000000000001,22500000)
edge: (501,12500000)
Time to deploy: 142ms
cloud: (893.0000000000001,12500000)
cloud: (653,5609999.999999999)
cloud: (755,5630000.000000001)
cloud: (1850,42083333.33333333)
Time to deploy: 172ms
edge: (1612.5,42083333.33333334)
-------
cloud: (0,0)
cloud: (1041,22500000)
cloud: (790.8333333333333,28125000)
cloud: (719,12500000)
cloud: (973,12500000)
cloud: (469.00000000000006,1430000.0000000002)
cloud: (435,1390000)
cloud: (6062.500000000001,62800000)
Time to deploy: 264ms
edge: (2020.88604204794,78500000.00000001)
edge: (868.75,22500000)
edge: (532.5,22500000)
edge: (493.00000000000006,12500000)
Time to deploy: 166ms
cloud: (1005,10000000.000000002)
cloud: (775,4658333.333333333)
cloud: (745.0000000000001,4691666.666666667)
cloud: (2430,50500000)
Time to deploy: 220ms
edge: (1310.0000000000002,50500000)
-------
cloud: (0,0)
cloud: (1150,22500000)
cloud: (996,22500000.000000004)
cloud: (1283.75,12500000)
cloud: (813,12500000)
cloud: (603,1390000)
cloud: (561,1410000)
cloud: (4150,78500000.00000001)
Time to deploy: 290ms
edge: (1966.6171266808208,78500000.00000001)
edge: (906.25,22500000)
edge: (657,22500000)
edge: (505.00000000000006,12500000)
Time to deploy: 144ms
cloud: (872.0000000000001,10000000.000000002)
cloud: (814,5630000.000000001)
cloud: (935,5630000.000000001)
cloud: (2170.0000000000005,50500000)
Time to deploy: 89ms
edge: (1209.9999999999998,40400000)
-------
cloud: (0,0)
cloud: (1230,22500000)
cloud: (1145.0000000000002,22500000)
cloud: (824.0000000000001,12500000)
cloud: (957,12500000)
cloud: (399,3640000)
cloud: (447,1370000.0000000002)
cloud: (4837.5,47390000)
Time to deploy: 275ms
edge: (2137.26780546999,62800000)
edge: (679.0000000000001,33700000.00000001)
edge: (607.5,22500000)
edge: (551,14500000)
Time to deploy: 121ms
cloud: (965.0000000000001,10000000.000000002)
cloud: (603,6980000)
cloud: (739.0000000000001,5630000.000000001)
cloud: (2270,41530000.00000001)
Time to deploy: 283ms
edge: (2210,37875000)
-------
cloud: (0,0)
cloud: (1710,22500000)
cloud: (1970,22500000)
Time to deploy: 199ms
edge: (670.4007782101166,14500000)
Time to deploy: 131ms
cloud: (1020,6250000)
cloud: (684,1390000)
cloud: (755,1410000)
cloud: (5187.5,47100000.00000001)
Time to deploy: 267ms
edge: (2650,58875000.00000001)
edge: (818.0000000000001,38200000.00000001)
edge: (904,27000000)
edge: (591,12500000)
Time to deploy: 136ms
cloud: (937.5,8333333.333333333)
cloud: (725,5570000.000000001)
cloud: (911.0000000000001,5570000.000000001)
cloud: (3590.0000000000005,41510000)
Time to deploy: 266ms
edge: (1240,37875000.00000001)
-------
cloud: (0,0)
cloud: (1490.0000000000002,18000000)
cloud: (1350,22500000)
cloud: (1145,12500000)
cloud: (778.3333333333333,12500000)
cloud: (537,1410000)
cloud: (803.75,1410000)
cloud: (4710,62800000)
Time to deploy: 273ms
edge: (2229.7768413810895,78500000.00000001)
edge: (849,22500000)
edge: (748.9999999999999,22500000)
edge: (562.5,12500000)
Time to deploy: 158ms
cloud: (917.0000000000001,12500000.000000002)
cloud: (865,5610000)
cloud: (717,5590000)
cloud: (2425,50500000)
Time to deploy: 148ms
edge: (1370.0000000000002,50500000.00000001)
-------
cloud: (0,0)
cloud: (1190.0000000000002,22500000)
cloud: (1150,28125000)
cloud: (1075,12500000)
cloud: (1149,12500000)
cloud: (393,1390000)
cloud: (439.00000000000006,1430000.0000000002)
cloud: (5112.5,78500000.00000001)
Time to deploy: 453ms
edge: (1741.4847752363085,65416666.66666667)
edge: (645,22500000)
edge: (663,22500000)
edge: (449,12500000)
Time to deploy: 131ms
cloud: (772,10000000)
cloud: (563,5570000.000000001)
cloud: (625,5570000.000000001)
cloud: (2230.0000000000005,60600000)
Time to deploy: 127ms
edge: (1349.9999999999998,42083333.33333333)
-------
cloud: (0,0)
cloud: (1350,22500000.000000004)
cloud: (1780.0000000000002,22500000.000000004)
cloud: (962.0000000000001,12500000.000000002)
cloud: (821.0000000000001,12500000)
cloud: (461,1370000.0000000002)
cloud: (411,1390000)
cloud: (5412.5,78500000.00000001)
Time to deploy: 343ms
edge: (1965.493034789585,78500000.00000001)
edge: (685.0000000000001,22500000)
edge: (647,22500000.000000004)
edge: (515,12500000.000000002)
Time to deploy: 171ms
cloud: (929.0000000000001,12500000)
cloud: (799,5610000)
cloud: (815.0000000000001,5630000.000000001)
cloud: (2730.0000000000005,50500000)
Time to deploy: 284ms
edge: (1660.0000000000002,50500000.00000001)
-------
cloud: (0,0)
cloud: (1410,22500000)
cloud: (1330,22500000)
cloud: (1333,12500000)
cloud: (876,12500000)
cloud: (467,1390000)
cloud: (572.9999999999999,1450000)
cloud: (4150,65416666.666666664)
Time to deploy: 315ms
edge: (1400.7637390004984,62800000)
edge: (735,22500000)
edge: (725,22500000)
edge: (523.0000000000001,12500000)
Time to deploy: 175ms
cloud: (798,10000000.000000002)
cloud: (729,5610000)
cloud: (707,5590000)
cloud: (2225,50500000)
Time to deploy: 177ms
edge: (1120,40400000)
-------
cloud: (0,0)
cloud: (1210,22500000)
cloud: (1121.0000000000002,22500000)
cloud: (939.9999999999999,12500000)
cloud: (924.0000000000001,12500000)
cloud: (431,1450000)
cloud: (433.00000000000006,1370000.0000000002)
cloud: (5333.333333333333,78500000)
Time to deploy: 301ms
edge: (1609.99263324616,78500000.00000001)
edge: (673.0000000000001,22500000)
edge: (838,22500000)
edge: (727.0000000000001,12500000)
Time to deploy: 185ms
cloud: (915,12500000)
cloud: (631,5570000.000000001)
cloud: (769,6740000)
cloud: (3110.0000000000005,50500000)
Time to deploy: 200ms
edge: (1180.0000000000002,50500000)
-------
cloud: (0,0)
cloud: (1610,18750000)
cloud: (1890.0000000000002,28125000)
Time to deploy: 243ms
edge: (665.2148476901352,10000000.000000002)
Time to deploy: 131ms
cloud: (1290.0000000000002,10000000.000000002)
cloud: (571.0000000000001,1430000.0000000002)
cloud: (551,1390000)
cloud: (5520,78500000)
Time to deploy: 161ms
edge: (2421.0813333333335,78500000)
edge: (856,22500000)
edge: (759,22500000)
edge: (565.0000000000001,12500000)
Time to deploy: 127ms
cloud: (903,9375000)
cloud: (821.0000000000001,5610000)
cloud: (801,5570000.000000001)
cloud: (2430,50500000)
Time to deploy: 193ms
edge: (1410,50500000)
-------
cloud: (0,0)
cloud: (1920,22500000)
Time to deploy: 383ms
edge: (815.6184297338906,22500000)
edge: (507,12500000)
Time to deploy: 141ms
cloud: (1227.5,12500000)
cloud: (453,1390000)
cloud: (513,1430000.0000000002)
cloud: (5887.500000000001,62800000)
Time to deploy: 453ms
edge: (2029.9999999999998,78500000.00000001)
edge: (727.0000000000001,22500000)
edge: (725,22500000)
edge: (525,12500000)
Time to deploy: 237ms
cloud: (1225,12500000)
cloud: (833.75,5590000)
cloud: (1105,5630000.000000001)
cloud: (2530.0000000000005,50500000)
Time to deploy: 197ms
edge: (1719.9999999999998,50500000)
-------
cloud: (0,0)
cloud: (1170,22500000.000000004)
cloud: (1137,22500000)
cloud: (859,12500000)
cloud: (945,12500000)
cloud: (371.00000000000006,1390000)
cloud: (415.00000000000006,1410000)
cloud: (4500,78500000)
Time to deploy: 235ms
edge: (1375.0000000000005,78500000.00000001)
edge: (677,22500000)
edge: (685.0000000000001,22500000)
edge: (477,12500000)
Time to deploy: 161ms
cloud: (825,12500000.000000002)
cloud: (773.0000000000001,5610000)
cloud: (751.0000000000001,5610000)
cloud: (2091.6666666666665,50500000)
Time to deploy: 277ms
edge: (1230.0000000000002,50500000)
-------
cloud: (0,0)
cloud: (1630.0000000000002,22500000)
cloud: (1370.0000000000002,22500000)
cloud: (975,14500000)
cloud: (1087,12500000)
cloud: (421.00000000000006,3870000)
cloud: (501,1390000)
cloud: (5600,59237500)
Time to deploy: 251ms
edge: (2031.7450447282429,58875000)
edge: (711,33700000.00000001)
edge: (749,22500000)
edge: (534.9999999999999,14500000)
Time to deploy: 181ms
cloud: (1137.0000000000002,9375000)
cloud: (583.0000000000001,7020000)
cloud: (842.9999999999999,5610000)
cloud: (2833.3333333333335,41510000)
Time to deploy: 174ms
edge: (1350,37875000)
-------
cloud: (0,0)
cloud: (1489.9999999999998,22500000)
cloud: (1490.0000000000002,22500000)
cloud: (928.9999999999999,14500000)
cloud: (819,12500000)
cloud: (461,3890000.0000000005)
cloud: (331.99999999999994,1120000)
cloud: (6100,78862500)
Time to deploy: 341ms
edge: (1666.7716535433071,58875000)
edge: (679,33700000.00000001)
edge: (811.9999999999999,22500000)
edge: (497,14500000)
Time to deploy: 176ms
cloud: (792.0000000000001,12500000)
cloud: (741,7020000)
cloud: (739.0000000000001,5570000.000000001)
cloud: (2008.3333333333333,41510000)
Time to deploy: 157ms
edge: (1250.0000000000002,50500000)
-------
cloud: (0,0)
cloud: (1430.0000000000002,22500000.000000004)
cloud: (1490.0000000000002,22500000)
cloud: (954,15624999.999999998)
cloud: (983.0000000000001,12500000)
cloud: (447,1410000)
cloud: (455.00000000000006,1410000)
cloud: (4330,65416666.666666664)
Time to deploy: 300ms
edge: (1607.0257363988537,78500000.00000001)
edge: (635,22500000)
edge: (590.8333333333334,28125000.000000004)
edge: (509,12500000)
Time to deploy: 138ms
cloud: (786,12500000.000000002)
cloud: (708,5610000)
cloud: (888.75,5570000.000000001)
cloud: (2690,50500000)
Time to deploy: 181ms
edge: (1250.0000000000002,50500000.00000001)
-------
cloud: (0,0)
cloud: (1290,27000000)
cloud: (1290,22500000)
cloud: (1035,12500000)
cloud: (1017,12500000)
cloud: (407,1410000)
cloud: (427.00000000000006,1430000.0000000002)
cloud: (4710,78500000)
Time to deploy: 327ms
edge: (1654.0895970442211,78500000.00000001)
edge: (661.0000000000001,22500000)
edge: (601.0000000000001,22500000)
edge: (477,12500000)
Time to deploy: 118ms
cloud: (707,12500000)
cloud: (755,5590000)
cloud: (669,5590000)
cloud: (2230.0000000000005,50500000)
Time to deploy: 153ms
edge: (1270,50500000)
-------
cloud: (0,0)
cloud: (1393.0000000000002,22500000.000000004)
cloud: (1390,22500000)
cloud: (917.0000000000001,12500000)
cloud: (965.0000000000001,12500000)
cloud: (417,1787499.9999999998)
cloud: (443,1390000)
cloud: (3870,62800000)
Time to deploy: 364ms
edge: (1654.1529054531838,78500000)
edge: (703.0000000000001,22500000)
edge: (659,22500000)
edge: (485.00000000000006,12500000)
Time to deploy: 119ms
cloud: (1064.0000000000002,12500000)
cloud: (601.0000000000001,5590000)
cloud: (735,5610000)
cloud: (2940,60600000)
Time to deploy: 118ms
edge: (1390,50500000)
-------
cloud: (0,0)
cloud: (917.0000000000001,22500000)
cloud: (1345.0000000000002,22500000)
cloud: (1295,12500000)
cloud: (877,12500000)
cloud: (403,1370000.0000000002)
cloud: (425,1390000)
cloud: (3949.9999999999995,62800000)
Time to deploy: 597ms
edge: (1477.5460945357027,78500000.00000001)
edge: (621,22500000)
edge: (649.0000000000001,22500000)
edge: (475.00000000000006,12500000)
Time to deploy: 134ms
cloud: (1181.25,15625000)
cloud: (579,5590000)
cloud: (641,5590000)
cloud: (2390,50500000.00000001)
Time to deploy: 170ms
edge: (1330,50499999.99999999)
-------
cloud: (0,0)
cloud: (1330,22499999.999999996)
cloud: (1250.0000000000002,22500000)
cloud: (758.3333333333333,12500000)
cloud: (809.0000000000001,12500000)
cloud: (397.00000000000006,1430000)
cloud: (427.00000000000006,1390000.0000000002)
cloud: (4937.5,78500000.00000001)
Time to deploy: 418ms
edge: (1677.3821313764329,78500000.00000001)
edge: (562.5,22500000)
edge: (675,22500000)
edge: (501,12500000)
Time to deploy: 121ms
cloud: (739.0000000000001,12500000)
cloud: (464.16666666666663,5610000)
cloud: (541.0000000000001,5590000)
cloud: (2130,50500000)
Time to deploy: 185ms
edge: (980.0000000000001,50500000)
-------
cloud: (0,0)
cloud: (1490.0000000000002,22500000.000000004)
cloud: (1310.0000000000002,22500000)
cloud: (869.0000000000001,12500000)
cloud: (781,12500000)
cloud: (509,1390000)
cloud: (507,1370000.0000000002)
cloud: (4920,94200000)
Time to deploy: 260ms
edge: (1689.4881662497594,78500000)
edge: (691.0000000000001,22500000)
edge: (671,22500000)
edge: (493.00000000000006,12500000)
Time to deploy: 102ms
cloud: (729,12500000.000000002)
cloud: (641,5610000)
cloud: (671,5590000)
cloud: (2330,50500000)
Time to deploy: 219ms
edge: (1310.0000000000002,50500000)
-------
cloud: (0,0)
cloud: (1015,18750000)
cloud: (1170,22500000)
cloud: (683,12500000)
cloud: (981,12500000)
cloud: (387,1450000)
cloud: (649.0000000000001,1410000)
cloud: (4390,78500000.00000001)
Time to deploy: 280ms
edge: (1719.6851773944747,78500000.00000001)
edge: (717,22500000)
edge: (715.0000000000001,22500000)
edge: (451.00000000000006,12500000)
Time to deploy: 146ms
cloud: (1249,15625000)
cloud: (631.0000000000001,5630000.000000001)
cloud: (763,5630000.000000001)
cloud: (3150,50500000)
Time to deploy: 201ms
edge: (1750.0000000000002,40400000)
-------
cloud: (0,0)
cloud: (1490.0000000000002,22500000)
cloud: (1310.0000000000002,22500000)
cloud: (683,12500000)
cloud: (981,12500000)
cloud: (387,1450000)
cloud: (649.0000000000001,1410000)
cloud: (4390,78500000.00000001)
Time to deploy: 280ms
edge: (1689.4881662497594,78500000)
edge: (691.0000000000001,22500000)
edge: (671,22500000)
edge: (493.00000000000006,12500000)
Time to deploy: 102ms
cloud: (729,12500000.000000002)
cloud: (641,5610000)
cloud: (671,5590000)
cloud: (2330,50500000)
Time to deploy: 219ms
edge: (1310.0000000000002,50500000)
