cloud: (0,0)
cloud: (2716,19735466.666666668)
Time to deploy: 103ms
edge: (657,19721600)
edge: (379.3333333333333,11103600)
Time to deploy: 62ms
cloud: (2115,11109600)
Time to deploy: 58ms
edge: (292.5,1234800)
Time to deploy: 47ms
cloud: (1357.3333333333333,1235066.6666666667)
cloud: (6504,69390000)
Time to deploy: 69ms
edge: (1678,69120000)
edge: (788.25,32190025)
edge: (567.25,19728000)
edge: (471.3333333333333,11092800)
Time to deploy: 66ms
cloud: (2040.5,11093400)
Time to deploy: 52ms
edge: (364,4923200)
Time to deploy: 50ms
cloud: (1674,4938400)
cloud: (3450,31229333.333333332)
Time to deploy: 78ms
edge: (1264,44424000)
-------
cloud: (0,0)
cloud: (2746.6666666666665,19724800)
Time to deploy: 91ms
edge: (610,19699200)
edge: (371.3333333333333,11092800)
Time to deploy: 60ms
cloud: (2042,11088000)
Time to deploy: 59ms
edge: (186,1231200)
Time to deploy: 62ms
cloud: (1359.3333333333333,1232133.3333333333)
cloud: (6466,69412500)
Time to deploy: 58ms
edge: (1731.5,69412500)
edge: (567,19744000)
edge: (574,19744000)
edge: (459.25,11089800)
Time to deploy: 52ms
cloud: (2041,11116800)
Time to deploy: 63ms
edge: (261,4929600)
Time to deploy: 63ms
cloud: (1806.5,4933600)
Time to deploy: 83ms
edge: (1148,44359200)
edge: (934,44370000)
-------
cloud: (0,0)
cloud: (2661.6666666666665,19746133.333333332)
Time to deploy: 91ms
edge: (593.5,19699200)
edge: (444.6666666666667,11094000)
Time to deploy: 58ms
cloud: (2170,11113200)
Time to deploy: 63ms
edge: (259.5,1233400)
Time to deploy: 65ms
cloud: (1353,1231600)
cloud: (6355.5,69435000)
Time to deploy: 58ms
edge: (1533.5,69435000)
edge: (576.75,19723200)
edge: (549.6666666666666,19718400)
edge: (506,11098800)
Time to deploy: 69ms
cloud: (1922,11073600)
Time to deploy: 55ms
edge: (466,4928000)
Time to deploy: 49ms
cloud: (1681.5,4937600)
cloud: (3387.6666666666665,31181333.333333332)
Time to deploy: 76ms
edge: (1065,44265600)
-------
cloud: (0,0)
cloud: (2535.5,19744000)
Time to deploy: 93ms
edge: (474,19737600)
edge: (470.3333333333333,11103600)
Time to deploy: 61ms
cloud: (2056.5,11102400)
Time to deploy: 61ms
edge: (324,1234400)
Time to deploy: 53ms
cloud: (1376.5,1232800)
cloud: (6263.5,35323250)
Time to deploy: 72ms
edge: (1624.5,69345000)
edge: (520.25,19718400)
edge: (580.6666666666666,19726933.333333332)
edge: (446.5,11097900)
Time to deploy: 51ms
cloud: (2089,11113200)
Time to deploy: 51ms
edge: (340.5,4934400)
Time to deploy: 50ms
cloud: (1812,4924800)
Time to deploy: 77ms
edge: (1071,44395200)
edge: (1021,44352000)
-------