
> birex_orchestrator@1.0.0 start /usr/src/app
> node orchestrator.js

cloud: (2613,19733333.333333332)
Time to deploy: 72ms
edge: (437.5,19721600)
edge: (403.3333333333333,11094000)
Time to deploy: 52ms
cloud: (2139.5,11098800)
Time to deploy: 62ms
edge: (212,1231600)
Time to deploy: 66ms
cloud: (1300.6666666666667,1234000)
cloud: (6059,69367500)
Time to deploy: 57ms
edge: (1293,69255000)
edge: (413.6666666666667,19701333.333333332)
edge: (449.5,19742400)
edge: (311.3333333333333,11096400)
Time to deploy: 65ms
cloud: (2023.5,11106000)
Time to deploy: 55ms
edge: (281,4940000)
Time to deploy: 52ms
cloud: (1590,4926400)
cloud: (3383.6666666666665,31222933.333333332)
Time to deploy: 84ms
edge: (930,44467200)
Time to deploy: 54ms
-------

> birex_orchestrator@1.0.0 start /usr/src/app
> node orchestrator.js

cloud: (2597,19714133.333333332)
Time to deploy: 96ms
edge: (457.5,19744000)
edge: (364.6666666666667,11102400)
Time to deploy: 61ms
cloud: (2029,11102400)
Time to deploy: 57ms
edge: (288,1233600)
Time to deploy: 53ms
cloud: (1385,1234400)
cloud: (6005,69435000)
Time to deploy: 59ms
edge: (1066,69367500)
edge: (445.6666666666667,19741866.666666668)
edge: (459.5,19728000)
edge: (365,11096400)
Time to deploy: 71ms
cloud: (2062,11088000)
Time to deploy: 63ms
edge: (262.5,4928800)
Time to deploy: 55ms
cloud: (1614.5,4923200)
cloud: (3386.6666666666665,31245866.666666668)
Time to deploy: 73ms
edge: (1196,44424000)
Time to deploy: 51ms
-------

> birex_orchestrator@1.0.0 start /usr/src/app
> node orchestrator.js

cloud: (2636,19731200)
Time to deploy: 104ms
edge: (457.5,19715200)
edge: (327.6666666666667,11092800)
Time to deploy: 75ms
cloud: (2146.5,11111400)
Time to deploy: 62ms
edge: (211,1234200)
Time to deploy: 58ms
cloud: (1240.5,1231200)
cloud: (3734,35278050)
Time to deploy: 54ms
edge: (1363,69277500)
edge: (418.6666666666667,19729066.666666668)
edge: (465.25,19744000)
edge: (337.3333333333333,11094000)
Time to deploy: 50ms
cloud: (2152.5,11097000)
Time to deploy: 51ms
edge: (335,4934400)
Time to deploy: 54ms
cloud: (1575,4931200)
cloud: (3310,31250666.666666668)
Time to deploy: 64ms
edge: (863,44438400)
Time to deploy: 52ms
-------

> birex_orchestrator@1.0.0 start /usr/src/app
> node orchestrator.js

cloud: (2594,19737600)
Time to deploy: 89ms
edge: (427,19705600)
edge: (421.3333333333333,11103600)
Time to deploy: 64ms
cloud: (2057,11097000)
Time to deploy: 61ms
edge: (174.5,1233600)
Time to deploy: 59ms
cloud: (1331.3333333333333,1233733.3333333333)
cloud: (5978,69435000)
Time to deploy: 87ms
edge: (1248,69502500)
edge: (652.25,32143475)
edge: (479.5,19740800)
edge: (335.3333333333333,11106000)
Time to deploy: 50ms
cloud: (2085,11097000)
Time to deploy: 50ms
edge: (267.5,4939200)
Time to deploy: 48ms
cloud: (1661.5,4926400)
cloud: (3345.3333333333335,31272533.333333332)
Time to deploy: 84ms
edge: (872,44409600)
Time to deploy: 53ms
-------

> birex_orchestrator@1.0.0 start /usr/src/app
> node orchestrator.js

cloud: (2640,19731200)
Time to deploy: 86ms
edge: (549.5,19734400)
edge: (387,11120400)
Time to deploy: 59ms
cloud: (2179.5,11107800)
Time to deploy: 79ms
edge: (276,1230400)
Time to deploy: 52ms
cloud: (1311,1233800)
cloud: (3564.5,35355000)
Time to deploy: 84ms
edge: (1251,69435000)
edge: (633.25,32161125)
edge: (445,19732800)
edge: (375.6666666666667,11107200)
Time to deploy: 56ms
cloud: (2083.5,11113200)
Time to deploy: 47ms
edge: (283.5,4926400)
Time to deploy: 49ms
cloud: (1584,4925600)
cloud: (4241,44428800)
Time to deploy: 60ms
edge: (857.5,44409600)
Time to deploy: 57ms
-------

> birex_orchestrator@1.0.0 start /usr/src/app
> node orchestrator.js

cloud: (2617,19735466.666666668)
Time to deploy: 82ms
edge: (423,19740800)
edge: (377.3333333333333,11107200)
Time to deploy: 71ms
cloud: (1979,11062800)
Time to deploy: 57ms
edge: (121,1233200)
Time to deploy: 56ms
cloud: (1335,1234000)
cloud: (3501,35322050)
Time to deploy: 63ms
edge: (1110,69210000)
edge: (621.75,32133825)
edge: (444.6666666666667,19739733.333333332)
edge: (385.6666666666667,11098800)
Time to deploy: 70ms
cloud: (2108,11109600)
Time to deploy: 52ms
edge: (327.5,4923200)
Time to deploy: 73ms
cloud: (1668,4933600)
cloud: (4157,44376000)
Time to deploy: 72ms
edge: (860,44424000)
Time to deploy: 54ms
-------

> birex_orchestrator@1.0.0 start /usr/src/app
> node orchestrator.js

cloud: (2622.6666666666665,19767466.666666668)
Time to deploy: 83ms
edge: (493.5,19718400)
edge: (361,11106000)
Time to deploy: 59ms
cloud: (2071.5,11120400)
Time to deploy: 57ms
edge: (142,1232400)
Time to deploy: 53ms
cloud: (1307,1234000)
cloud: (3608.5,35322250)
Time to deploy: 83ms
edge: (1062,69435000)
edge: (618.5,32161175)
edge: (496,19747200)
edge: (326.3333333333333,11098800)
Time to deploy: 58ms
cloud: (2104,11100600)
Time to deploy: 78ms
edge: (305,4937600)
Time to deploy: 52ms
cloud: (1639.5,4929600)
cloud: (4115.666666666667,44400000)
Time to deploy: 63ms
edge: (798.5,44510400)
Time to deploy: 48ms
-------

> birex_orchestrator@1.0.0 start /usr/src/app
> node orchestrator.js

cloud: (2581.3333333333335,19746133.333333332)
Time to deploy: 85ms
edge: (465,19728000)
edge: (324.3333333333333,11107200)
Time to deploy: 61ms
cloud: (2192.5,11104200)
Time to deploy: 75ms
edge: (290,1234400)
Time to deploy: 55ms
cloud: (1344.3333333333333,1233600)
cloud: (5867,69277500)
Time to deploy: 55ms
edge: (1204,69367500)
edge: (478.6666666666667,19718400)
edge: (475.75,19737600)
edge: (349.6666666666667,11098800)
Time to deploy: 59ms
cloud: (2046,11088000)
Time to deploy: 67ms
edge: (289.5,4940800)
Time to deploy: 57ms
cloud: (1629,4942400)
cloud: (3398,31242666.666666668)
Time to deploy: 72ms
edge: (961,44395200)
Time to deploy: 68ms
-------

> birex_orchestrator@1.0.0 start /usr/src/app
> node orchestrator.js

cloud: (2567,19729066.666666668)
Time to deploy: 85ms
edge: (455.5,19705600)
edge: (395.3333333333333,11097600)
Time to deploy: 67ms
cloud: (2102,11109600)
Time to deploy: 61ms
edge: (182.5,1231000)
Time to deploy: 47ms
cloud: (1307,1233200)
cloud: (3488.5,35344550)
Time to deploy: 62ms
edge: (1297,69277500)
edge: (442.6666666666667,19731200)
edge: (469,19712000)
edge: (336,11109600)
Time to deploy: 53ms
cloud: (2133,11109600)
Time to deploy: 52ms
edge: (273,4929600)
Time to deploy: 50ms
cloud: (1552.5,4938400)
cloud: (3318.3333333333335,31317866.666666668)
Time to deploy: 78ms
edge: (800,44352000)
Time to deploy: 82ms
-------

> birex_orchestrator@1.0.0 start /usr/src/app
> node orchestrator.js

cloud: (2588.3333333333335,19741866.666666668)
Time to deploy: 76ms
edge: (420.5,19737600)
edge: (355.5,11096100)
Time to deploy: 72ms
cloud: (2151,11082600)
Time to deploy: 74ms
edge: (111,1230000)
Time to deploy: 52ms
cloud: (1284,1233200)
cloud: (5801,69333750)
Time to deploy: 65ms
edge: (1157,69390000)
edge: (419.3333333333333,19739733.333333332)
edge: (516.75,19732800)
edge: (385,11113200)
Time to deploy: 50ms
cloud: (2098,11104200)
Time to deploy: 57ms
edge: (211,4924800)
Time to deploy: 48ms
cloud: (1663.5,4932800)
cloud: (3374,31248533.333333332)
Time to deploy: 73ms
edge: (786,44380800)
Time to deploy: 53ms
-------

> birex_orchestrator@1.0.0 start /usr/src/app
> node orchestrator.js

cloud: (2582.3333333333335,19733333.333333332)
Time to deploy: 96ms
edge: (438,19718400)
edge: (348.6666666666667,11109600)
Time to deploy: 74ms
cloud: (2137.5,11107800)
Time to deploy: 76ms
edge: (185,1233200)
Time to deploy: 60ms
cloud: (1288.5,1232000)
cloud: (3584.5,35300750)
Time to deploy: 63ms
edge: (1276,69300000)
edge: (667.5,32115350)
edge: (460.75,19750400)
edge: (359,11110800)
Time to deploy: 52ms
cloud: (2107.5,11088000)
Time to deploy: 48ms
edge: (226,4926400)
Time to deploy: 63ms
cloud: (1696.5,4936000)
cloud: (4162,44467200)
Time to deploy: 70ms
edge: (849,44445600)
Time to deploy: 46ms
-------

> birex_orchestrator@1.0.0 start /usr/src/app
> node orchestrator.js

cloud: (2595.3333333333335,19722666.666666668)
Time to deploy: 86ms
edge: (472,19731200)
edge: (317.6666666666667,11101200)
Time to deploy: 53ms
cloud: (2150,11082600)
Time to deploy: 67ms
edge: (300,1231600)
Time to deploy: 53ms
cloud: (1327,1234600)
cloud: (6009,69412500)
Time to deploy: 53ms
edge: (1188,69435000)
edge: (489.3333333333333,19750400)
edge: (480.5,19745600)
edge: (384.3333333333333,11107200)
Time to deploy: 68ms
cloud: (2035.5,11098800)
Time to deploy: 65ms
edge: (286.5,4936800)
Time to deploy: 59ms
cloud: (1545,4935200)
cloud: (3472.3333333333335,31226666.666666668)
Time to deploy: 84ms
edge: (841,44409600)
Time to deploy: 69ms
-------

> birex_orchestrator@1.0.0 start /usr/src/app
> node orchestrator.js

cloud: (2674.3333333333335,19707733.333333332)
Time to deploy: 79ms
edge: (445.5,19740800)
edge: (359.5,11098800)
Time to deploy: 56ms
cloud: (2348,11109600)
Time to deploy: 58ms
edge: (200.5,1232800)
Time to deploy: 67ms
cloud: (1377,1233200)
cloud: (5885.5,69333750)
Time to deploy: 58ms
edge: (1237.5,69356250)
edge: (457.5,19723200)
edge: (479.3333333333333,19724800)
edge: (443.3333333333333,11112000)
Time to deploy: 62ms
cloud: (2077,11131200)
Time to deploy: 53ms
edge: (213,4932800)
Time to deploy: 55ms
cloud: (1588.6666666666667,4931200)
cloud: (4201.5,44395200)
Time to deploy: 48ms
edge: (932,44409600)
Time to deploy: 66ms
-------

> birex_orchestrator@1.0.0 start /usr/src/app
> node orchestrator.js

cloud: (2617.6666666666665,19705600)
Time to deploy: 87ms
edge: (484,19750400)
edge: (359,11079600)
Time to deploy: 87ms
cloud: (2246,11095200)
Time to deploy: 60ms
edge: (211.5,1235200)
Time to deploy: 54ms
cloud: (1340.5,1233000)
cloud: (3571,35346950)
Time to deploy: 80ms
edge: (1147,69322500)
edge: (412,19714133.333333332)
edge: (478.75,19716800)
edge: (352.6666666666667,11108400)
Time to deploy: 64ms
cloud: (2097.5,11104200)
Time to deploy: 59ms
edge: (261.5,4932000)
Time to deploy: 50ms
cloud: (1675.5,4939200)
cloud: (3339,31283200)
Time to deploy: 70ms
edge: (868.5,44380800)
Time to deploy: 49ms
-------

> birex_orchestrator@1.0.0 start /usr/src/app
> node orchestrator.js

cloud: (2597,19737600)
Time to deploy: 83ms
edge: (472,19737600)
edge: (403.3333333333333,11107200)
Time to deploy: 53ms
cloud: (2055,11127600)
Time to deploy: 56ms
edge: (207.5,1232800)
Time to deploy: 51ms
cloud: (1286,1235200)
cloud: (3633,35301550)
Time to deploy: 54ms
edge: (1190,69525000)
edge: (642,32129025)
edge: (468.6666666666667,19776000)
edge: (332.3333333333333,11109600)
Time to deploy: 60ms
cloud: (2054.5,11104200)
Time to deploy: 61ms
edge: (259.5,4936800)
Time to deploy: 64ms
cloud: (1678.5,4941600)
cloud: (4195,44356800)
Time to deploy: 93ms
edge: (817.5,44452800)
Time to deploy: 56ms
-------

> birex_orchestrator@1.0.0 start /usr/src/app
> node orchestrator.js

cloud: (2648,19726933.333333332)
Time to deploy: 83ms
edge: (452.5,19705600)
edge: (326.6666666666667,11088000)
Time to deploy: 65ms
cloud: (2116,11120400)
Time to deploy: 61ms
edge: (121,1232400)
Time to deploy: 63ms
cloud: (1410,1234800)
cloud: (3587,35288500)
Time to deploy: 64ms
edge: (1144,69255000)
edge: (654.5,32107450)
edge: (499.5,19729600)
edge: (330,11101200)
Time to deploy: 93ms
cloud: (2062.5,11097000)
Time to deploy: 49ms
edge: (289,4932800)
Time to deploy: 57ms
cloud: (1627.5,4932800)
cloud: (4247,44496000)
Time to deploy: 68ms
edge: (886,44373600)
Time to deploy: 44ms
-------

> birex_orchestrator@1.0.0 start /usr/src/app
> node orchestrator.js

cloud: (2669.3333333333335,19733333.333333332)
Time to deploy: 88ms
edge: (528,19744000)
edge: (368.6666666666667,11089200)
Time to deploy: 55ms
cloud: (1911,11070000)
Time to deploy: 58ms
edge: (200,1234400)
Time to deploy: 50ms
cloud: (1397,1234800)
cloud: (3586,35266600)
Time to deploy: 68ms
edge: (1049,69300000)
edge: (623.25,32135425)
edge: (482.5,19713600)
edge: (332.6666666666667,11109600)
Time to deploy: 68ms
cloud: (2099,11095200)
Time to deploy: 73ms
edge: (283.5,4936000)
Time to deploy: 48ms
cloud: (1586.5,4930400)
cloud: (4190.666666666667,44356800)
Time to deploy: 71ms
edge: (966,44424000)
Time to deploy: 51ms
-------

> birex_orchestrator@1.0.0 start /usr/src/app
> node orchestrator.js

cloud: (2706,19722666.666666668)
Time to deploy: 92ms
edge: (455,19756800)
edge: (397,11100000)
Time to deploy: 57ms
cloud: (2172,11106000)
Time to deploy: 59ms
edge: (149,1235000)
Time to deploy: 51ms
cloud: (1306.5,1234400)
cloud: (5639,69322500)
Time to deploy: 72ms
edge: (0,0)
Time to deploy: 71ms
cloud: (2603.5,19760000)
Time to deploy: 51ms
edge: (466,19737600)
edge: (353.3333333333333,11090400)
Time to deploy: 80ms
cloud: (2139,11104200)
Time to deploy: 57ms
edge: (290,4940000)
Time to deploy: 48ms
cloud: (1614,4944000)
cloud: (3413.3333333333335,31276266.666666668)
Time to deploy: 90ms
edge: (844,44488800)
Time to deploy: 52ms
-------

> birex_orchestrator@1.0.0 start /usr/src/app
> node orchestrator.js

cloud: (2642.6666666666665,19720533.333333332)
Time to deploy: 79ms
edge: (494.5,19750400)
edge: (400.6666666666667,11095200)
Time to deploy: 67ms
cloud: (2088,11070000)
Time to deploy: 63ms
edge: (278,1233600)
Time to deploy: 51ms
cloud: (1335,1234200)
cloud: (5927.5,69367500)
Time to deploy: 68ms
edge: (1302,69457500)
edge: (467.75,19744000)
edge: (476.3333333333333,19752533.333333332)
edge: (354.6666666666667,11096400)
Time to deploy: 92ms
cloud: (1965,11106000)
Time to deploy: 59ms
edge: (234,4923200)
Time to deploy: 49ms
cloud: (1606.5,4929600)
cloud: (4259,44344800)
Time to deploy: 70ms
edge: (728,44337600)
Time to deploy: 49ms
-------

> birex_orchestrator@1.0.0 start /usr/src/app
> node orchestrator.js

cloud: (2592.6666666666665,19748266.666666668)
Time to deploy: 78ms
edge: (458,19724800)
edge: (338,11106000)
Time to deploy: 61ms
cloud: (2120.5,11102400)
Time to deploy: 63ms
edge: (207,1234600)
Time to deploy: 51ms
cloud: (1378,1234200)
cloud: (3560,35221600)
Time to deploy: 65ms
edge: (1174,69547500)
edge: (717.25,32097700)
edge: (470.25,19723200)
edge: (326.3333333333333,11090400)
Time to deploy: 54ms
cloud: (1995,11104200)
Time to deploy: 50ms
edge: (234,4941600)
Time to deploy: 61ms
cloud: (1638,4937600)
cloud: (3326,31191466.666666668)
Time to deploy: 67ms
edge: (745.5,44452800)
Time to deploy: 46ms
-------

> birex_orchestrator@1.0.0 start /usr/src/app
> node orchestrator.js

cloud: (2642.6666666666665,19731200)
Time to deploy: 71ms
edge: (478,19712000)
edge: (294.75,11098800)
Time to deploy: 66ms
cloud: (2168,11102400)
Time to deploy: 64ms
edge: (121,1231600)
Time to deploy: 47ms
cloud: (1309.6666666666667,1232800)
cloud: (6223,69300000)
Time to deploy: 54ms
edge: (1284,69322500)
edge: (456,19748266.666666668)
edge: (472,19742400)
edge: (318.3333333333333,11095200)
Time to deploy: 50ms
cloud: (2058.5,11116800)
Time to deploy: 69ms
edge: (284.5,4936000)
Time to deploy: 54ms
cloud: (1632,4931200)
cloud: (3317.3333333333335,31252800)
Time to deploy: 71ms
edge: (803.5,44330400)
Time to deploy: 56ms
-------

> birex_orchestrator@1.0.0 start /usr/src/app
> node orchestrator.js

cloud: (2640.6666666666665,19726933.333333332)
Time to deploy: 87ms
edge: (545.5,19734400)
edge: (393.6666666666667,11102400)
Time to deploy: 62ms
cloud: (2164,11113200)
Time to deploy: 69ms
edge: (222.5,1234800)
Time to deploy: 51ms
cloud: (1279.5,1233400)
cloud: (6003,69300000)
Time to deploy: 59ms
edge: (1209,69457500)
edge: (394,19739733.333333332)
edge: (455.25,19750400)
edge: (372,11104800)
Time to deploy: 58ms
cloud: (2194,11104200)
Time to deploy: 55ms
edge: (311.5,4931200)
Time to deploy: 84ms
cloud: (1742,4929600)
cloud: (3350.6666666666665,31219200)
Time to deploy: 75ms
edge: (980,44380800)
Time to deploy: 50ms
-------

> birex_orchestrator@1.0.0 start /usr/src/app
> node orchestrator.js

cloud: (2583.3333333333335,19729066.666666668)
Time to deploy: 77ms
edge: (428,19756800)
edge: (340,11102400)
Time to deploy: 73ms
cloud: (1971,11134800)
Time to deploy: 56ms
edge: (184.5,1231200)
Time to deploy: 50ms
cloud: (1298.6666666666667,1233466.6666666667)
cloud: (5913,69345000)
Time to deploy: 168ms
edge: (1289,69210000)
edge: (501,19737600)
edge: (488.25,19723200)
edge: (350.3333333333333,11115600)
Time to deploy: 53ms
cloud: (2001.5,11102400)
Time to deploy: 58ms
edge: (336,4932800)
Time to deploy: 50ms
cloud: (1724,4932800)
cloud: (3289.6666666666665,31216533.333333332)
Time to deploy: 75ms
edge: (839,44308800)
Time to deploy: 50ms
-------

> birex_orchestrator@1.0.0 start /usr/src/app
> node orchestrator.js

cloud: (2589.6666666666665,19722666.666666668)
Time to deploy: 81ms
edge: (442,19724800)
edge: (336.3333333333333,11090400)
Time to deploy: 87ms
cloud: (2207,11111400)
Time to deploy: 70ms
edge: (184,1233200)
Time to deploy: 104ms
cloud: (1253,1234400)
cloud: (3617.5,35290100)
Time to deploy: 69ms
edge: (1208,69547500)
edge: (657.25,32141875)
edge: (479.3333333333333,19720533.333333332)
edge: (413.25,13245100)
Time to deploy: 52ms
cloud: (2169,11098800)
Time to deploy: 54ms
edge: (305,4936000)
Time to deploy: 51ms
cloud: (1656,4929600)
cloud: (4214.5,44344800)
Time to deploy: 73ms
edge: (791.5,44445600)
Time to deploy: 54ms
-------

> birex_orchestrator@1.0.0 start /usr/src/app
> node orchestrator.js

cloud: (2622,19726933.333333332)
Time to deploy: 93ms
edge: (505,19718400)
edge: (349.3333333333333,11092800)
Time to deploy: 60ms
cloud: (2109,11109600)
Time to deploy: 58ms
edge: (147,1234200)
Time to deploy: 64ms
cloud: (1332,1234200)
cloud: (6110,69480000)
Time to deploy: 65ms
edge: (1509,69435000)
edge: (420,19750400)
edge: (507.75,19755200)
edge: (349,11092800)
Time to deploy: 56ms
cloud: (2146,11095200)
Time to deploy: 59ms
edge: (290,4934400)
Time to deploy: 56ms
cloud: (1577,4937600)
cloud: (3378.6666666666665,31265600)
Time to deploy: 75ms
edge: (783,44337600)
Time to deploy: 53ms
-------

> birex_orchestrator@1.0.0 start /usr/src/app
> node orchestrator.js

cloud: (2574,19744000)
Time to deploy: 89ms
edge: (557,19744000)
edge: (376.3333333333333,11101200)
Time to deploy: 73ms
cloud: (2195,11095200)
Time to deploy: 91ms
edge: (279,1232400)
Time to deploy: 79ms
cloud: (1238.5,1233400)
cloud: (6076,69457500)
Time to deploy: 60ms
edge: (1238,69367500)
edge: (701.25,32160350)
edge: (450.25,19736000)
edge: (342.6666666666667,11095200)
Time to deploy: 59ms
cloud: (2050,11116800)
Time to deploy: 50ms
edge: (309,4936800)
Time to deploy: 50ms
cloud: (1661.5,4936000)
cloud: (3404.6666666666665,31270933.333333332)
Time to deploy: 63ms
edge: (864.5,44402400)
Time to deploy: 54ms
-------

> birex_orchestrator@1.0.0 start /usr/src/app
> node orchestrator.js

cloud: (2625.3333333333335,19746133.333333332)
Time to deploy: 84ms
edge: (491.5,19731200)
edge: (379.3333333333333,11097600)
Time to deploy: 75ms
cloud: (2112.5,11082600)
Time to deploy: 76ms
edge: (246,1233600)
Time to deploy: 53ms
cloud: (1280.5,1233400)
cloud: (5961,69367500)
Time to deploy: 86ms
edge: (1328,69480000)
edge: (472.3333333333333,19765333.333333332)
edge: (582,19732800)
edge: (381,11107200)
Time to deploy: 57ms
cloud: (2131.5,11095200)
Time to deploy: 57ms
edge: (396,4936800)
Time to deploy: 54ms
cloud: (1662,4924000)
cloud: (3385.3333333333335,31268266.666666668)
Time to deploy: 90ms
edge: (738,44323200)
Time to deploy: 57ms
-------

> birex_orchestrator@1.0.0 start /usr/src/app
> node orchestrator.js

cloud: (1286,1233333.3333333333)
cloud: (1276.75,1233600)
cloud: (1336.6666666666667,1232400)
cloud: (1278.3333333333333,1234933.3333333333)
cloud: (1313.75,1233700)
cloud: (1325.3333333333333,1235733.3333333333)
cloud: (1361.3333333333333,1234266.6666666667)
cloud: (1372.5,1232400)
cloud: (1304.3333333333333,1232800)
cloud: (1341.6666666666667,1233066.6666666667)
cloud: (1543,4005100)
cloud: (1656,4930666.666666667)
cloud: (1632,4930133.333333333)
cloud: (1609.5,4927600)
cloud: (1648,4933866.666666667)
cloud: (1661.3333333333333,4934933.333333333)
cloud: (1582.75,4930000)
cloud: (1646.3333333333333,4936533.333333333)
cloud: (1665.6666666666667,4934400)
cloud: (1605.25,4936400)
cloud: (2095,11102400)
cloud: (2125.6666666666665,11113200)

> birex_orchestrator@1.0.0 start /usr/src/app
> node orchestrator.js

edge: (1281.3333333333333,1234533.3333333333)
edge: (1301.5,1232500)
edge: (1355.6666666666667,1235066.6666666667)
edge: (1257.3333333333333,1232533.3333333333)
edge: (1333.25,1234500)
edge: (1297,1234400)
edge: (1338,1234133.3333333333)
edge: (1317.25,1233300)
edge: (1280,1233066.6666666667)
edge: (1278,1232000)
edge: (1610.75,4007800)
edge: (1665,4931200)
edge: (1595.3333333333333,4931733.333333333)
edge: (1614.5,4927200)
edge: (1660.3333333333333,4939733.333333333)
edge: (1605.6666666666667,4929066.666666667)
edge: (1624,4935600)
edge: (1637,4930666.666666667)
edge: (1636.3333333333333,4930666.666666667)
edge: (1729.25,4934800)
edge: (2367.6666666666665,11113200)
edge: (2386.3333333333335,11097600)

> birex_orchestrator@1.0.0 start /usr/src/app
> node orchestrator.js

edge: (1276,1234266.6666666667)
edge: (1310.25,1233200)
edge: (1363.3333333333333,1233466.6666666667)
edge: (1345,1233066.6666666667)
edge: (1366,1232300)
edge: (1324.3333333333333,1232533.3333333333)
edge: (1316,1232400)
edge: (1300.5,1233300)
edge: (1302.3333333333333,1232266.6666666667)
edge: (1284.6666666666667,1234266.6666666667)
edge: (1566.3333333333333,3700266.6666666665)
edge: (1609.5,4933200)
edge: (1600.3333333333333,4925333.333333333)
edge: (1670.3333333333333,4930133.333333333)
edge: (1591.5,4938800)
edge: (1630.3333333333333,4934933.333333333)
edge: (1624.3333333333333,4938666.666666667)
edge: (1654.25,4934400)
edge: (1610.3333333333333,4941866.666666667)
edge: (1649.3333333333333,4933866.666666667)
edge: (1925.75,9560600)
edge: (2016.3333333333333,11080800)

> birex_orchestrator@1.0.0 start /usr/src/app
> node orchestrator.js

edge: (1257.6666666666667,1233600)
edge: (1263,1234266.6666666667)
edge: (1260.3333333333333,1232000)
edge: (1333,1232533.3333333333)
edge: (1323.25,1234400)
edge: (1315,1232533.3333333333)
edge: (1343.6666666666667,1235200)
edge: (1303,1234400)
edge: (1285,1233466.6666666667)
edge: (1350,1232000)
edge: (1506.3333333333333,3700000)
edge: (1641.25,4936000)
edge: (1625,4934933.333333333)
edge: (1670.6666666666667,4935466.666666667)
edge: (1631.5,4940800)
edge: (1636,4931200)
edge: (1635.75,4938800)
edge: (1574,4931733.333333333)
edge: (1621.6666666666667,4935466.666666667)
edge: (1644.25,4937600)
edge: (2056.6666666666665,11101200)
edge: (2057.3333333333335,11104800)

> birex_orchestrator@1.0.0 start /usr/src/app
> node orchestrator.js

edge: (1294,1233200)
edge: (1314,1233600)
edge: (1339.3333333333333,1233600)
edge: (1314.6666666666667,1234000)
edge: (1348.5,1234100)
edge: (1300.6666666666667,1233866.6666666667)
edge: (1315,1232666.6666666667)
edge: (1300.75,1234800)
edge: (1259,1234533.3333333333)
edge: (1304.3333333333333,1233066.6666666667)
edge: (1601,3703466.6666666665)
edge: (1621.75,4930800)
edge: (1616.6666666666667,4924800)
edge: (1611.6666666666667,4934400)
edge: (1637.75,4932000)
edge: (1596.3333333333333,4930666.666666667)
edge: (1614.6666666666667,4937066.666666667)
edge: (1648.5,4934400)
edge: (1651,4936000)
edge: (1625.25,4927600)
edge: (1965.6666666666667,11108400)
edge: (2025,11116800)

> birex_orchestrator@1.0.0 start /usr/src/app
> node orchestrator.js

edge: (1321,1233333.3333333333)
edge: (1275.6666666666667,1233466.6666666667)
edge: (1307.75,1233800)
edge: (1324,1233333.3333333333)
edge: (1369.6666666666667,1234133.3333333333)
edge: (1330.5,1233600)
edge: (1298.6666666666667,1233866.6666666667)
edge: (1336,1233866.6666666667)
edge: (1298,1233000)
edge: (1295.6666666666667,1234933.3333333333)
edge: (1679.3333333333333,4936000)
edge: (1645.75,4928800)
edge: (1629.6666666666667,4935466.666666667)
edge: (1660.6666666666667,4931733.333333333)
edge: (1603.5,4932400)
edge: (1687.6666666666667,4933333.333333333)
edge: (1609,4933866.666666667)
edge: (1657.75,4936400)
edge: (1626,4938666.666666667)
edge: (1624.3333333333333,4939200)
edge: (2003,9564900)
edge: (2038,11103600)

> birex_orchestrator@1.0.0 start /usr/src/app
> node orchestrator.js

edge: (1371.3333333333333,1234800)
edge: (1327.3333333333333,1232533.3333333333)
edge: (1328.25,1233200)
edge: (1300,1232266.6666666667)
edge: (1368.6666666666667,1236400)
edge: (1286.75,1233800)
edge: (1328,1234800)
edge: (1357,1233333.3333333333)
edge: (1335.5,1232800)
edge: (1286,1232666.6666666667)
edge: (1620.3333333333333,4930133.333333333)
edge: (1642,4929600)
edge: (1700,4937600)
edge: (1690,4932800)
edge: (1660.75,4936000)
edge: (1642.6666666666667,4938133.333333333)
edge: (1620,4936000)
edge: (1636.75,4937200)
edge: (1637.3333333333333,4932266.666666667)
edge: (1660.3333333333333,4931200)
edge: (1960.25,9564400)
edge: (2112.3333333333335,11089200)

> birex_orchestrator@1.0.0 start /usr/src/app
> node orchestrator.js

edge: (1034.6666666666667,832849)
edge: (1344,1233700)
edge: (1357.6666666666667,1233066.6666666667)
edge: (1340,1234266.6666666667)
edge: (1313,1232800)
edge: (1273.3333333333333,1233066.6666666667)
edge: (1342.25,1233500)
edge: (1307.3333333333333,1232933.3333333333)
edge: (1322.3333333333333,1232133.3333333333)
edge: (1348.75,1233300)
edge: (1649.6666666666667,4935466.666666667)
edge: (1698.3333333333333,4934400)
edge: (1613,4932800)
edge: (1620.5,4932800)
edge: (1643,4933866.666666667)
edge: (1599.25,4931600)
edge: (1619.6666666666667,4935466.666666667)
edge: (1606,4934933.333333333)
edge: (1608,4937200)
edge: (1661.3333333333333,4929600)
edge: (2096.3333333333335,11103600)
edge: (2125,11101200)

> birex_orchestrator@1.0.0 start /usr/src/app
> node orchestrator.js

edge: (1248.3333333333333,1233466.6666666667)
edge: (1236,1233066.6666666667)
edge: (1329,1235300)
edge: (1351.6666666666667,1234533.3333333333)
edge: (1380.6666666666667,1234666.6666666667)
edge: (1318,1231600)
edge: (1337,1233333.3333333333)
edge: (1258,1232533.3333333333)
edge: (1315.75,1233500)
edge: (1374.6666666666667,1232800)
edge: (1589.3333333333333,3703600)
edge: (1622.5,4935600)
edge: (1699,4929600)
edge: (1646.6666666666667,4934933.333333333)
edge: (1610.25,4937200)
edge: (1593.6666666666667,4930666.666666667)
edge: (1648,4928000)
edge: (1639.25,4938000)
edge: (1661,4933333.333333333)
edge: (1640.6666666666667,4932800)
edge: (1982.25,9552200)
edge: (2059,11100000)

> birex_orchestrator@1.0.0 start /usr/src/app
> node orchestrator.js

edge: (1283.3333333333333,1234000)
edge: (1265,1233466.6666666667)
edge: (1341.5,1233900)
edge: (1321.3333333333333,1234000)
edge: (1313.3333333333333,1232533.3333333333)
edge: (1327.25,1232400)
edge: (1332.3333333333333,1232800)
edge: (1331.6666666666667,1233600)
edge: (1333.75,1234700)
edge: (1301.6666666666667,1232933.3333333333)
edge: (1548,3698800)
edge: (1622.5,4934800)
edge: (1632,4938666.666666667)
edge: (1634.6666666666667,4934933.333333333)
edge: (1689.25,4934400)
edge: (1609.3333333333333,4929066.666666667)
edge: (1617.3333333333333,4939733.333333333)
edge: (1599.25,4930800)
edge: (1653.3333333333333,4935466.666666667)
edge: (1645,4930666.666666667)
edge: (1927.75,9550400)
edge: (2095.6666666666665,11073600)

> birex_orchestrator@1.0.0 start /usr/src/app
> node orchestrator.js

edge: (1272.3333333333333,1232933.3333333333)
edge: (1279,1232533.3333333333)
edge: (1306.5,1234300)
edge: (1346.6666666666667,1232933.3333333333)
edge: (1363.25,1233300)
edge: (1294.3333333333333,1233733.3333333333)
edge: (1298.3333333333333,1232533.3333333333)
edge: (1308,1234933.3333333333)
edge: (1336.25,1233700)
edge: (1311.6666666666667,1235466.6666666667)
edge: (1651.6666666666667,4937066.666666667)
edge: (1738,4935600)
edge: (1619.3333333333333,4936533.333333333)
edge: (1666.3333333333333,4935466.666666667)
edge: (1695.75,4930400)
edge: (1622,4931733.333333333)
edge: (1612.3333333333333,4933866.666666667)
edge: (1609.5,4932400)
edge: (1620,4935466.666666667)
edge: (1766.6666666666667,4934400)
edge: (1963.5,9560200)
edge: (2119,11106000)

> birex_orchestrator@1.0.0 start /usr/src/app
> node orchestrator.js

edge: (1343.6666666666667,1232800)
edge: (1295.3333333333333,1233600)
edge: (1266,1233400)
edge: (1362,1232800)
edge: (1343,1233600)
edge: (1292.5,1233500)
edge: (1331,1232000)
edge: (1368.6666666666667,1234000)
edge: (1306.75,1232500)
edge: (1336.3333333333333,1232400)
edge: (1675.6666666666667,4934400)
edge: (1620.25,4932000)
edge: (1629.3333333333333,4944000)
edge: (1624.6666666666667,4922133.333333333)
edge: (1640.5,4930000)
edge: (1625.3333333333333,4932266.666666667)
edge: (1645.6666666666667,4930133.333333333)
edge: (1619,4934800)
edge: (1681.6666666666667,4929066.666666667)
edge: (1631.6666666666667,4937066.666666667)
edge: (1948,9555600)
edge: (2110,11103600)

> birex_orchestrator@1.0.0 start /usr/src/app
> node orchestrator.js

edge: (1318.6666666666667,1232266.6666666667)
edge: (1369.3333333333333,1233866.6666666667)
edge: (1360.75,1233500)
edge: (1320.3333333333333,1231733.3333333333)
edge: (1360,1233600)
edge: (1320.25,1232600)
edge: (1305,1233733.3333333333)
edge: (1323.6666666666667,1233733.3333333333)
edge: (1331,1233400)
edge: (1273,1233866.6666666667)
edge: (1649.3333333333333,4928000)
edge: (1643.25,4933600)
edge: (1664,4937066.666666667)
edge: (1680.3333333333333,4934933.333333333)
edge: (1710.25,4934800)
edge: (1715.3333333333333,4934933.333333333)
edge: (1687.6666666666667,4932266.666666667)
edge: (1706.75,4936000)
edge: (1623.6666666666667,4933333.333333333)
edge: (1630,4931733.333333333)
edge: (1940.5,9559100)
edge: (2110.6666666666665,11089200)

> birex_orchestrator@1.0.0 start /usr/src/app
> node orchestrator.js

edge: (1278,1232533.3333333333)
edge: (1277.3333333333333,1233866.6666666667)
edge: (1317.25,1233000)
edge: (1309,1231333.3333333333)
edge: (1346.75,1232200)
edge: (1360.3333333333333,1234133.3333333333)
edge: (1343,1233200)
edge: (1320.6666666666667,1233866.6666666667)
edge: (1320.75,1233800)
edge: (1298.6666666666667,1232533.3333333333)
edge: (1664.3333333333333,4932266.666666667)
edge: (1709.75,4934800)
edge: (1642.3333333333333,4926933.333333333)
edge: (1647,4936533.333333333)
edge: (1653.5,4931200)
edge: (1637.3333333333333,4933866.666666667)
edge: (1616,4925333.333333333)
edge: (1653,4930800)
edge: (1630.3333333333333,4933333.333333333)
edge: (1619.3333333333333,4939200)
edge: (2026.75,9552700)
edge: (2061.6666666666665,11088000)

> birex_orchestrator@1.0.0 start /usr/src/app
> node orchestrator.js

edge: (1253,1232133.3333333333)
edge: (1298.3333333333333,1233866.6666666667)
edge: (1343,1233300)
edge: (1354,1234266.6666666667)
edge: (1361,1234133.3333333333)
edge: (1335.75,1231500)
edge: (1364,1233333.3333333333)
edge: (1324,1233733.3333333333)
edge: (1365.25,1234300)
edge: (1328,1232266.6666666667)
edge: (1665,4936000)
edge: (1657.25,4932400)
edge: (1654.3333333333333,4937066.666666667)
edge: (1652.3333333333333,4935466.666666667)
edge: (1681.25,4932000)
edge: (1652,4938666.666666667)
edge: (1650.6666666666667,4931200)
edge: (1661.75,4931200)
edge: (1641.3333333333333,4931200)
edge: (1612.6666666666667,4938133.333333333)
edge: (2058,9562500)
edge: (2059.6666666666665,11097600)

> birex_orchestrator@1.0.0 start /usr/src/app
> node orchestrator.js

edge: (1294.6666666666667,1234400)
edge: (1270.6666666666667,1232400)
edge: (1350.5,1234700)
edge: (1353.6666666666667,1232800)
edge: (1412.6666666666667,1234533.3333333333)
edge: (1354.75,1233000)
edge: (1333,1231200)
edge: (1336,1234400)
edge: (1344,1233400)
edge: (1378.6666666666667,1233066.6666666667)
edge: (1709,4931200)
edge: (1655,4930800)
edge: (1666.3333333333333,4933333.333333333)
edge: (1649,4934400)
edge: (1660,4933200)
edge: (1649,4937066.666666667)
edge: (2257.6666666666665,4923200)
edge: (2082.75,4930000)
edge: (2045.6666666666667,4931733.333333333)
edge: (2079.3333333333335,4941333.333333333)
edge: (2954,9048266.666666666)
edge: (3101.5,11106000)

> birex_orchestrator@1.0.0 start /usr/src/app
> node orchestrator.js

edge: (1416.6666666666667,1233733.3333333333)
edge: (1298.6666666666667,1232933.3333333333)
edge: (1333.25,1232500)
edge: (1411.6666666666667,1233333.3333333333)
edge: (1295.3333333333333,1233333.3333333333)
edge: (1335.75,1234500)
edge: (1340.3333333333333,1233466.6666666667)
edge: (1330.6666666666667,1233733.3333333333)
edge: (1314.5,1232500)
edge: (1356.3333333333333,1234000)
edge: (1528.3333333333333,3699600)
edge: (1694.5,4930400)
edge: (1693,4936533.333333333)
edge: (1649.3333333333333,4932266.666666667)
edge: (1645.5,4932000)
edge: (1617.6666666666667,4936533.333333333)
edge: (1639,4931733.333333333)
edge: (1661.75,4932400)
edge: (1658.3333333333333,4932266.666666667)
edge: (1657.6666666666667,4934400)
edge: (1980,9550000)
edge: (2103.3333333333335,11091600)

> birex_orchestrator@1.0.0 start /usr/src/app
> node orchestrator.js

edge: (1308,1232666.6666666667)
edge: (1294.6666666666667,1232666.6666666667)
edge: (1305.5,1234800)
edge: (1409.6666666666667,1233866.6666666667)
edge: (1337.6666666666667,1233733.3333333333)
edge: (1329.75,1233300)
edge: (1356.6666666666667,1233200)
edge: (1377.3333333333333,1234533.3333333333)
edge: (1346.5,1233800)
edge: (1359.6666666666667,1232666.6666666667)
edge: (1562.6666666666667,3700933.3333333335)
edge: (1635.5,4937200)
edge: (1680.6666666666667,4934933.333333333)
edge: (1676.6666666666667,4932266.666666667)
edge: (1669.5,4929200)
edge: (1643.6666666666667,4937066.666666667)
edge: (1625.3333333333333,4929066.666666667)
edge: (1658.25,4931200)
edge: (1682.6666666666667,4934400)
edge: (1733,4930666.666666667)
edge: (2046.25,9570000)
edge: (2092.3333333333335,11102400)
