cloud: (1019.6666666666666,832043)
cloud: (1307.5,1232800)
cloud: (1233,1233333.3333333333)
cloud: (1303.6666666666667,1232533.3333333333)
cloud: (1378.25,1232400)
cloud: (1288,1233866.6666666667)
cloud: (1302.6666666666667,1234800)
cloud: (1268.25,1232400)
cloud: (1335.3333333333333,1234133.3333333333)
cloud: (1278.6666666666667,1234266.6666666667)
cloud: (1588,4012800)
cloud: (1602,4938133.333333333)
cloud: (1605.6666666666667,4933333.333333333)
cloud: (1612,4933600)
cloud: (1633.6666666666667,4932266.666666667)
cloud: (1613.3333333333333,4936533.333333333)
cloud: (1797.75,4937200)
cloud: (1644,4933866.666666667)
cloud: (1597.6666666666667,4938133.333333333)
cloud: (1612.5,4934400)
cloud: (2032,11108400)
cloud: (2103.3333333333335,11092800)
cloud: (2094.75,11107800)
cloud: (1976,11092800)
cloud: (1935.3333333333333,11102400)
cloud: (2036.5,11098800)
cloud: (1991.6666666666667,11101200)
cloud: (2094,11100000)
cloud: (2076.25,11102400)
cloud: (2026,11091600)
cloud: (2399,16870400)
cloud: (2543.6666666666665,19741866.666666668)
cloud: (2587.5,19742400)
cloud: (2565.6666666666665,19720533.333333332)
cloud: (2629,19733333.333333332)
cloud: (2638.25,19721600)
cloud: (2545.3333333333335,19741866.666666668)
cloud: (2569.5,19744000)
cloud: (2594,19761066.666666668)
cloud: (2487.6666666666665,19712000)
cloud: (3078.3333333333335,27157733.333333332)
cloud: (3246.25,30855000)
cloud: (3263.6666666666665,30823333.333333332)
cloud: (3269,30843333.333333332)
cloud: (3256.25,30850000)
cloud: (3226.3333333333335,30813333.333333332)
cloud: (3266,30875000)
cloud: (4939.25,30807500)
cloud: (3755.75,30850000)
cloud: (3631.3333333333335,30836666.666666668)
cloud: (3968.6666666666665,39877200)
cloud: (4199.75,44402400)
cloud: (4563,44380800)
cloud: (4084,44424000)
cloud: (4140,44428800)
cloud: (4167.333333333333,44347200)
cloud: (4136.5,44380800)
cloud: (4151,44376000)
cloud: (4233.333333333333,44356800)
cloud: (4171.5,44413200)
cloud: (4781.666666666667,55018000)
cloud: (5227,60466000)
cloud: (5211,60426800)
cloud: (5207.5,60407200)
cloud: (5570,60394133.333333336)
cloud: (5221.333333333333,60446400)
cloud: (5178,60377800)
cloud: (5218.333333333333,60498666.666666664)
cloud: (5078,60377800)
cloud: (5318.333333333333,60498666.666666664)
-------
