edge: (0,0)
edge: (663,22500000)
edge: (657,22500000)
edge: (455,12500000)
edge: (487.00000000000006,12500000)
edge: (279,1430000.0000000002)
edge: (275.00000000000006,1410000)
edge: (1770,94200000)
edge: (1970,78500000.00000001)
edge: (699,22500000)
edge: (713.0000000000001,22500000.000000004)
edge: (469.00000000000006,12500000)
edge: (451.00000000000006,12500000)
edge: (309,5590000)
edge: (337,5570000.000000001)
edge: (1110,50500000)
edge: (1399,50500000)
-------
edge: (0,0)
edge: (663,22500000)
edge: (657,22500000)
edge: (493.00000000000006,12500000)
edge: (445.00000000000006,12500000)
edge: (253,1430000.0000000002)
edge: (257.00000000000006,1390000)
edge: (1650,78500000.00000001)
edge: (1890,78500000.00000001)
edge: (695,22500000)
edge: (699,22500000)
edge: (423,12500000)
edge: (425,12500000)
edge: (359.00000000000006,5610000)
edge: (329.00000000000006,5610000)
edge: (1190.0000000000002,50500000)
edge: (1110,50500000)
-------
edge: (0,0)
edge: (617,22500000)
edge: (629,22500000.000000004)
edge: (455,12500000)
edge: (405,12500000)
edge: (239.00000000000003,1410000.0000000002)
edge: (235,1350000)
edge: (1650,78500000.00000001)
edge: (1220.0000000000002,78500000.00000001)
edge: (565.0000000000001,22500000)
edge: (599,22500000)
edge: (417,12500000)
edge: (437,12500000)
edge: (295,5590000)
edge: (303,5590000)
edge: (1270,50500000)
edge: (1440.0000000000002,50500000)
-------
edge: (0,0)
edge: (599,22500000)
edge: (597,22500000)
edge: (411,14500000)
edge: (435,12500000)
edge: (251.00000000000003,3620000.0000000005)
edge: (283,1410000)
edge: (2010,78862500)
edge: (1770,78500000.00000001)
edge: (615,28083333.333333332)
edge: (547.0000000000001,22500000)
edge: (429,14500000)
edge: (471,12500000)
edge: (295,7000000.000000001)
edge: (327,5630000.000000001)
edge: (1270,50500000)
edge: (1209.9999999999998,50500000)
-------
edge: (0,0)
edge: (683,22500000)
edge: (601,22500000)
edge: (429,14500000)
edge: (471,12500000)
edge: (307,3580000)
edge: (265,1370000.0000000002)
edge: (1650,63070000)
edge: (1730,78500000.00000001)
edge: (593,33700000.00000001)
edge: (595.0000000000001,22500000)
edge: (381,14500000)
edge: (389,12500000)
edge: (297,7000000.000000001)
edge: (289,5610000)
edge: (1090,41530000.00000001)
edge: (1195,50500000)
-------
edge: (0,0)
edge: (715,22500000)
edge: (674.9999999999999,22500000)
edge: (474.99999999999994,12500000)
edge: (505.00000000000006,12500000)
edge: (271,1191666.6666666665)
edge: (269.00000000000006,1410000)
edge: (1890,78500000.00000001)
edge: (1870.0000000000002,78500000.00000001)
edge: (629,22500000.000000004)
edge: (615,22499999.999999996)
edge: (437,12500000)
edge: (433.00000000000006,12499999.999999998)
edge: (291,5550000.000000001)
edge: (359.00000000000006,5630000.000000001)
edge: (1150,50500000)
edge: (1210,50500000)
-------
edge: (0,0)
edge: (625.0000000000001,22500000)
edge: (635,22500000)
edge: (445.00000000000006,12500000)
edge: (473,12500000)
edge: (283,1390000)
edge: (283,1410000)
edge: (1460.0000000000002,78500000.00000001)
edge: (1830,78500000.00000001)
edge: (961,22500000)
edge: (540.8333333333334,22499999.999999996)
edge: (453,12500000)
edge: (445.00000000000006,12500000)
edge: (257.00000000000006,5590000)
edge: (313,5590000)
edge: (921,50500000)
edge: (1148.0000000000002,50500000.00000001)
-------
edge: (0,0)
edge: (583.0000000000001,22500000)
edge: (583.0000000000001,22500000)
edge: (425,12500000)
edge: (445.00000000000006,12500000)
edge: (257.00000000000006,1410000)
edge: (221.00000000000003,1370000.0000000002)
edge: (1610,94200000)
edge: (1670,78500000.00000001)
edge: (663,22500000)
edge: (631.0000000000001,22500000)
edge: (525,12500000)
edge: (447,12500000)
edge: (309,5610000)
edge: (305.00000000000006,5610000)
edge: (1170,60600000)
edge: (1270,40400000)
-------
edge: (0,0)
edge: (679.0000000000001,22500000)
edge: (679.0000000000001,22500000)
edge: (503,14500000)
edge: (463.00000000000006,12500000)
edge: (249,3620000.0000000005)
edge: (197.00000000000003,1390000)
edge: (2062.5,63090000)
edge: (1810.0000000000002,62799999.99999999)
edge: (611,33700000.00000001)
edge: (545,22500000)
edge: (401,14500000)
edge: (399.00000000000006,12500000)
edge: (289,7000000.000000001)
edge: (275.00000000000006,5590000)
edge: (889,41510000)
edge: (1469.0000000000002,50500000)
-------
edge: (0,0)
edge: (599,22500000)
edge: (691.0000000000001,22500000)
edge: (435,12500000)
edge: (493.00000000000006,12500000)
edge: (243,1390000)
edge: (249,1390000)
edge: (1570.0000000000002,78500000.00000001)
edge: (1770,78500000.00000001)
edge: (577,22500000)
edge: (631.0000000000001,22500000)
edge: (397.00000000000006,12500000)
edge: (399,12500000)
edge: (295,5570000.000000001)
edge: (325,5610000)
edge: (1133.0000000000002,50500000)
edge: (1111,50500000)
-------
edge: (0,0)
edge: (601.0000000000001,22500000.000000004)
edge: (665,22500000)
edge: (497,12500000)
edge: (495,12500000)
edge: (279,1660000.0000000002)
edge: (243,1350000)
edge: (1710,78500000.00000001)
edge: (1790,78500000.00000001)
edge: (619.0000000000001,22500000)
edge: (605,22500000)
edge: (449,12500000)
edge: (427.00000000000006,12500000)
edge: (301,5650000)
edge: (261,5590000)
edge: (1210,50500000)
edge: (1210,50500000)
-------
edge: (0,0)
edge: (623,22500000)
edge: (631,22500000)
edge: (467,12500000)
edge: (507,12500000)
edge: (357,1350000)
edge: (269.00000000000006,1450000)
edge: (1438.7499999999998,78500000.00000001)
edge: (1710,78500000.00000001)
edge: (715,22500000)
edge: (635,22500000)
edge: (447,12500000)
edge: (481.00000000000006,12500000)
edge: (375,5590000)
edge: (305.00000000000006,5570000.000000001)
edge: (1243.75,50500000)
edge: (1170,50500000)
-------
edge: (0,0)
edge: (595.0000000000001,22500000)
edge: (595.0000000000001,22500000)
edge: (505.00000000000006,12500000)
edge: (497,12500000)
edge: (251.00000000000003,1370000.0000000002)
edge: (251.00000000000003,1350000)
edge: (1670,78500000.00000001)
edge: (1690.0000000000002,78500000.00000001)
edge: (637.0000000000001,22500000)
edge: (641,22500000)
edge: (417,12500000)
edge: (449,12500000)
edge: (317.00000000000006,5590000)
edge: (361,5590000)
edge: (1150,42083333.33333333)
edge: (1177,50500000)
-------
edge: (0,0)
edge: (583.0000000000001,22500000)
edge: (659,22500000)
edge: (509,12500000)
edge: (387,12500000)
edge: (242.99999999999997,1390000)
edge: (263.00000000000006,1410000)
edge: (2000,78500000.00000001)
edge: (1690.0000000000002,78500000)
edge: (633.0000000000001,22500000)
edge: (593,22500000)
edge: (433.00000000000006,12500000)
edge: (443,12500000)
edge: (325.00000000000006,5610000)
edge: (335.00000000000006,5610000)
edge: (1048,50500000)
edge: (1250.0000000000002,50500000.00000001)
-------
edge: (0,0)
edge: (573,22500000)
edge: (544.1666666666666,22500000)
edge: (445.00000000000006,12500000)
edge: (433.00000000000006,12500000)
edge: (223,1410000)
edge: (273,1410000)
edge: (1650,78500000.00000001)
edge: (1630.0000000000002,78500000.00000001)
edge: (655.0000000000001,22500000)
edge: (627,22500000)
edge: (447,12500000)
edge: (447,12500000)
edge: (339.00000000000006,5610000)
edge: (321.00000000000006,5550000)
edge: (980.0000000000001,50500000)
edge: (1105,50500000)
-------
edge: (0,0)
edge: (635,22500000)
edge: (665,22500000)
edge: (807.5,12500000)
edge: (509,12500000)
edge: (257.00000000000006,1450000)
edge: (273,1390000)
edge: (1660.0000000000002,78499999.99999999)
edge: (1630.0000000000002,78500000.00000001)
edge: (1025,22500000)
edge: (841.25,27000000)
edge: (499.00000000000006,12500000)
edge: (570,12500000)
edge: (329.00000000000006,5610000)
edge: (270.8333333333333,5610000)
edge: (1020,50500000)
edge: (1170,50500000)
-------
edge: (0,0)
edge: (604.1666666666666,27000000)
edge: (655.0000000000001,22500000)
edge: (495,12500000)
edge: (421.00000000000006,12499999.999999998)
edge: (192,1175000)
edge: (222,1410000)
edge: (1730,78500000.00000001)
edge: (1590,78500000.00000001)
edge: (738.75,18000000.000000004)
edge: (659,22500000)
edge: (449,12500000)
edge: (447,12500000)
edge: (309,5610000)
edge: (269.00000000000006,5570000.000000001)
edge: (1170.0000000000002,50500000)
edge: (1092.9999999999998,50500000)
-------
edge: (0,0)
edge: (607.0000000000001,22500000)
edge: (637.0000000000001,22500000)
edge: (425,12500000)
edge: (423,12500000)
edge: (221.00000000000003,1370000.0000000002)
edge: (229,1370000.0000000002)
edge: (1675,94200000)
edge: (1890,78500000.00000001)
edge: (667.0000000000001,22500000)
edge: (693,22500000)
edge: (427.00000000000006,12500000)
edge: (431,12500000)
edge: (329.00000000000006,5610000.000000001)
edge: (303,5610000)
edge: (1121.0000000000002,50500000)
edge: (1110,50500000)
-------
edge: (0,0)
edge: (659,22500000)
edge: (609,22500000)
edge: (439.00000000000006,12500000)
edge: (437,12500000)
edge: (281.00000000000006,1390000)
edge: (253,1410000)
edge: (1630.0000000000002,78500000)
edge: (1610,78500000.00000001)
edge: (573,22500000)
edge: (569,22500000)
edge: (421,12500000)
edge: (411,12500000)
edge: (293.00000000000006,7000000.000000001)
edge: (295,5630000.000000001)
edge: (1077,34591666.66666667)
edge: (1062,50500000)
-------
edge: (0,0)
edge: (629,22500000)
edge: (569,22500000)
edge: (463.00000000000006,12500000)
edge: (451.00000000000006,12500000)
edge: (249,1410000.0000000002)
edge: (249,1390000)
edge: (1980,78499999.99999999)
edge: (1340.0000000000002,78500000.00000001)
edge: (731,22500000)
edge: (613.0000000000001,22500000)
edge: (475.00000000000006,12500000)
edge: (401,12500000.000000002)
edge: (335.00000000000006,5570000.000000001)
edge: (271,5610000)
edge: (1089,50500000)
edge: (1250.0000000000002,60600000)
-------
edge: (0,0)
edge: (613.0000000000001,22500000)
edge: (667.0000000000001,22500000)
edge: (407,12500000)
edge: (423,12500000)
edge: (249,1410000)
edge: (239.00000000000003,1390000)
edge: (1730,78500000.00000001)
edge: (1730,78500000.00000001)
edge: (603,22500000)
edge: (615,22500000)
edge: (421.00000000000006,12500000)
edge: (471,12500000)
edge: (343,5590000.000000001)
edge: (305.00000000000006,5590000)
edge: (1130.0000000000002,50500000)
edge: (1078,50500000)
-------
edge: (0,0)
edge: (613.0000000000001,27000000)
edge: (808,18000000)
edge: (439.00000000000006,12500000)
edge: (433.00000000000006,12500000)
edge: (245.00000000000003,1410000)
edge: (243,1410000)
edge: (1870.0000000000002,78500000.00000001)
edge: (1590,78500000.00000001)
edge: (607.0000000000001,18000000)
edge: (510,18000000)
edge: (445.00000000000006,12500000)
edge: (421.00000000000006,12500000)
edge: (297,5570000.000000001)
edge: (285,6720000)
edge: (1119,50500000)
edge: (1089,50500000)
-------
edge: (0,0)
edge: (669,22499999.999999996)
edge: (615,13500000)
edge: (441,7500000)
edge: (367.5,12500000)
edge: (267,1410000)
edge: (243.00000000000003,1410000)
edge: (1849.9999999999998,78500000.00000001)
edge: (1870.0000000000002,78500000.00000001)
edge: (613,22500000)
edge: (763.0000000000001,22500000)
edge: (427,12500000)
edge: (459,12500000)
edge: (313,5590000)
edge: (267,5610000)
edge: (1170,50500000)
edge: (1330,50500000)
-------
edge: (0,0)
edge: (539.1666666666666,22500000)
edge: (679.0000000000001,22500000)
edge: (429,12500000)
edge: (491,12500000.000000002)
edge: (263.00000000000006,1390000)
edge: (276,1430000.0000000002)
edge: (1830,78500000)
edge: (1810.0000000000002,78500000.00000001)
edge: (642.9999999999999,22500000.000000004)
edge: (615,22500000)
edge: (451.00000000000006,12500000)
edge: (441,12500000)
edge: (293.00000000000006,5650000)
edge: (311.00000000000006,5570000.000000001)
edge: (1115,50500000.00000001)
edge: (1150,50500000)
-------
edge: (0,0)
edge: (591,22500000)
edge: (615,22500000)
edge: (455,12500000)
edge: (467,12500000)
edge: (239.00000000000003,1410000)
edge: (239.00000000000003,1430000.0000000002)
edge: (1630.0000000000002,78500000.00000001)
edge: (1610,78500000.00000001)
edge: (621,22500000)
edge: (601.0000000000001,28125000)
edge: (465,15625000)
edge: (435,12500000)
edge: (315,4641666.666666667)
edge: (339,5610000)
edge: (1079.0000000000002,50500000)
edge: (1091.0000000000002,50500000)
-------
edge: (0,0)
edge: (641,22500000)
edge: (619.0000000000001,22500000)
edge: (453,14500000)
edge: (483,12500000)
edge: (210,3640000)
edge: (273,1430000.0000000002)
edge: (1790,63090000)
edge: (1710,78500000.00000001)
edge: (681,33700000.00000001)
edge: (559.0000000000001,22500000)
edge: (383.00000000000006,14500000)
edge: (469.00000000000006,12500000)
edge: (295,6980000)
edge: (299.00000000000006,5610000)
edge: (1143,41530000.00000001)
edge: (1059,50500000)
