
> birex_orchestrator@1.0.0 start /usr/src/app
> node orchestrator.js

cloud: (2613,19733333.333333332)
Time to deploy: 72ms
edge: (437.5,19721600)
edge: (403.3333333333333,11094000)
Time to deploy: 52ms
cloud: (2139.5,11098800)
Time to deploy: 62ms
edge: (212,1231600)
Time to deploy: 66ms
cloud: (1300.6666666666667,1234000)
cloud: (6059,69367500)
Time to deploy: 57ms
edge: (1293,69255000)
edge: (413.6666666666667,19701333.333333332)
edge: (449.5,19742400)
edge: (311.3333333333333,11096400)
Time to deploy: 65ms
cloud: (2023.5,11106000)
Time to deploy: 55ms
edge: (281,4940000)
Time to deploy: 52ms
cloud: (1590,4926400)
cloud: (3383.6666666666665,31222933.333333332)
Time to deploy: 84ms
edge: (930,44467200)
Time to deploy: 54ms
-------

> birex_orchestrator@1.0.0 start /usr/src/app
> node orchestrator.js

cloud: (2597,19714133.333333332)
Time to deploy: 96ms
edge: (457.5,19744000)
edge: (364.6666666666667,11102400)
Time to deploy: 61ms
cloud: (2029,11102400)
Time to deploy: 57ms
edge: (288,1233600)
Time to deploy: 53ms
cloud: (1385,1234400)
cloud: (6005,69435000)
Time to deploy: 59ms
edge: (1066,69367500)
edge: (445.6666666666667,19741866.666666668)
edge: (459.5,19728000)
edge: (365,11096400)
Time to deploy: 71ms
cloud: (2062,11088000)
Time to deploy: 63ms
edge: (262.5,4928800)
Time to deploy: 55ms
cloud: (1614.5,4923200)
cloud: (3386.6666666666665,31245866.666666668)
Time to deploy: 73ms
edge: (1196,44424000)
Time to deploy: 51ms
-------

> birex_orchestrator@1.0.0 start /usr/src/app
> node orchestrator.js

cloud: (2636,19731200)
Time to deploy: 104ms
edge: (457.5,19715200)
edge: (327.6666666666667,11092800)
Time to deploy: 75ms
cloud: (2146.5,11111400)
Time to deploy: 62ms
edge: (211,1234200)
Time to deploy: 58ms
cloud: (1240.5,1231200)
cloud: (3734,35278050)
Time to deploy: 54ms
edge: (1363,69277500)
edge: (418.6666666666667,19729066.666666668)
edge: (465.25,19744000)
edge: (337.3333333333333,11094000)
Time to deploy: 50ms
cloud: (2152.5,11097000)
Time to deploy: 51ms
edge: (335,4934400)
Time to deploy: 54ms
cloud: (1575,4931200)
cloud: (3310,31250666.666666668)
Time to deploy: 64ms
edge: (863,44438400)
Time to deploy: 52ms
-------

> birex_orchestrator@1.0.0 start /usr/src/app
> node orchestrator.js

cloud: (2594,19737600)
Time to deploy: 89ms
edge: (427,19705600)
edge: (421.3333333333333,11103600)
Time to deploy: 64ms
cloud: (2057,11097000)
Time to deploy: 61ms
edge: (174.5,1233600)
Time to deploy: 59ms
cloud: (1331.3333333333333,1233733.3333333333)
cloud: (5978,69435000)
Time to deploy: 87ms
edge: (1248,69502500)
edge: (652.25,32143475)
edge: (479.5,19740800)
edge: (335.3333333333333,11106000)
Time to deploy: 50ms
cloud: (2085,11097000)
Time to deploy: 50ms
edge: (267.5,4939200)
Time to deploy: 48ms
cloud: (1661.5,4926400)
cloud: (3345.3333333333335,31272533.333333332)
Time to deploy: 84ms
edge: (872,44409600)
Time to deploy: 53ms
-------

> birex_orchestrator@1.0.0 start /usr/src/app
> node orchestrator.js

cloud: (2640,19731200)
Time to deploy: 86ms
edge: (549.5,19734400)
edge: (387,11120400)
Time to deploy: 59ms
cloud: (2179.5,11107800)
Time to deploy: 79ms
edge: (276,1230400)
Time to deploy: 52ms
cloud: (1311,1233800)
cloud: (3564.5,35355000)
Time to deploy: 84ms
edge: (1251,69435000)
edge: (633.25,32161125)
edge: (445,19732800)
edge: (375.6666666666667,11107200)
Time to deploy: 56ms
cloud: (2083.5,11113200)
Time to deploy: 47ms
edge: (283.5,4926400)
Time to deploy: 49ms
cloud: (1584,4925600)
cloud: (4241,44428800)
Time to deploy: 60ms
edge: (857.5,44409600)
Time to deploy: 57ms
-------

> birex_orchestrator@1.0.0 start /usr/src/app
> node orchestrator.js

cloud: (2617,19735466.666666668)
Time to deploy: 82ms
edge: (423,19740800)
edge: (377.3333333333333,11107200)
Time to deploy: 71ms
cloud: (1979,11062800)
Time to deploy: 57ms
edge: (121,1233200)
Time to deploy: 56ms
cloud: (1335,1234000)
cloud: (3501,35322050)
Time to deploy: 63ms
edge: (1110,69210000)
edge: (621.75,32133825)
edge: (444.6666666666667,19739733.333333332)
edge: (385.6666666666667,11098800)
Time to deploy: 70ms
cloud: (2108,11109600)
Time to deploy: 52ms
edge: (327.5,4923200)
Time to deploy: 73ms
cloud: (1668,4933600)
cloud: (4157,44376000)
Time to deploy: 72ms
edge: (860,44424000)
Time to deploy: 54ms
-------

> birex_orchestrator@1.0.0 start /usr/src/app
> node orchestrator.js

cloud: (2622.6666666666665,19767466.666666668)
Time to deploy: 83ms
edge: (493.5,19718400)
edge: (361,11106000)
Time to deploy: 59ms
cloud: (2071.5,11120400)
Time to deploy: 57ms
edge: (142,1232400)
Time to deploy: 53ms
cloud: (1307,1234000)
cloud: (3608.5,35322250)
Time to deploy: 83ms
edge: (1062,69435000)
edge: (618.5,32161175)
edge: (496,19747200)
edge: (326.3333333333333,11098800)
Time to deploy: 58ms
cloud: (2104,11100600)
Time to deploy: 78ms
edge: (305,4937600)
Time to deploy: 52ms
cloud: (1639.5,4929600)
cloud: (4115.666666666667,44400000)
Time to deploy: 63ms
edge: (798.5,44510400)
Time to deploy: 48ms
-------

> birex_orchestrator@1.0.0 start /usr/src/app
> node orchestrator.js

cloud: (2581.3333333333335,19746133.333333332)
Time to deploy: 85ms
edge: (465,19728000)
edge: (324.3333333333333,11107200)
Time to deploy: 61ms
cloud: (2192.5,11104200)
Time to deploy: 75ms
edge: (290,1234400)
Time to deploy: 55ms
cloud: (1344.3333333333333,1233600)
cloud: (5867,69277500)
Time to deploy: 55ms
edge: (1204,69367500)
edge: (478.6666666666667,19718400)
edge: (475.75,19737600)
edge: (349.6666666666667,11098800)
Time to deploy: 59ms
cloud: (2046,11088000)
Time to deploy: 67ms
edge: (289.5,4940800)
Time to deploy: 57ms
cloud: (1629,4942400)
cloud: (3398,31242666.666666668)
Time to deploy: 72ms
edge: (961,44395200)
Time to deploy: 68ms
-------

> birex_orchestrator@1.0.0 start /usr/src/app
> node orchestrator.js

cloud: (2567,19729066.666666668)
Time to deploy: 85ms
edge: (455.5,19705600)
edge: (395.3333333333333,11097600)
Time to deploy: 67ms
cloud: (2102,11109600)
Time to deploy: 61ms
edge: (182.5,1231000)
Time to deploy: 47ms
cloud: (1307,1233200)
cloud: (3488.5,35344550)
Time to deploy: 62ms
edge: (1297,69277500)
edge: (442.6666666666667,19731200)
edge: (469,19712000)
edge: (336,11109600)
Time to deploy: 53ms
cloud: (2133,11109600)
Time to deploy: 52ms
edge: (273,4929600)
Time to deploy: 50ms
cloud: (1552.5,4938400)
cloud: (3318.3333333333335,31317866.666666668)
Time to deploy: 78ms
edge: (800,44352000)
Time to deploy: 82ms
-------

> birex_orchestrator@1.0.0 start /usr/src/app
> node orchestrator.js

cloud: (2588.3333333333335,19741866.666666668)
Time to deploy: 76ms
edge: (420.5,19737600)
edge: (355.5,11096100)
Time to deploy: 72ms
cloud: (2151,11082600)
Time to deploy: 74ms
edge: (111,1230000)
Time to deploy: 52ms
cloud: (1284,1233200)
cloud: (5801,69333750)
Time to deploy: 65ms
edge: (1157,69390000)
edge: (419.3333333333333,19739733.333333332)
edge: (516.75,19732800)
edge: (385,11113200)
Time to deploy: 50ms
cloud: (2098,11104200)
Time to deploy: 57ms
edge: (211,4924800)
Time to deploy: 48ms
cloud: (1663.5,4932800)
cloud: (3374,31248533.333333332)
Time to deploy: 73ms
edge: (786,44380800)
Time to deploy: 53ms
-------

> birex_orchestrator@1.0.0 start /usr/src/app
> node orchestrator.js

cloud: (2582.3333333333335,19733333.333333332)
Time to deploy: 96ms
edge: (438,19718400)
edge: (348.6666666666667,11109600)
Time to deploy: 74ms
cloud: (2137.5,11107800)
Time to deploy: 76ms
edge: (185,1233200)
Time to deploy: 60ms
cloud: (1288.5,1232000)
cloud: (3584.5,35300750)
Time to deploy: 63ms
edge: (1276,69300000)
edge: (667.5,32115350)
edge: (460.75,19750400)
edge: (359,11110800)
Time to deploy: 52ms
cloud: (2107.5,11088000)
Time to deploy: 48ms
edge: (226,4926400)
Time to deploy: 63ms
cloud: (1696.5,4936000)
cloud: (4162,44467200)
Time to deploy: 70ms
edge: (849,44445600)
Time to deploy: 46ms
-------

> birex_orchestrator@1.0.0 start /usr/src/app
> node orchestrator.js

cloud: (2595.3333333333335,19722666.666666668)
Time to deploy: 86ms
edge: (472,19731200)
edge: (317.6666666666667,11101200)
Time to deploy: 53ms
cloud: (2150,11082600)
Time to deploy: 67ms
edge: (300,1231600)
Time to deploy: 53ms
cloud: (1327,1234600)
cloud: (6009,69412500)
Time to deploy: 53ms
edge: (1188,69435000)
edge: (489.3333333333333,19750400)
edge: (480.5,19745600)
edge: (384.3333333333333,11107200)
Time to deploy: 68ms
cloud: (2035.5,11098800)
Time to deploy: 65ms
edge: (286.5,4936800)
Time to deploy: 59ms
cloud: (1545,4935200)
cloud: (3472.3333333333335,31226666.666666668)
Time to deploy: 84ms
edge: (841,44409600)
Time to deploy: 69ms
-------

> birex_orchestrator@1.0.0 start /usr/src/app
> node orchestrator.js

cloud: (2674.3333333333335,19707733.333333332)
Time to deploy: 79ms
edge: (445.5,19740800)
edge: (359.5,11098800)
Time to deploy: 56ms
cloud: (2348,11109600)
Time to deploy: 58ms
edge: (200.5,1232800)
Time to deploy: 67ms
cloud: (1377,1233200)
cloud: (5885.5,69333750)
Time to deploy: 58ms
edge: (1237.5,69356250)
edge: (457.5,19723200)
edge: (479.3333333333333,19724800)
edge: (443.3333333333333,11112000)
Time to deploy: 62ms
cloud: (2077,11131200)
Time to deploy: 53ms
edge: (213,4932800)
Time to deploy: 55ms
cloud: (1588.6666666666667,4931200)
cloud: (4201.5,44395200)
Time to deploy: 48ms
edge: (932,44409600)
Time to deploy: 66ms
-------

> birex_orchestrator@1.0.0 start /usr/src/app
> node orchestrator.js

cloud: (2617.6666666666665,19705600)
Time to deploy: 87ms
edge: (484,19750400)
edge: (359,11079600)
Time to deploy: 87ms
cloud: (2246,11095200)
Time to deploy: 60ms
edge: (211.5,1235200)
Time to deploy: 54ms
cloud: (1340.5,1233000)
cloud: (3571,35346950)
Time to deploy: 80ms
edge: (1147,69322500)
edge: (412,19714133.333333332)
edge: (478.75,19716800)
edge: (352.6666666666667,11108400)
Time to deploy: 64ms
cloud: (2097.5,11104200)
Time to deploy: 59ms
edge: (261.5,4932000)
Time to deploy: 50ms
cloud: (1675.5,4939200)
cloud: (3339,31283200)
Time to deploy: 70ms
edge: (868.5,44380800)
Time to deploy: 49ms
-------

> birex_orchestrator@1.0.0 start /usr/src/app
> node orchestrator.js

cloud: (2597,19737600)
Time to deploy: 83ms
edge: (472,19737600)
edge: (403.3333333333333,11107200)
Time to deploy: 53ms
cloud: (2055,11127600)
Time to deploy: 56ms
edge: (207.5,1232800)
Time to deploy: 51ms
cloud: (1286,1235200)
cloud: (3633,35301550)
Time to deploy: 54ms
edge: (1190,69525000)
edge: (642,32129025)
edge: (468.6666666666667,19776000)
edge: (332.3333333333333,11109600)
Time to deploy: 60ms
cloud: (2054.5,11104200)
Time to deploy: 61ms
edge: (259.5,4936800)
Time to deploy: 64ms
cloud: (1678.5,4941600)
cloud: (4195,44356800)
Time to deploy: 93ms
edge: (817.5,44452800)
Time to deploy: 56ms
-------

> birex_orchestrator@1.0.0 start /usr/src/app
> node orchestrator.js

cloud: (2648,19726933.333333332)
Time to deploy: 83ms
edge: (452.5,19705600)
edge: (326.6666666666667,11088000)
Time to deploy: 65ms
cloud: (2116,11120400)
Time to deploy: 61ms
edge: (121,1232400)
Time to deploy: 63ms
cloud: (1410,1234800)
cloud: (3587,35288500)
Time to deploy: 64ms
edge: (1144,69255000)
edge: (654.5,32107450)
edge: (499.5,19729600)
edge: (330,11101200)
Time to deploy: 93ms
cloud: (2062.5,11097000)
Time to deploy: 49ms
edge: (289,4932800)
Time to deploy: 57ms
cloud: (1627.5,4932800)
cloud: (4247,44496000)
Time to deploy: 68ms
edge: (886,44373600)
Time to deploy: 44ms
-------

> birex_orchestrator@1.0.0 start /usr/src/app
> node orchestrator.js

cloud: (2669.3333333333335,19733333.333333332)
Time to deploy: 88ms
edge: (528,19744000)
edge: (368.6666666666667,11089200)
Time to deploy: 55ms
cloud: (1911,11070000)
Time to deploy: 58ms
edge: (200,1234400)
Time to deploy: 50ms
cloud: (1397,1234800)
cloud: (3586,35266600)
Time to deploy: 68ms
edge: (1049,69300000)
edge: (623.25,32135425)
edge: (482.5,19713600)
edge: (332.6666666666667,11109600)
Time to deploy: 68ms
cloud: (2099,11095200)
Time to deploy: 73ms
edge: (283.5,4936000)
Time to deploy: 48ms
cloud: (1586.5,4930400)
cloud: (4190.666666666667,44356800)
Time to deploy: 71ms
edge: (966,44424000)
Time to deploy: 51ms
-------

> birex_orchestrator@1.0.0 start /usr/src/app
> node orchestrator.js

cloud: (2706,19722666.666666668)
Time to deploy: 92ms
edge: (455,19756800)
edge: (397,11100000)
Time to deploy: 57ms
cloud: (2172,11106000)
Time to deploy: 59ms
edge: (149,1235000)
Time to deploy: 51ms
cloud: (1306.5,1234400)
cloud: (5639,69322500)
Time to deploy: 72ms
edge: (0,0)
Time to deploy: 71ms
cloud: (2603.5,19760000)
Time to deploy: 51ms
edge: (466,19737600)
edge: (353.3333333333333,11090400)
Time to deploy: 80ms
cloud: (2139,11104200)
Time to deploy: 57ms
edge: (290,4940000)
Time to deploy: 48ms
cloud: (1614,4944000)
cloud: (3413.3333333333335,31276266.666666668)
Time to deploy: 90ms
edge: (844,44488800)
Time to deploy: 52ms
-------

> birex_orchestrator@1.0.0 start /usr/src/app
> node orchestrator.js

cloud: (2642.6666666666665,19720533.333333332)
Time to deploy: 79ms
edge: (494.5,19750400)
edge: (400.6666666666667,11095200)
Time to deploy: 67ms
cloud: (2088,11070000)
Time to deploy: 63ms
edge: (278,1233600)
Time to deploy: 51ms
cloud: (1335,1234200)
cloud: (5927.5,69367500)
Time to deploy: 68ms
edge: (1302,69457500)
edge: (467.75,19744000)
edge: (476.3333333333333,19752533.333333332)
edge: (354.6666666666667,11096400)
Time to deploy: 92ms
cloud: (1965,11106000)
Time to deploy: 59ms
edge: (234,4923200)
Time to deploy: 49ms
cloud: (1606.5,4929600)
cloud: (4259,44344800)
Time to deploy: 70ms
edge: (728,44337600)
Time to deploy: 49ms
-------

> birex_orchestrator@1.0.0 start /usr/src/app
> node orchestrator.js

cloud: (2592.6666666666665,19748266.666666668)
Time to deploy: 78ms
edge: (458,19724800)
edge: (338,11106000)
Time to deploy: 61ms
cloud: (2120.5,11102400)
Time to deploy: 63ms
edge: (207,1234600)
Time to deploy: 51ms
cloud: (1378,1234200)
cloud: (3560,35221600)
Time to deploy: 65ms
edge: (1174,69547500)
edge: (717.25,32097700)
edge: (470.25,19723200)
edge: (326.3333333333333,11090400)
Time to deploy: 54ms
cloud: (1995,11104200)
Time to deploy: 50ms
edge: (234,4941600)
Time to deploy: 61ms
cloud: (1638,4937600)
cloud: (3326,31191466.666666668)
Time to deploy: 67ms
edge: (745.5,44452800)
Time to deploy: 46ms
-------

> birex_orchestrator@1.0.0 start /usr/src/app
> node orchestrator.js

cloud: (2642.6666666666665,19731200)
Time to deploy: 71ms
edge: (478,19712000)
edge: (294.75,11098800)
Time to deploy: 66ms
cloud: (2168,11102400)
Time to deploy: 64ms
edge: (121,1231600)
Time to deploy: 47ms
cloud: (1309.6666666666667,1232800)
cloud: (6223,69300000)
Time to deploy: 54ms
edge: (1284,69322500)
edge: (456,19748266.666666668)
edge: (472,19742400)
edge: (318.3333333333333,11095200)
Time to deploy: 50ms
cloud: (2058.5,11116800)
Time to deploy: 69ms
edge: (284.5,4936000)
Time to deploy: 54ms
cloud: (1632,4931200)
cloud: (3317.3333333333335,31252800)
Time to deploy: 71ms
edge: (803.5,44330400)
Time to deploy: 56ms
-------

> birex_orchestrator@1.0.0 start /usr/src/app
> node orchestrator.js

cloud: (2640.6666666666665,19726933.333333332)
Time to deploy: 87ms
edge: (545.5,19734400)
edge: (393.6666666666667,11102400)
Time to deploy: 62ms
cloud: (2164,11113200)
Time to deploy: 69ms
edge: (222.5,1234800)
Time to deploy: 51ms
cloud: (1279.5,1233400)
cloud: (6003,69300000)
Time to deploy: 59ms
edge: (1209,69457500)
edge: (394,19739733.333333332)
edge: (455.25,19750400)
edge: (372,11104800)
Time to deploy: 58ms
cloud: (2194,11104200)
Time to deploy: 55ms
edge: (311.5,4931200)
Time to deploy: 84ms
cloud: (1742,4929600)
cloud: (3350.6666666666665,31219200)
Time to deploy: 75ms
edge: (980,44380800)
Time to deploy: 50ms
-------

> birex_orchestrator@1.0.0 start /usr/src/app
> node orchestrator.js

cloud: (2583.3333333333335,19729066.666666668)
Time to deploy: 77ms
edge: (428,19756800)
edge: (340,11102400)
Time to deploy: 73ms
cloud: (1971,11134800)
Time to deploy: 56ms
edge: (184.5,1231200)
Time to deploy: 50ms
cloud: (1298.6666666666667,1233466.6666666667)
cloud: (5913,69345000)
Time to deploy: 168ms
edge: (1289,69210000)
edge: (501,19737600)
edge: (488.25,19723200)
edge: (350.3333333333333,11115600)
Time to deploy: 53ms
cloud: (2001.5,11102400)
Time to deploy: 58ms
edge: (336,4932800)
Time to deploy: 50ms
cloud: (1724,4932800)
cloud: (3289.6666666666665,31216533.333333332)
Time to deploy: 75ms
edge: (839,44308800)
Time to deploy: 50ms
-------

> birex_orchestrator@1.0.0 start /usr/src/app
> node orchestrator.js

cloud: (2589.6666666666665,19722666.666666668)
Time to deploy: 81ms
edge: (442,19724800)
edge: (336.3333333333333,11090400)
Time to deploy: 87ms
cloud: (2207,11111400)
Time to deploy: 70ms
edge: (184,1233200)
Time to deploy: 104ms
cloud: (1253,1234400)
cloud: (3617.5,35290100)
Time to deploy: 69ms
edge: (1208,69547500)
edge: (657.25,32141875)
edge: (479.3333333333333,19720533.333333332)
edge: (413.25,13245100)
Time to deploy: 52ms
cloud: (2169,11098800)
Time to deploy: 54ms
edge: (305,4936000)
Time to deploy: 51ms
cloud: (1656,4929600)
cloud: (4214.5,44344800)
Time to deploy: 73ms
edge: (791.5,44445600)
Time to deploy: 54ms
-------

> birex_orchestrator@1.0.0 start /usr/src/app
> node orchestrator.js

cloud: (2622,19726933.333333332)
Time to deploy: 93ms
edge: (505,19718400)
edge: (349.3333333333333,11092800)
Time to deploy: 60ms
cloud: (2109,11109600)
Time to deploy: 58ms
edge: (147,1234200)
Time to deploy: 64ms
cloud: (1332,1234200)
cloud: (6110,69480000)
Time to deploy: 65ms
edge: (1509,69435000)
edge: (420,19750400)
edge: (507.75,19755200)
edge: (349,11092800)
Time to deploy: 56ms
cloud: (2146,11095200)
Time to deploy: 59ms
edge: (290,4934400)
Time to deploy: 56ms
cloud: (1577,4937600)
cloud: (3378.6666666666665,31265600)
Time to deploy: 75ms
edge: (783,44337600)
Time to deploy: 53ms
-------

> birex_orchestrator@1.0.0 start /usr/src/app
> node orchestrator.js

cloud: (2574,19744000)
Time to deploy: 89ms
edge: (557,19744000)
edge: (376.3333333333333,11101200)
Time to deploy: 73ms
cloud: (2195,11095200)
Time to deploy: 91ms
edge: (279,1232400)
Time to deploy: 79ms
cloud: (1238.5,1233400)
cloud: (6076,69457500)
Time to deploy: 60ms
edge: (1238,69367500)
edge: (701.25,32160350)
edge: (450.25,19736000)
edge: (342.6666666666667,11095200)
Time to deploy: 59ms
cloud: (2050,11116800)
Time to deploy: 50ms
edge: (309,4936800)
Time to deploy: 50ms
cloud: (1661.5,4936000)
cloud: (3404.6666666666665,31270933.333333332)
Time to deploy: 63ms
edge: (864.5,44402400)
Time to deploy: 54ms
-------

> birex_orchestrator@1.0.0 start /usr/src/app
> node orchestrator.js

cloud: (2625.3333333333335,19746133.333333332)
Time to deploy: 84ms
edge: (491.5,19731200)
edge: (379.3333333333333,11097600)
Time to deploy: 75ms
cloud: (2112.5,11082600)
Time to deploy: 76ms
edge: (246,1233600)
Time to deploy: 53ms
cloud: (1280.5,1233400)
cloud: (5961,69367500)
Time to deploy: 86ms
edge: (1328,69480000)
edge: (472.3333333333333,19765333.333333332)
edge: (582,19732800)
edge: (381,11107200)
Time to deploy: 57ms
cloud: (2131.5,11095200)
Time to deploy: 57ms
edge: (396,4936800)
Time to deploy: 54ms
cloud: (1662,4924000)
cloud: (3385.3333333333335,31268266.666666668)
Time to deploy: 90ms
edge: (738,44323200)
Time to deploy: 57ms
-------
