edge: (167,1233000)
edge: (166.33333333333334,1233733.3333333333)
edge: (228.33333333333334,1233333.3333333333)
edge: (190.66666666666666,1232933.3333333333)
edge: (207,1231600)
edge: (237.25,1235400)
edge: (213.33333333333334,1231466.6666666667)
edge: (221.5,1232300)
edge: (443.3333333333333,1232000)
edge: (240,1232266.6666666667)
edge: (293,4935466.666666667)
edge: (282.3333333333333,4936000)
edge: (291.75,4928000)
edge: (280.6666666666667,4934933.333333333)
edge: (264.75,4930800)
edge: (311,4933866.666666667)
edge: (265,4933333.333333333)
edge: (239.25,4937600)
edge: (245,4942400)
edge: (258,4933600)
edge: (364.6666666666667,11102400)
edge: (322.5,11104200)
edge: (352,11113200)
edge: (380,11113200)
edge: (311.3333333333333,11098800)
edge: (349.3333333333333,11098800)
edge: (358.25,11102400)
edge: (294.3333333333333,11096400)
edge: (317,11103300)
edge: (322.3333333333333,11091600)
edge: (422.3333333333333,19714133.333333332)
edge: (469.5,19744000)
edge: (393.6666666666667,19722666.666666668)
edge: (448.25,19734400)
edge: (430.6666666666667,19735466.666666668)
edge: (421,19756800)
edge: (407.6666666666667,19718400)
edge: (526.25,19745600)
edge: (434.3333333333333,19712000)
edge: (410.3333333333333,19735466.666666668)
edge: (579.25,28070700)
edge: (573,30853333.333333332)
edge: (618.75,30847500)
edge: (549.3333333333334,30813333.333333332)
edge: (596.25,30852500)
edge: (593,30846666.666666668)
edge: (536.3333333333334,30863333.333333332)
edge: (589,30836666.666666668)
edge: (618.3333333333334,30796666.666666668)
edge: (580.75,30817500)
edge: (744.3333333333334,44409600)
edge: (819.5,44431200)
edge: (753,44395200)
edge: (710.75,44388000)
edge: (854,44409600)
edge: (802,44380800)
edge: (778.6666666666666,44371200)
edge: (775.6666666666666,44347200)
edge: (783.75,44438400)
edge: (757.3333333333334,44376000)
edge: (1133.25,56450600)
edge: (1046,60446400)
edge: (1085.25,60436600)
edge: (1059.6666666666667,60407200)
edge: (1111.75,60402300)
edge: (1058.3333333333333,60446400)
edge: (1567,60461100)
edge: (1060.3333333333333,60485600)
edge: (927.75,60417000)
edge: (1070,60361466.666666664)
-------
