Pipeline1[zone:cloud]:(2674.6666666666665,19761066.666666668) Pipeline2[zone:cloud]:(1576,7404864) Pipeline3[zone:cloud]:(1032.6666666666667,831103.6666666666)
Time to deploy: 136ms
Pipeline1[zone:edge]:(676,19731200) Pipeline2[zone:cloud]:(2418.6666666666665,11104800) Pipeline3[zone:cloud]:(1497.6666666666667,1232666.6666666667)
Pipeline1[zone:edge]:(433.6666666666667,11102400) Pipeline2[zone:cloud]:(1612,4936000) Pipeline3[zone:cloud]:(5980.5,69513750)
Time to deploy: 74ms
Time to deploy: 93ms
Pipeline1[zone:cloud]:(2176,11091600) Pipeline2[zone:cloud]:(1730.25,4934800) Pipeline3[zone:edge]:(1242,69423750)
Pipeline1[zone:cloud]:(1352.6666666666667,1233866.6666666667) Pipeline2[zone:cloud]:(4244.5,44395200) Pipeline3[zone:edge]:(491.5,19734400)
Time to deploy: 93ms
Time to deploy: 113ms
Pipeline1[zone:cloud]:(1327.75,1234300) Pipeline2[zone:edge]:(1114,44409600) Pipeline3[zone:cloud]:(2964,19737600)
Pipeline1[zone:cloud]:(6037.5,69345000) Pipeline2[zone:edge]:(658.75,25909200) Pipeline3[zone:cloud]:(2280,13254200)
Time to deploy: 71ms
Time to deploy: 97ms
Pipeline1[zone:edge]:(1326,69255000) Pipeline2[zone:cloud]:(2469.5,19769600) Pipeline3[zone:cloud]:(2333.5,11091600)
Pipeline1[zone:edge]:(669.5,32144350) Pipeline2[zone:cloud]:(2193,13272700) Pipeline3[zone:cloud]:(1820.3333333333333,6988000)
Pipeline1[zone:edge]:(487.6666666666667,19722666.666666668) Pipeline2[zone:cloud]:(2014.3333333333333,11106000) Pipeline3[zone:cloud]:(1695.25,4936800)
Pipeline1[zone:edge]:(350,13269800) Pipeline2[zone:cloud]:(1424.25,3704400) Pipeline3[zone:cloud]:(4224,44467200)
Time to deploy: 119ms
Time to deploy: 137ms
Pipeline1[zone:cloud]:(2062,11107800) Pipeline2[zone:cloud]:(1399.6666666666667,1234133.3333333333) Pipeline3[zone:edge]:(714,44409600)
Pipeline1[zone:cloud]:(1809.6666666666667,6984800) Pipeline2[zone:cloud]:(3791.5,35209550) Pipeline3[zone:edge]:(639,25912400)
Time to deploy: 88ms
Time to deploy: 95ms
Pipeline1[zone:cloud]:(1691.3333333333333,4931733.333333333) Pipeline2[zone:edge]:(1370,69412500) Pipeline3[zone:cloud]:(2638,19724800)
Pipeline1[zone:cloud]:(3382.6666666666665,31305600) Pipeline2[zone:edge]:(642.75,32159525) Pipeline3[zone:cloud]:(2380.3333333333335,13975733.333333334)
Pipeline1[zone:cloud]:(4173,44361600) Pipeline2[zone:edge]:(471.5,19716800) Pipeline3[zone:cloud]:(2111.25,11101500)
Time to deploy: 99ms
Time to deploy: 102ms
-------