cloud: (0,0)
cloud: (2220,18000000)
cloud: (3380.0000000000005,27000000)
cloud: (2110.0000000000005,12500000)
cloud: (2130,12500000)
cloud: (1290,1390000)
cloud: (1330,1410000)
cloud: (6483.333333333333,58875000)
cloud: (6830,65416666.666666664)
cloud: (3457.142857142857,53900000.00000001)
cloud: (3240,22500000)
cloud: (2700,12500000)
cloud: (2090,12500000)
cloud: (1630.0000000000002,5610000)
cloud: (1650,5570000.000000001)
cloud: (4425,40400000)
cloud: (4290,50500000)
-------
cloud: (0,0)
cloud: (2710.0000000000005,22500000)
cloud: (2710.0000000000005,22500000)
cloud: (2110.0000000000005,12500000)
cloud: (2562.5,12500000)
cloud: (1330,1370000.0000000002)
cloud: (1060,1680000)
cloud: (6590,78500000)
cloud: (6670.000000000001,78500000.00000001)
cloud: (2710.0000000000005,31833333.333333332)
cloud: (2690,22500000)
cloud: (1775,12500000)
cloud: (1708.3333333333333,12500000)
cloud: (1670,5610000)
cloud: (2637.5,5590000)
cloud: (4341.666666666667,40400000)
cloud: (4430.000000000001,50500000)
-------
cloud: (0,0)
cloud: (2750,22500000)
cloud: (2770.0000000000005,22500000)
cloud: (2110.0000000000005,12500000)
cloud: (2070,12500000)
cloud: (1310.0000000000002,1390000)
cloud: (1290,1430000.0000000002)
cloud: (5340,78500000)
cloud: (8037.500000000001,78500000.00000001)
cloud: (2690,31833333.333333332)
cloud: (2670,22500000)
cloud: (2070,12500000)
cloud: (2010,12499999.999999998)
cloud: (1610,5590000)
cloud: (1650,5630000.000000001)
cloud: (4370.000000000001,40400000)
cloud: (4330,50500000)
-------
cloud: (0,0)
cloud: (2650.0000000000005,22500000)
cloud: (2630,22500000)
cloud: (2030,12500000)
cloud: (2110.0000000000005,12500000)
cloud: (1290,1410000)
cloud: (1350,1175000)
cloud: (6570,78500000)
cloud: (6270,94200000)
cloud: (2810,31833333.333333332)
cloud: (2710.0000000000005,22500000)
cloud: (2170.0000000000005,12500000)
cloud: (2070,12500000)
cloud: (1650,5610000)
cloud: (1630.0000000000002,5630000.000000001)
cloud: (5320,50500000)
cloud: (4390,42083333.33333333)
-------
cloud: (0,0)
cloud: (2750,22500000)
cloud: (2710.0000000000005,22500000)
cloud: (2110.0000000000005,12500000)
cloud: (2190,12500000)
cloud: (1370.0000000000002,1410000)
cloud: (1290,1370000)
cloud: (6730.000000000001,62800000)
cloud: (6710,78500000.00000001)
cloud: (2790,38200000.00000001)
cloud: (3462.5,22500000)
cloud: (2090,12500000)
cloud: (2050.0000000000005,12500000)
cloud: (1710,5590000)
cloud: (1690.0000000000002,5610000)
cloud: (4510,50500000)
cloud: (4510,50500000)
-------
cloud: (0,0)
cloud: (2690,22500000)
cloud: (2790,22500000)
cloud: (2110.0000000000005,12500000)
cloud: (2150,15625000)
cloud: (1370.0000000000002,1370000.0000000002)
cloud: (1310.0000000000002,1350000)
cloud: (5340,78500000.00000001)
cloud: (5360.000000000001,78500000)
cloud: (2710.0000000000005,22500000)
cloud: (2710.0000000000005,22500000)
cloud: (2110.0000000000005,12500000)
cloud: (2050.0000000000005,12500000)
cloud: (1610,5610000)
cloud: (1650,5570000.000000001)
cloud: (4450,50500000)
cloud: (4470,50500000)
-------
cloud: (0,0)
cloud: (2650.0000000000005,22500000)
cloud: (2630,22500000)
cloud: (2480,12500000)
cloud: (2970,12500000)
cloud: (1290,1370000.0000000002)
cloud: (1270,1410000)
cloud: (7070,65416666.666666664)
cloud: (6390,94200000)
cloud: (2690,22500000)
cloud: (2670,22500000)
cloud: (2130,12500000)
cloud: (2050.0000000000005,12500000)
cloud: (1650,5590000)
cloud: (1650,5590000)
cloud: (4390,50500000)
cloud: (4430.000000000001,50500000)
-------
cloud: (0,0)
cloud: (2690,22500000)
cloud: (2730,22500000)
cloud: (2110.0000000000005,12500000)
cloud: (2150,12500000)
cloud: (1290,1430000.0000000002)
cloud: (1270,1390000)
cloud: (6630,78500000.00000001)
cloud: (6530,78500000.00000001)
cloud: (2710.0000000000005,27000000)
cloud: (2690,22500000)
cloud: (2070,12500000)
cloud: (1725,12500000)
cloud: (1610,5550000)
cloud: (1650,5610000)
cloud: (4350,50500000)
cloud: (4370.000000000001,50500000)
-------
cloud: (0,0)
cloud: (2690,22500000)
cloud: (3280,22500000)
cloud: (2700,12500000)
cloud: (2110.0000000000005,12500000)
cloud: (1330,1390000)
cloud: (1310.0000000000002,1141666.6666666667)
cloud: (4050,78500000.00000001)
cloud: (6690,78500000.00000001)
cloud: (5610,22500000)
cloud: (2340,22500000)
cloud: (2110.0000000000005,12500000)
cloud: (2110.0000000000005,12500000)
cloud: (1650,5570000.000000001)
cloud: (1690.0000000000002,5570000.000000001)
cloud: (3640,50500000)
cloud: (4350,50500000)
-------
cloud: (0,0)
cloud: (2690,22500000)
cloud: (2710.0000000000005,22500000)
cloud: (2130,12500000)
cloud: (2110.0000000000005,12500000)
cloud: (1350,1390000)
cloud: (1310.0000000000002,1370000.0000000002)
cloud: (6570,78500000)
cloud: (5140,78500000.00000001)
cloud: (2730,22500000)
cloud: (2650.0000000000005,22500000)
cloud: (2070,12500000)
cloud: (2090,12500000)
cloud: (1610,5610000)
cloud: (1590,5570000.000000001)
cloud: (4250.000000000001,50500000)
cloud: (4330,50500000)
-------
cloud: (0,0)
cloud: (2610,22500000)
cloud: (2730,22500000)
cloud: (2170.0000000000005,12500000)
cloud: (2090,12500000)
cloud: (1330,1430000.0000000002)
cloud: (1290,1410000)
cloud: (6530,62800000)
cloud: (6410,78500000.00000001)
cloud: (2650.0000000000005,22500000)
cloud: (2710,22500000)
cloud: (2110.0000000000005,12500000)
cloud: (2150,12500000)
cloud: (1630.0000000000002,5590000)
cloud: (1630.0000000000002,5610000)
cloud: (4270,50500000)
cloud: (4290,50500000)
-------
cloud: (0,0)
cloud: (2120,22500000)
cloud: (3140.0000000000005,22500000)
cloud: (2660,12500000)
cloud: (2050.0000000000005,12500000)
cloud: (1310.0000000000002,1390000)
cloud: (1250.0000000000002,1430000.0000000002)
cloud: (3810,47100000)
cloud: (6630,78500000.00000001)
cloud: (5060.000000000001,44916666.666666664)
cloud: (2810,22500000)
cloud: (2600,12500000)
cloud: (2090,12500000)
cloud: (1550,5610000)
cloud: (1590,5590000)
cloud: (3520,40400000)
cloud: (4370,50500000)
-------
cloud: (0,0)
cloud: (2570,22500000)
cloud: (2710.0000000000005,22500000)
cloud: (2090,12500000)
cloud: (2090,12500000)
cloud: (1330,1390000)
cloud: (1310.0000000000002,1410000)
cloud: (6630,78500000.00000001)
cloud: (6390,78500000.00000001)
cloud: (2710.0000000000005,22500000)
cloud: (2670,22500000)
cloud: (2050.0000000000005,12500000)
cloud: (2070,12500000)
cloud: (1590,5630000.000000001)
cloud: (1610,5590000)
cloud: (4270,50500000)
cloud: (4330,50500000)
-------
cloud: (0,0)
cloud: (2690,22500000)
cloud: (2710.0000000000005,22500000)
cloud: (2070,12500000)
cloud: (2170.0000000000005,12500000)
cloud: (1290,1430000.0000000002)
cloud: (1310.0000000000002,1430000.0000000002)
cloud: (5200,94200000)
cloud: (6675,78500000.00000001)
cloud: (4160.000000000001,22500000)
cloud: (2730,22500000)
cloud: (2070,12500000)
cloud: (2010,12500000)
cloud: (1650,5610000)
cloud: (1590,5590000)
cloud: (3480,50500000)
cloud: (4390,50500000)
-------
cloud: (0,0)
cloud: (910,22500000)
cloud: (971.0000000000001,22500000)
cloud: (815.0000000000001,12500000)
cloud: (731,12500000)
cloud: (401.00000000000006,1370000.0000000002)
cloud: (415.00000000000006,1370000.0000000002)
cloud: (3210,78500000.00000001)
cloud: (3770.0000000000005,94200000)
cloud: (1110,28125000)
cloud: (1030,22500000)
cloud: (795,12500000)
cloud: (735.0000000000001,12500000)
cloud: (547.0000000000001,5610000)
cloud: (521,5590000.000000001)
cloud: (2110.0000000000005,50500000)
cloud: (2462.4999999999995,50500000)
-------
cloud: (0,0)
cloud: (1425,22500000)
cloud: (2710.0000000000005,22500000)
cloud: (2530.0000000000005,12500000)
cloud: (1660.0000000000002,12500000)
cloud: (2060,1390000)
cloud: (1290,1430000.0000000002)
cloud: (2237.5,98125000)
cloud: (6530,78500000.00000001)
cloud: (4716.666666666667,22500000)
cloud: (2670,22500000)
cloud: (2450,12500000)
cloud: (2090,12500000)
cloud: (2280,4500000)
cloud: (1630.0000000000002,4500000)
cloud: (3075,50500000)
cloud: (4430.000000000001,50500000)
-------
cloud: (0,0)
cloud: (2730,22500000)
cloud: (2690,22500000)
cloud: (2110.0000000000005,12500000)
cloud: (1775,12500000)
cloud: (1310.0000000000002,1410000)
cloud: (1270,1390000)
cloud: (4887.5,78500000.00000001)
cloud: (7900.000000000001,78500000.00000001)
cloud: (3516.6666666666665,22500000)
cloud: (2730,22500000)
cloud: (2070,12500000)
cloud: (2030,12500000)
cloud: (1610,6987500)
cloud: (1630.0000000000002,4675000)
cloud: (3460,50500000)
cloud: (4330,50500000)
-------
cloud: (0,0)
cloud: (2810,22500000)
cloud: (2730,22500000)
cloud: (2030,12500000)
cloud: (2130,12500000)
cloud: (1290,1430000.0000000002)
cloud: (1350,1350000)
cloud: (4662.5,78500000.00000001)
cloud: (7090.000000000001,78500000.00000001)
cloud: (3585.7142857142853,22500000)
cloud: (3340,22500000)
cloud: (2070,12500000)
cloud: (2110.0000000000005,12500000)
cloud: (1570.0000000000002,5590000)
cloud: (1630.0000000000002,5550000)
cloud: (4375,50500000)
cloud: (4490.000000000001,50500000)
-------
cloud: (0,0)
cloud: (2670,22500000.000000004)
cloud: (2770,22500000)
cloud: (2150,12500000)
cloud: (2190,12500000)
cloud: (1330,1700000)
cloud: (1350,1120000)
cloud: (5541.666666666666,78500000)
cloud: (8212.5,78500000.00000001)
cloud: (2650.0000000000005,31833333.333333332)
cloud: (2730,22500000)
cloud: (2110.0000000000005,12500000)
cloud: (2110.0000000000005,12500000)
cloud: (1630.0000000000002,5610000)
cloud: (1650,5570000.000000001)
cloud: (4430.000000000001,50500000)
cloud: (4370.000000000001,50500000)
-------
cloud: (0,0)
cloud: (2730,22500000)
cloud: (2750,22500000)
cloud: (2070,12500000)
cloud: (2110.0000000000005,12500000)
cloud: (1290,1410000)
cloud: (1270,1370000.0000000002)
cloud: (6830,78500000.00000001)
cloud: (5220,78500000.00000001)
cloud: (2710.0000000000005,22500000)
cloud: (2670,22500000)
cloud: (2150,12500000)
cloud: (2070,12500000)
cloud: (1610,5590000)
cloud: (1710,5610000)
cloud: (4390,50500000)
cloud: (5437.5,50500000)
-------
cloud: (0,0)
cloud: (2200.0000000000005,22500000)
cloud: (2710.0000000000005,22500000)
cloud: (2660,12500000)
cloud: (2050.0000000000005,12500000)
cloud: (1310.0000000000002,1410000)
cloud: (1330,1390000)
cloud: (5012.5,78500000)
cloud: (6650.000000000001,78500000.00000001)
cloud: (3600,22500000)
cloud: (2650.0000000000005,22500000)
cloud: (2600,12500000)
cloud: (2070,12500000)
cloud: (1630.0000000000002,5650000)
cloud: (1590,5610000)
cloud: (3480,50500000)
cloud: (4250.000000000001,50500000)
-------
cloud: (0,0)
cloud: (1413,22500000)
cloud: (2670,22500000)
cloud: (2720,12500000)
cloud: (2560.0000000000005,12500000)
cloud: (1490.0000000000002,1430000.0000000002)
cloud: (1710,1390000)
cloud: (1700,65416666.666666664)
cloud: (6570,65416666.666666664)
cloud: (4000,22500000)
cloud: (2750,22500000)
cloud: (2170.0000000000005,12500000)
cloud: (2150,12500000)
cloud: (1730,4480000)
cloud: (1650,4460000.000000001)
cloud: (4430.000000000001,50500000)
cloud: (4490.000000000001,50500000)
-------
cloud: (0,0)
cloud: (3280,22500000)
cloud: (2770.0000000000005,22500000)
cloud: (2170.0000000000005,12500000)
cloud: (2150,12500000)
cloud: (1410,1175000)
cloud: (1310.0000000000002,1812500)
cloud: (8187.500000000001,94200000)
cloud: (8262.5,94200000)
cloud: (2750,22500000)
cloud: (2730,22500000)
cloud: (2210,12500000)
cloud: (2310,12500000)
cloud: (1770,5650000)
cloud: (1710,5590000)
cloud: (4590,50500000)
cloud: (4430.000000000001,50500000)
-------
cloud: (0,0)
cloud: (2730,22500000)
cloud: (2730,22500000)
cloud: (1775,12500000)
cloud: (2637.5,12500000)
cloud: (1290,1410000)
cloud: (1290,1430000.0000000002)
cloud: (3710.0000000000005,62800000)
cloud: (6350,78500000.00000001)
cloud: (5630.000000000001,38200000.00000001)
cloud: (2650.0000000000005,22500000)
cloud: (1708.3333333333333,12500000)
cloud: (2050.0000000000005,12500000)
cloud: (1630.0000000000002,5590000)
cloud: (1610,7012500)
cloud: (3500.0000000000005,50500000)
cloud: (4330,50500000)
-------
cloud: (0,0)
cloud: (2120,22500000)
cloud: (2200.0000000000005,18000000)
cloud: (2640,12500000)
cloud: (2110.0000000000005,12500000)
cloud: (1290,1430000.0000000002)
cloud: (1290,1390000)
cloud: (3850,78500000.00000001)
cloud: (6570,78500000.00000001)
cloud: (4860,27000000)
cloud: (3220,22500000)
cloud: (2640,12500000)
cloud: (2050.0000000000005,12500000)
cloud: (1590,5590000)
cloud: (1650,5570000.000000001)
cloud: (3499.9999999999995,50500000)
cloud: (4510,50500000)
-------
cloud: (0,0)
cloud: (2750,22500000)
cloud: (2690,22500000)
cloud: (2250,12500000)
cloud: (2150,12500000)
cloud: (1330,1410000)
cloud: (1330,1390000)
cloud: (5320,78500000.00000001)
cloud: (6590,78500000.00000001)
cloud: (3340,22500000)
cloud: (2670,22500000)
cloud: (2130,12500000)
cloud: (2070,12500000)
cloud: (1690.0000000000002,5590000)
cloud: (1630.0000000000002,5630000.000000001)
cloud: (3791.6666666666665,50500000)
cloud: (4550.000000000001,50500000)
