cloud: (0,0)
cloud: (1945.0000000000002,22500000)
Time to deploy: 2828ms
edge: (8350,22500000)
edge: (830.0000000000001,15000000)
edge: (763.0000000000001,12500000)
Time to deploy: 2350ms
cloud: (1097.5,1390000)
cloud: (1370.0000000000002,1390000)
cloud: (4816.666666666667,78500000.00000001)
Time to deploy: 3350ms
edge: (3912.5000000000005,78500000.00000001)
edge: (1799,22500000)
edge: (872.0000000000001,27000000)
edge: (780,12500000)
Time to deploy: 2625ms
cloud: (982.5,12500000)
cloud: (2180,5610000)
Time to deploy: 2715ms
edge: (1302.5000000000002,6720000)
edge: (1150,50500000)
edge: (1280.0000000000002,50500000)
-------
cloud: (0,0)
cloud: (2750,18000049)
Time to deploy: 4006ms
edge: (879,18000000)
edge: (893.0000000000001,16500000)
edge: (741,12500000)
Time to deploy: 2302ms
cloud: (1662.5,5550000)
cloud: (1662.5,1430000.0000000002)
cloud: (6590,20300000)
Time to deploy: 3093ms
edge: (2190,86200000.00000001)
edge: (920.0000000000001,44900000)
edge: (1046.0000000000002,28125000)
edge: (721.0000000000001,20625000)
edge: (691.0000000000001,12500000)
Time to deploy: 2612ms
cloud: (1750.0000000000002,12066666.666666666)
cloud: (1730,5550000)
cloud: (4630,28050000)
Time to deploy: 3654ms
edge: (2020.0000000000002,50250000)
-------
cloud: (0,0)
cloud: (1945.0000000000002,22500000)
Time to deploy: 2828ms
edge: (8350,22500000)
edge: (830.0000000000001,15000000)
edge: (763.0000000000001,12500000)
Time to deploy: 2350ms
cloud: (1097.5,1390000)
cloud: (1370.0000000000002,1390000)
cloud: (4816.666666666667,78500000.00000001)
Time to deploy: 3350ms
edge: (3912.5000000000005,78500000.00000001)
edge: (1799,22500000)
edge: (872.0000000000001,27000000)
edge: (780,12500000)
Time to deploy: 2625ms
cloud: (982.5,12500000)
cloud: (2180,5610000)
Time to deploy: 2715ms
edge: (1302.5000000000002,6720000)
edge: (1150,50500000)
edge: (1280.0000000000002,50500000)
-------
cloud: (0,0)
cloud: (2630,22500000)
Time to deploy: 2959ms
edge: (823,27000000)
edge: (687,12500000)
Time to deploy: 2530ms
cloud: (2070,10416666.666666666)
Time to deploy: 3206ms
edge: (427.00000000000006,1700000)
Time to deploy: 2580ms
cloud: (1330,1450000)
cloud: (6630,78500000.00000001)
Time to deploy: 3399ms
edge: (1990.0000000000002,78500000.00000001)
edge: (846,18000000)
edge: (813,22500000)
edge: (657,10000000.000000002)
Time to deploy: 2891ms
cloud: (1808.3333333333333,12500000)
Time to deploy: 2715ms
edge: (469.00000000000006,6680000)
Time to deploy: 1985ms
cloud: (1650,4658333.333333333)
cloud: (4270,50500000)
Time to deploy: 2868ms
edge: (1370.0000000000002,60600000)
-------
cloud: (0,0)
cloud: (2283.75,13500049)
Time to deploy: 3560ms
edge: (5400,28125000)
edge: (904,14500000)
Time to deploy: 2196ms
cloud: (1413.333333333333,12500000)
cloud: (1375,3600000)
cloud: (1310.0000000000002,1410000)
cloud: (5133.333333333333,52816666.666666664)
Time to deploy: 3942ms
edge: (5250,78500000.00000001)
edge: (1299,33700000.00000001)
edge: (630,22500000)
edge: (653,14500000)
Time to deploy: 2728ms
cloud: (1356.6666666666665,12500000)
cloud: (1575,7020000)
cloud: (1610,5610000)
cloud: (3100,39262500)
Time to deploy: 3432ms
edge: (1425,41030000)
-------
cloud: (0,0)
cloud: (2750,22500000)
Time to deploy: 3805ms
edge: (1215,22500000)
edge: (840,12500000)
Time to deploy: 2191ms
cloud: (2310,12500000)
Time to deploy: 3076ms
edge: (537.5,1425000)
Time to deploy: 2296ms
cloud: (1430.0000000000002,1425000)
cloud: (6750,78500000)
Time to deploy: 3357ms
edge: (2400,78500000)
edge: (772.5,18000000)
edge: (933,18000000)
edge: (738,12500000)
Time to deploy: 2595ms
cloud: (2310,9375000)
Time to deploy: 3721ms
edge: (690,8750000)
Time to deploy: 2692ms
cloud: (1870.0000000000002,4212500)
Time to deploy: 3862ms
edge: (1890,29809999.999999996)
edge: (1690.0000000000002,50500000)
-------
cloud: (0,0)
cloud: (2670,18750000)
Time to deploy: 3458ms
edge: (938.0000000000001,22500000)
edge: (619.0000000000001,12500000)
Time to deploy: 2314ms
cloud: (2150,10416666.666666666)
Time to deploy: 3507ms
edge: (479,1390000)
Time to deploy: 2407ms
cloud: (1330,1720000)
cloud: (6950,78500000.00000001)
Time to deploy: 3720ms
edge: (1891.6666666666665,94200000)
edge: (867,22500000)
edge: (829,22500000)
edge: (635,12500000)
Time to deploy: 2677ms
cloud: (1758.3333333333333,10416666.666666666)
cloud: (1630.0000000000002,5570000.000000001)
cloud: (1630.0000000000002,5610000)
cloud: (4390,50500000)
Time to deploy: 3167ms
edge: (1450,60600000)
-------
cloud: (0,0)
cloud: (1947,18000049)
Time to deploy: 3701ms
edge: (8150.000000000001,22500000)
edge: (709.0000000000001,18125000)
edge: (721.0000000000001,12500000)
Time to deploy: 2847ms
cloud: (1157.5,5516666.666666666)
cloud: (1370.0000000000002,1191666.6666666667)
cloud: (4850,39612500)
Time to deploy: 3147ms
edge: (3937.5,78500000)
edge: (1433.0000000000002,42125000)
edge: (821.0000000000001,18750000)
edge: (699,18125000)
edge: (621,15625000)
edge: (485,5833333.333333333)
Time to deploy: 2275ms
cloud: (1327.5,5575000)
cloud: (3725,39262500)
Time to deploy: 3606ms
edge: (3124.9999999999995,46500000)
-------
cloud: (0,0)
cloud: (2630,22500000)
Time to deploy: 3467ms
edge: (977.0000000000001,22500000)
edge: (651,12500000)
Time to deploy: 3044ms
cloud: (2250,12500000)
Time to deploy: 2673ms
edge: (521,1410000)
Time to deploy: 2009ms
cloud: (1175,1390000)
cloud: (6390,78500000)
Time to deploy: 2845ms
edge: (2150,78500000.00000001)
edge: (801,22500000)
edge: (777,22500000)
edge: (677,12500000)
Time to deploy: 3272ms
cloud: (2190,12500000)
Time to deploy: 3137ms
edge: (629,5590000)
Time to deploy: 2362ms
cloud: (1770,5610000)
cloud: (4410,50500000)
Time to deploy: 3327ms
edge: (1291.6666666666665,50500000)
-------
cloud: (0,0)
cloud: (2830.0000000000005,22500000)
Time to deploy: 9752ms
edge: (4125,22500000)
edge: (848.75,12500000)
Time to deploy: 2872ms
cloud: (1762.5,12500000)
cloud: (1290,1680000)
cloud: (1310.0000000000002,1370000.0000000002)
cloud: (5220,65416666.666666664)
Time to deploy: 3196ms
edge: (1812.5,94200000)
edge: (844,22500000)
edge: (820,22500000)
edge: (706.25,12500000)
Time to deploy: 3238ms
cloud: (1712.5,12500000)
cloud: (1630.0000000000002,5650000)
cloud: (1610,5590000)
cloud: (3520,50500000)
Time to deploy: 3667ms
edge: (2500.0000000000005,50500000)
-------
cloud: (0,0)
cloud: (1723.75,22500000)
cloud: (2630,22500000)
Time to deploy: 3619ms
edge: (756.25,12500000)
Time to deploy: 2355ms
cloud: (2130,15000000)
Time to deploy: 2732ms
edge: (423,1410000)
Time to deploy: 2449ms
cloud: (1330,1410000)
cloud: (5691.666666666666,78500000.00000001)
Time to deploy: 2921ms
edge: (2210,78500000.00000001)
edge: (875.0000000000001,22500000)
edge: (849,22500000)
edge: (707,12500000)
Time to deploy: 2709ms
cloud: (2110.0000000000005,12500000)
Time to deploy: 3268ms
edge: (543,5590000)
Time to deploy: 2870ms
cloud: (1630.0000000000002,5610000)
cloud: (4410,50500000)
Time to deploy: 3474ms
edge: (1610,50500000)
-------
cloud: (0,0)
cloud: (2829.9999999999995,27000000)
Time to deploy: 3126ms
edge: (1017,18000000)
edge: (623,12500000)
Time to deploy: 2925ms
cloud: (2090,10000000.000000002)
Time to deploy: 3403ms
edge: (533,1140000)
Time to deploy: 3074ms
cloud: (1350,1100000.0000000002)
cloud: (6650,78500000.00000001)
Time to deploy: 3669ms
edge: (2310,83000000)
edge: (890.0000000000001,22500000)
edge: (859,22500000)
edge: (723,12500000)
Time to deploy: 3321ms
cloud: (2130,10000000.000000002)
Time to deploy: 3028ms
edge: (527,4460000.000000001)
Time to deploy: 2441ms
cloud: (1610,4480000)
cloud: (5362.5,50500000)
Time to deploy: 3265ms
edge: (1375,46500000)
-------
cloud: (0,0)
cloud: (2690,22500000)
Time to deploy: 3224ms
edge: (2650,27000000)
edge: (677,12500000)
Time to deploy: 2539ms
cloud: (2283.3333333333335,12500000)
Time to deploy: 3452ms
edge: (774,1680000)
Time to deploy: 2632ms
cloud: (1112.5,1410000)
cloud: (6575,78500000.00000001)
Time to deploy: 3629ms
edge: (3675,78500000.00000001)
edge: (849,22500000)
edge: (903,22500000)
edge: (647,12500000)
Time to deploy: 2902ms
cloud: (2316.6666666666665,12500000)
Time to deploy: 2946ms
edge: (970.0000000000001,6740000)
Time to deploy: 2004ms
cloud: (1850,5610000)
Time to deploy: 3107ms
edge: (1683.3333333333333,50500000)
edge: (1470,50500000)
-------
cloud: (0,0)
cloud: (2630,22500000)
Time to deploy: 3377ms
edge: (987,22500000)
edge: (741,12500000)
Time to deploy: 2034ms
cloud: (2350.0000000000005,12500000)
Time to deploy: 3578ms
edge: (555,1410000)
Time to deploy: 2120ms
cloud: (1430.0000000000002,1370000.0000000002)
cloud: (5591.666666666666,78500000.00000001)
Time to deploy: 3795ms
edge: (2150,78500000.00000001)
edge: (779.0000000000001,22500000)
edge: (727.0000000000001,22500000)
edge: (591,12500000)
Time to deploy: 2393ms
cloud: (2150,12500000)
Time to deploy: 3043ms
edge: (615,5590000)
Time to deploy: 2486ms
cloud: (1750.0000000000002,5590000)
cloud: (4310.000000000001,50500000)
Time to deploy: 3207ms
edge: (1550,50500000)
-------
cloud: (0,0)
cloud: (2610,13502900.000000002)
Time to deploy: 3277ms
edge: (817,30000000)
edge: (615,14500000)
Time to deploy: 2702ms
cloud: (2070,16666666.666666666)
Time to deploy: 3465ms
edge: (473,4212500)
Time to deploy: 2793ms
cloud: (1310.0000000000002,1866666.6666666665)
cloud: (5591.666666666666,39612500)
Time to deploy: 2692ms
edge: (2030,90125000)
edge: (669.1666666666666,42125000)
edge: (809.0000000000001,28125000)
edge: (543,14500000)
Time to deploy: 3088ms
cloud: (2410.0000000000005,16666666.666666666)
Time to deploy: 2955ms
edge: (549,7287500)
Time to deploy: 2185ms
cloud: (1610,7466666.666666666)
cloud: (4370.000000000001,39287500)
Time to deploy: 3131ms
edge: (1490.0000000000002,41470000)
-------
cloud: (0,0)
cloud: (2750,22500000)
Time to deploy: 3589ms
edge: (1144,27000000)
edge: (685.0000000000001,12500000)
Time to deploy: 3069ms
cloud: (1875,12500000)
Time to deploy: 2800ms
edge: (513,1410000)
Time to deploy: 2178ms
cloud: (1430.0000000000002,1370000.0000000002)
cloud: (5260,98125000)
Time to deploy: 4013ms
edge: (1858.3333333333333,78500000.00000001)
edge: (956.0000000000001,22500000)
edge: (890.0000000000001,22500000)
edge: (677,12500000)
Time to deploy: 2485ms
cloud: (1841.6666666666665,12500000)
Time to deploy: 3297ms
edge: (585,5610000)
Time to deploy: 2604ms
cloud: (1750.0000000000002,5650000)
cloud: (4330,50500000)
Time to deploy: 3490ms
edge: (1470,50500000)
-------
cloud: (0,0)
cloud: (2630,18002900.000000004)
Time to deploy: 3082ms
edge: (961,18000000)
edge: (578.9999999999999,14500000)
Time to deploy: 2926ms
cloud: (2580,16666666.666666668)
Time to deploy: 3233ms
edge: (453,4162500)
Time to deploy: 3022ms
cloud: (1310.0000000000002,1400000)
cloud: (6770,59237500)
Time to deploy: 3418ms
edge: (2050.0000000000005,62800000)
edge: (795,33700000.00000001)
edge: (811,22500000)
edge: (559.0000000000001,12500000)
Time to deploy: 3301ms
cloud: (2110.0000000000005,12500000)
Time to deploy: 3741ms
edge: (513,6080000.000000001)
Time to deploy: 2423ms
cloud: (1650,4187500.0000000005)
cloud: (4290,31410000)
Time to deploy: 3882ms
edge: (1350,50500000)
-------
cloud: (0,0)
cloud: (2710.0000000000005,22500000)
Time to deploy: 2887ms
edge: (846,19070000.000000004)
edge: (641,12500000)
Time to deploy: 2666ms
cloud: (2050.0000000000005,9375000)
Time to deploy: 3096ms
edge: (459,1100000)
Time to deploy: 2768ms
cloud: (1637.5,1400000)
cloud: (6790.000000000001,62800000)
Time to deploy: 4278ms
edge: (2170.0000000000005,102750000)
edge: (701,22500000)
edge: (735,22500000)
edge: (551,12500000)
Time to deploy: 3075ms
cloud: (2130,9375000)
Time to deploy: 3571ms
edge: (493.00000000000006,4500000)
Time to deploy: 2171ms
cloud: (1610,5625000)
cloud: (4570,50500000.00000001)
Time to deploy: 2793ms
edge: (1470,50937499.99999999)
-------
cloud: (0,0)
cloud: (1900.0000000000002,28125000)
Time to deploy: 3086ms
edge: (5900,22500000)
edge: (649.0000000000001,12500000)
Time to deploy: 2656ms
cloud: (1040.0000000000002,12500000)
cloud: (1840.0000000000002,1390000)
Time to deploy: 3319ms
edge: (1142.4999999999998,1390000)
edge: (1217.0000000000002,78500000.00000001)
edge: (1910,78500000.00000001)
edge: (1390,22500000)
edge: (868,22500000)
edge: (643.0000000000001,12500000)
Time to deploy: 2986ms
cloud: (1057.5,12500000)
cloud: (1810.0000000000002,5590000)
Time to deploy: 3751ms
edge: (1767.5000000000002,5610000)
edge: (1151.0000000000002,50500000)
edge: (1500,50500000)
-------
cloud: (0,0)
cloud: (2610,22500000)
Time to deploy: 3134ms
edge: (953.0000000000001,28125000)
edge: (633,12500000)
Time to deploy: 2979ms
cloud: (1858.3333333333333,9375000)
Time to deploy: 3312ms
edge: (509,1400000)
Time to deploy: 2063ms
cloud: (1450,1450000)
cloud: (6590,62800000)
Time to deploy: 3461ms
edge: (2230.0000000000005,78500000.00000001)
edge: (733.0000000000001,22500000)
edge: (834,22500000)
edge: (603,12500000)
Time to deploy: 2292ms
cloud: (3562.5,9375000)
Time to deploy: 2726ms
edge: (678,5625000)
Time to deploy: 2404ms
cloud: (1850,5600000)
Time to deploy: 2877ms
edge: (1710,57124999.99999999)
edge: (1390,50500000)
-------
cloud: (0,0)
cloud: (2650.0000000000005,22500000)
Time to deploy: 3413ms
edge: (1039,22500000)
edge: (699,12500000)
Time to deploy: 2298ms
cloud: (1808.3333333333333,15000000)
Time to deploy: 3617ms
edge: (429,1450000)
Time to deploy: 2393ms
cloud: (1290,1410000)
cloud: (5120.000000000001,78500000)
Time to deploy: 2767ms
edge: (1930.0000000000002,78500000.00000001)
edge: (930,22500000)
edge: (741,22500000)
edge: (639,12500000)
Time to deploy: 2732ms
cloud: (1758.3333333333333,12500000)
cloud: (1610,5610000)
cloud: (1650,5590000)
cloud: (4250.000000000001,50500000)
Time to deploy: 3164ms
edge: (1490.0000000000002,50500000)
-------
cloud: (0,0)
cloud: (2670,22500000)
Time to deploy: 3277ms
edge: (996,22500000)
edge: (605,12500000)
Time to deploy: 2805ms
cloud: (1800,10000000.000000002)
cloud: (1310.0000000000002,1370000.0000000002)
cloud: (1310.0000000000002,1410000)
cloud: (6330,78500000.00000001)
Time to deploy: 3687ms
edge: (1780.0000000000002,78500000.00000001)
edge: (749,22500000)
edge: (766.0000000000001,22500000)
edge: (571.0000000000001,12500000)
Time to deploy: 3198ms
cloud: (1760,12500000)
cloud: (1670,5610000)
cloud: (1670,5590000)
cloud: (4270,50500000)
Time to deploy: 3111ms
edge: (1191.6666666666667,50500000)
-------
cloud: (0,0)
cloud: (2730,22500000)
Time to deploy: 3599ms
edge: (932.0000000000001,27000000)
edge: (671,12500000)
Time to deploy: 2482ms
cloud: (2510,12500000)
Time to deploy: 2827ms
edge: (409.00000000000006,1390000)
Time to deploy: 2583ms
cloud: (1330,1410000)
cloud: (6730.000000000001,78500000.00000001)
Time to deploy: 3019ms
edge: (2170.0000000000005,78500000.00000001)
edge: (809.0000000000001,22500000)
edge: (866.0000000000001,22500000)
edge: (579,12500000)
Time to deploy: 2876ms
cloud: (2130,10416666.666666666)
Time to deploy: 3311ms
edge: (527,5590000)
Time to deploy: 2988ms
cloud: (1690.0000000000002,5590000)
cloud: (3460,50500000)
Time to deploy: 3518ms
edge: (1600.0000000000002,60600000)
-------
cloud: (0,0)
cloud: (3262.5,22500000)
Time to deploy: 3010ms
edge: (1054,16875000)
edge: (799,12500000)
Time to deploy: 2663ms
cloud: (1583.3333333333333,16666666.666666666)
cloud: (1330,1370000.0000000002)
cloud: (1390,1370000.0000000002)
cloud: (6770,58875000)
Time to deploy: 3458ms
edge: (1550,60200000.00000001)
edge: (842.0000000000001,22500000)
edge: (816,22500000)
edge: (607.0000000000001,12500000)
Time to deploy: 3063ms
cloud: (1550,16666666.666666666)
cloud: (1320,5570000.000000001)
cloud: (1690.0000000000002,5590000)
cloud: (4490.000000000001,40400000)
Time to deploy: 3907ms
edge: (1770,44100000)
-------
cloud: (0,0)
cloud: (2690,22500000)
Time to deploy: 3584ms
edge: (881.0000000000001,22500000)
edge: (665,12500000)
Time to deploy: 2361ms
cloud: (2250,12500000)
Time to deploy: 2821ms
edge: (594,1370000.0000000002)
Time to deploy: 2454ms
cloud: (1450,1450000)
cloud: (5000.000000000001,98125000)
Time to deploy: 2993ms
edge: (2230.0000000000005,78500000.00000001)
edge: (896.0000000000001,22500000)
edge: (884.0000000000001,22500000)
edge: (673.0000000000001,12500000)
Time to deploy: 2726ms
cloud: (2250,12500000)
Time to deploy: 3365ms
edge: (758,5610000)
Time to deploy: 2843ms
cloud: (1475,6720000)
cloud: (4390,50500000)
Time to deploy: 3594ms
edge: (1530,50500000)
-------
cloud: (0,0)
cloud: (2770.0000000000005,22500000)
Time to deploy: 3142ms
edge: (921,22500000)
edge: (751.0000000000001,15625000)
edge: (693,12500000)
Time to deploy: 2530ms
cloud: (1370.0000000000002,1410000)
cloud: (1390,1410000)
cloud: (6750,78500000.00000001)
Time to deploy: 3536ms
edge: (2050.0000000000005,78500000.00000001)
edge: (897,22500000)
edge: (809.0000000000001,22500000)
edge: (685.0000000000001,12500000)
Time to deploy: 2819ms
cloud: (2050.0000000000005,15000000)
Time to deploy: 2826ms
edge: (509,5610000)
Time to deploy: 2903ms
cloud: (1630.0000000000002,6720000)
cloud: (4370.000000000001,50500000)
Time to deploy: 9057ms
edge: (1510,46500000)
-------
cloud: (0,0)
cloud: (2670,22500000)
Time to deploy: 2894ms
edge: (898,33750000)
edge: (607.0000000000001,12500000)
Time to deploy: 2847ms
cloud: (2662.5,12500000)
Time to deploy: 3112ms
edge: (429,1390000)
Time to deploy: 2965ms
cloud: (1330,2125000)
cloud: (6450,78500000.00000001)
Time to deploy: 3294ms
edge: (2390,78500000.00000001)
edge: (875.0000000000001,18750000)
edge: (749,22500000)
edge: (601.0000000000001,10416666.666666666)
Time to deploy: 3202ms
cloud: (2090,12500000)
Time to deploy: 3562ms
edge: (485,5610000)
Time to deploy: 2294ms
cloud: (1610,5610000)
cloud: (4270,50500000)
Time to deploy: 3790ms
edge: (1430.0000000000002,60600000)
-------
cloud: (0,0)
cloud: (2650.0000000000005,28125000)
Time to deploy: 3355ms
edge: (950,28125000)
edge: (671,12500000)
Time to deploy: 2118ms
cloud: (2270,9375000)
Time to deploy: 3605ms
edge: (563,1400000)
Time to deploy: 2193ms
cloud: (1430.0000000000002,1350000)
cloud: (6470,78500000)
Time to deploy: 2816ms
edge: (2210,65908333.33333333)
edge: (874,22500000)
edge: (777,22500000)
edge: (627,12500000)
Time to deploy: 2468ms
cloud: (2170.0000000000005,9374999.999999998)
Time to deploy: 3073ms
edge: (595.0000000000001,5625000)
Time to deploy: 2578ms
cloud: (1770,5550000)
cloud: (4290,50500000)
Time to deploy: 3245ms
edge: (1450,48300000)
-------
cloud: (0,0)
cloud: (2225,22500000)
Time to deploy: 3594ms
edge: (1005,27000000)
edge: (599,12500000)
Time to deploy: 2909ms
cloud: (1858.3333333333333,12500000)
Time to deploy: 2745ms
edge: (561,1390000)
Time to deploy: 2014ms
cloud: (1430.0000000000002,1700000)
cloud: (6230,78500000.00000001)
Time to deploy: 2903ms
edge: (1990.0000000000002,94200000)
edge: (765,22500000)
edge: (709.0000000000001,22500000)
edge: (579,12500000)
Time to deploy: 2295ms
cloud: (1841.6666666666665,12500000)
Time to deploy: 3188ms
edge: (567,5590000)
Time to deploy: 2427ms
cloud: (1770.0000000000002,5590000)
cloud: (4370.000000000001,40400000)
Time to deploy: 3334ms
edge: (1630.0000000000002,60600000)
-------
cloud: (0,0)
cloud: (3287.5,22500000)
Time to deploy: 3208ms
edge: (998.0000000000001,22500000)
edge: (671,12500000)
Time to deploy: 2508ms
cloud: (1891.6666666666665,12500000)
Time to deploy: 3395ms
edge: (585.0000000000001,1370000.0000000002)
Time to deploy: 2583ms
cloud: (1430.0000000000002,1390000)
cloud: (6670.000000000001,78500000.00000001)
Time to deploy: 3623ms
edge: (2090,78500000.00000001)
edge: (719,22500000)
edge: (747,22500000)
edge: (589.0000000000001,12500000)
Time to deploy: 2839ms
cloud: (2250,12500000)
Time to deploy: 2901ms
edge: (603,6720000)
Time to deploy: 2951ms
cloud: (1810.0000000000002,5570000.000000001)
Time to deploy: 3013ms
edge: (1610,50500000)
edge: (1370.0000000000002,50500000)
-------
cloud: (0,0)
cloud: (2690,22500000)
Time to deploy: 2411ms
edge: (865,22500000)
edge: (723,12500000)
Time to deploy: 2647ms
cloud: (2090,12500000)
Time to deploy: 2610ms
edge: (423,1720000.0000000002)
Time to deploy: 2736ms
cloud: (1350,1390000)
cloud: (6590,78500000.00000001)
Time to deploy: 3808ms
edge: (2450,78500000.00000001)
edge: (839.0000000000001,22500000)
edge: (835,18000000)
edge: (623,12500000)
Time to deploy: 2987ms
cloud: (2150,10416666.666666666)
Time to deploy: 3071ms
edge: (473,6760000.000000001)
Time to deploy: 2090ms
cloud: (1590,5590000)
cloud: (4350,50500000)
Time to deploy: 3297ms
edge: (1191.6666666666667,50500000)
-------
cloud: (0,0)
cloud: (2630,22500000)
Time to deploy: 2774ms
edge: (983.0000000000001,28125000)
edge: (611,15625000)
edge: (629,15625000)
edge: (391.00000000000006,1712500)
Time to deploy: 2749ms
cloud: (1430.0000000000002,1375000)
cloud: (6590,62800000)
Time to deploy: 3145ms
edge: (2050.0000000000005,99462500)
edge: (749,22500000)
edge: (737,22500000)
edge: (535.0000000000001,12500000)
Time to deploy: 3040ms
cloud: (2150,9375000)
Time to deploy: 3402ms
edge: (585,5630000)
Time to deploy: 2098ms
cloud: (1750.0000000000002,4212500)
cloud: (4310.000000000001,50500000)
Time to deploy: 3543ms
edge: (1470,46500000)
-------
cloud: (0,0)
cloud: (2300,22500000)
Time to deploy: 2716ms
edge: (5500,22500000)
edge: (697.0000000000001,12500000)
Time to deploy: 2381ms
cloud: (1027.5,7500000)
cloud: (1370.0000000000002,1390000)
cloud: (1270,1390000.0000000002)
cloud: (6350,62800000)
Time to deploy: 3057ms
edge: (1930.0000000000002,76650000)
edge: (723,22500000)
edge: (745.0000000000001,22500000)
edge: (573,12500000)
Time to deploy: 2795ms
cloud: (2150,7500000)
Time to deploy: 3316ms
edge: (495,4480000)
Time to deploy: 2928ms
cloud: (1610,4480000)
cloud: (4230,50500000)
Time to deploy: 3493ms
edge: (1350,46100000)
-------
cloud: (0,0)
cloud: (2775,22500000)
Time to deploy: 3235ms
edge: (2650,18000000)
edge: (729,12500000)
Time to deploy: 2370ms
cloud: (2383.3333333333335,10000000.000000002)
Time to deploy: 3466ms
edge: (892.0000000000001,1330000)
Time to deploy: 2480ms
cloud: (1137.5,1120000)
cloud: (6850,58875000)
Time to deploy: 3683ms
edge: (3574.9999999999995,88800000)
edge: (1165,22500000)
edge: (899.0000000000001,22500000)
edge: (679.0000000000001,12500000)
Time to deploy: 2757ms
cloud: (2383.3333333333335,12500000)
Time to deploy: 3052ms
edge: (961.0000000000001,4710000)
Time to deploy: 2887ms
cloud: (1791.2499999999998,5550000)
cloud: (3075,40400000)
Time to deploy: 3184ms
edge: (3150,50500000)
-------
cloud: (0,0)
cloud: (2670,22500000)
Time to deploy: 3103ms
edge: (991,22500000)
edge: (635,12500000)
Time to deploy: 2535ms
cloud: (2150,12500000)
Time to deploy: 3323ms
edge: (483,1120000)
Time to deploy: 2648ms
cloud: (1310.0000000000002,933333.3333333333)
cloud: (6550.000000000001,62800000)
Time to deploy: 3533ms
edge: (2537.5,82600000.00000001)
edge: (853,22500000)
edge: (855,22500000)
edge: (633,12500000)
Time to deploy: 2908ms
cloud: (2030,10000000.000000002)
Time to deploy: 2812ms
edge: (515,4460000.000000001)
Time to deploy: 3009ms
cloud: (1650,4520000.000000001)
cloud: (4270,50500000)
Time to deploy: 3003ms
edge: (1350,37083333.33333333)
