
> birex_orchestrator@1.0.0 start /usr/src/app
> node orchestrator.js

cloud: (2220,18000000)
cloud: (3380.0000000000005,27000000)
cloud: (2110.0000000000005,12500000)
cloud: (2130,12500000)
cloud: (1290,1390000)
cloud: (1330,1410000)
cloud: (6483.333333333333,58875000)
cloud: (6830,65416666.666666664)
cloud: (3457.142857142857,53900000.00000001)
cloud: (3240,22500000)
cloud: (2700,12500000)
cloud: (2090,12500000)
cloud: (1630.0000000000002,5610000)
cloud: (1650,5570000.000000001)
cloud: (4425,40400000)
cloud: (4290,50500000)
-------

> birex_orchestrator@1.0.0 start /usr/src/app
> node orchestrator.js

cloud: (2710.0000000000005,22500000)
cloud: (2710.0000000000005,22500000)
cloud: (2110.0000000000005,12500000)
cloud: (2562.5,12500000)
cloud: (1330,1370000.0000000002)
cloud: (1060,1680000)
cloud: (6590,78500000)
cloud: (6670.000000000001,78500000.00000001)
cloud: (2710.0000000000005,31833333.333333332)
cloud: (2690,22500000)
cloud: (1775,12500000)
cloud: (1708.3333333333333,12500000)
cloud: (1670,5610000)
cloud: (2637.5,5590000)
cloud: (4341.666666666667,40400000)
cloud: (4430.000000000001,50500000)
-------

> birex_orchestrator@1.0.0 start /usr/src/app
> node orchestrator.js

cloud: (2670,NaN)
cloud: (2710.0000000000005,NaN)
cloud: (2150,NaN)
cloud: (2130,NaN)
cloud: (1310.0000000000002,NaN)
cloud: (1290,NaN)
cloud: (5040.000000000001,NaN)
cloud: (6410,NaN)
cloud: (3483.333333333333,22500000)
cloud: (2670,22500000)
cloud: (1990.0000000000002,12500000)
cloud: (2030,12500000)
cloud: (1590,5610000)
cloud: (1610,5590000)
cloud: (3540,50500000)
cloud: (4310.000000000001,50500000)
-------

> birex_orchestrator@1.0.0 start /usr/src/app
> node orchestrator.js

cloud: (2750,22500000)
cloud: (2770.0000000000005,22500000)
cloud: (2110.0000000000005,12500000)
cloud: (2070,12500000)
cloud: (1310.0000000000002,1390000)
cloud: (1290,1430000.0000000002)
cloud: (5340,78500000)
cloud: (8037.500000000001,78500000.00000001)
cloud: (2690,31833333.333333332)
cloud: (2670,22500000)
cloud: (2070,12500000)
cloud: (2010,12499999.999999998)
cloud: (1610,5590000)
cloud: (1650,5630000.000000001)
cloud: (4370.000000000001,40400000)
cloud: (4330,50500000)
-------

> birex_orchestrator@1.0.0 start /usr/src/app
> node orchestrator.js

cloud: (2650.0000000000005,22500000)
cloud: (2630,22500000)
cloud: (2030,12500000)
cloud: (2110.0000000000005,12500000)
cloud: (1290,1410000)
cloud: (1350,1175000)
cloud: (6570,78500000)
cloud: (6270,94200000)
cloud: (2810,31833333.333333332)
cloud: (2710.0000000000005,22500000)
cloud: (2170.0000000000005,12500000)
cloud: (2070,12500000)
cloud: (1650,5610000)
cloud: (1630.0000000000002,5630000.000000001)
cloud: (5320,50500000)
cloud: (4390,42083333.33333333)
-------

> birex_orchestrator@1.0.0 start /usr/src/app
> node orchestrator.js

cloud: (2750,22500000)
cloud: (2710.0000000000005,22500000)
cloud: (2110.0000000000005,12500000)
cloud: (2190,12500000)
cloud: (1370.0000000000002,1410000)
cloud: (1290,1370000)
cloud: (6730.000000000001,62800000)
cloud: (6710,78500000.00000001)
cloud: (2790,38200000.00000001)
cloud: (3462.5,22500000)
cloud: (2090,12500000)
cloud: (2050.0000000000005,12500000)
cloud: (1710,5590000)
cloud: (1690.0000000000002,5610000)
cloud: (4510,50500000)
cloud: (4510,50500000)
-------

> birex_orchestrator@1.0.0 start /usr/src/app
> node orchestrator.js

cloud: (2690,22500000)
cloud: (2790,22500000)
cloud: (2110.0000000000005,12500000)
cloud: (2150,15625000)
cloud: (1370.0000000000002,1370000.0000000002)
cloud: (1310.0000000000002,1350000)
cloud: (5340,78500000.00000001)
cloud: (5360.000000000001,78500000)
cloud: (2710.0000000000005,22500000)
cloud: (2710.0000000000005,22500000)
cloud: (2110.0000000000005,12500000)
cloud: (2050.0000000000005,12500000)
cloud: (1610,5610000)
cloud: (1650,5570000.000000001)
cloud: (4450,50500000)
cloud: (4470,50500000)
-------

> birex_orchestrator@1.0.0 start /usr/src/app
> node orchestrator.js

cloud: (2650.0000000000005,22500000)
cloud: (2630,22500000)
cloud: (2480,12500000)
cloud: (2970,12500000)
cloud: (1290,1370000.0000000002)
cloud: (1270,1410000)
cloud: (7070,65416666.666666664)
cloud: (6390,94200000)
cloud: (2690,22500000)
cloud: (2670,22500000)
cloud: (2130,12500000)
cloud: (2050.0000000000005,12500000)
cloud: (1650,5590000)
cloud: (1650,5590000)
cloud: (4390,50500000)
cloud: (4430.000000000001,50500000)
-------

> birex_orchestrator@1.0.0 start /usr/src/app
> node orchestrator.js

cloud: (2690,22500000)
cloud: (2730,22500000)
cloud: (2110.0000000000005,12500000)
cloud: (2150,12500000)
cloud: (1290,1430000.0000000002)
cloud: (1270,1390000)
cloud: (6630,78500000.00000001)
cloud: (6530,78500000.00000001)
cloud: (2710.0000000000005,27000000)
cloud: (2690,22500000)
cloud: (2070,12500000)
cloud: (1725,12500000)
cloud: (1610,5550000)
cloud: (1650,5610000)
cloud: (4350,50500000)
cloud: (4370.000000000001,50500000)
-------

> birex_orchestrator@1.0.0 start /usr/src/app
> node orchestrator.js

cloud: (2690,22500000)
cloud: (3280,22500000)
cloud: (2700,12500000)
cloud: (2110.0000000000005,12500000)
cloud: (1330,1390000)
cloud: (1310.0000000000002,1141666.6666666667)
cloud: (4050,78500000.00000001)
cloud: (6690,78500000.00000001)
cloud: (5610,22500000)
cloud: (2340,22500000)
cloud: (2110.0000000000005,12500000)
cloud: (2110.0000000000005,12500000)
cloud: (1650,5570000.000000001)
cloud: (1690.0000000000002,5570000.000000001)
cloud: (3640,50500000)
cloud: (4350,50500000)
-------

> birex_orchestrator@1.0.0 start /usr/src/app
> node orchestrator.js

cloud: (2690,22500000)
cloud: (2710.0000000000005,22500000)
cloud: (2130,12500000)
cloud: (2110.0000000000005,12500000)
cloud: (1350,1390000)
cloud: (1310.0000000000002,1370000.0000000002)
cloud: (6570,78500000)
cloud: (5140,78500000.00000001)
cloud: (2730,22500000)
cloud: (2650.0000000000005,22500000)
cloud: (2070,12500000)
cloud: (2090,12500000)
cloud: (1610,5610000)
cloud: (1590,5570000.000000001)
cloud: (4250.000000000001,50500000)
cloud: (4330,50500000)
-------

> birex_orchestrator@1.0.0 start /usr/src/app
> node orchestrator.js

cloud: (2610,22500000)
cloud: (2730,22500000)
cloud: (2170.0000000000005,12500000)
cloud: (2090,12500000)
cloud: (1330,1430000.0000000002)
cloud: (1290,1410000)
cloud: (6530,62800000)
cloud: (6410,78500000.00000001)
cloud: (2650.0000000000005,22500000)
cloud: (2710,22500000)
cloud: (2110.0000000000005,12500000)
cloud: (2150,12500000)
cloud: (1630.0000000000002,5590000)
cloud: (1630.0000000000002,5610000)
cloud: (4270,50500000)
cloud: (4290,50500000)
-------

> birex_orchestrator@1.0.0 start /usr/src/app
> node orchestrator.js

cloud: (2120,22500000)
cloud: (3140.0000000000005,22500000)
cloud: (2660,12500000)
cloud: (2050.0000000000005,12500000)
cloud: (1310.0000000000002,1390000)
cloud: (1250.0000000000002,1430000.0000000002)
cloud: (3810,47100000)
cloud: (6630,78500000.00000001)
cloud: (5060.000000000001,44916666.666666664)
cloud: (2810,22500000)
cloud: (2600,12500000)
cloud: (2090,12500000)
cloud: (1550,5610000)
cloud: (1590,5590000)
cloud: (3520,40400000)
cloud: (4370,50500000)
-------

> birex_orchestrator@1.0.0 start /usr/src/app
> node orchestrator.js

cloud: (2710.0000000000005,22500000)
cloud: (2790,22500000)
cloud: (2700,12500000)
cloud: (2090,12500000)
cloud: (1310,1390000)
cloud: (1370.0000000000002,1158333.3333333333)
cloud: (5062.5,78500000.00000001)
cloud: (6650,78500000.00000001)
cloud: (4641.666666666667,22500000)
cloud: (2790,22500000)
cloud: (2050.0000000000005,12500000)
cloud: (2010,12500000)
cloud: (1630.0000000000002,5610000)
cloud: (1650,5610000)
cloud: (4325,50500000)
cloud: (4450,42083333.33333333)
-------

> birex_orchestrator@1.0.0 start /usr/src/app
> node orchestrator.js

cloud: (2570,22500000)
cloud: (2710.0000000000005,22500000)
cloud: (2090,12500000)
cloud: (2090,12500000)
cloud: (1330,1390000)
cloud: (1310.0000000000002,1410000)
cloud: (6630,78500000.00000001)
cloud: (6390,78500000.00000001)
cloud: (2710.0000000000005,22500000)
cloud: (2670,22500000)
cloud: (2050.0000000000005,12500000)
cloud: (2070,12500000)
cloud: (1590,5630000.000000001)
cloud: (1610,5590000)
cloud: (4270,50500000)
cloud: (4330,50500000)
-------

> birex_orchestrator@1.0.0 start /usr/src/app
> node orchestrator.js

cloud: (2670,NaN)
cloud: (2690,NaN)
cloud: (2050.0000000000005,NaN)
cloud: (2010,NaN)
cloud: (1290,NaN)
cloud: (1310.0000000000002,NaN)
cloud: (6550,NaN)
cloud: (6570,NaN)
cloud: (2850,NaN)
cloud: (2690,NaN)
cloud: (2030,NaN)
cloud: (2090,12500000)
cloud: (1610,5590000)
cloud: (1590,5570000.000000001)
cloud: (4390,50500000)
cloud: (4430.000000000001,50500000)
-------

> birex_orchestrator@1.0.0 start /usr/src/app
> node orchestrator.js

cloud: (2690,22500000)
cloud: (2710.0000000000005,22500000)
cloud: (2070,12500000)
cloud: (2170.0000000000005,12500000)
cloud: (1290,1430000.0000000002)
cloud: (1310.0000000000002,1430000.0000000002)
cloud: (5200,94200000)
cloud: (6675,78500000.00000001)
cloud: (4160.000000000001,22500000)
cloud: (2730,22500000)
cloud: (2070,12500000)
cloud: (2010,12500000)
cloud: (1650,5610000)
cloud: (1590,5590000)
cloud: (3480,50500000)
cloud: (4390,50500000)
-------

> birex_orchestrator@1.0.0 start /usr/src/app
> node orchestrator.js

cloud: (2730,13502900.000000002)
cloud: (2710.0000000000005,22500000)
cloud: (2130,19000000)
cloud: (2050.0000000000005,12500000)
cloud: (1290,3600000)
cloud: (1290,1191666.6666666667)
cloud: (6450,39612500)
cloud: (6370.000000000001,78500000.00000001)
cloud: (2650.0000000000005,50500000)
cloud: (2770.0000000000005,22500000)
cloud: (2090,19000000)
cloud: (2110.0000000000005,12500000)
cloud: (1630.0000000000002,6980000)
cloud: (1630.0000000000002,5630000.000000001)
cloud: (4370.000000000001,31430000)
cloud: (3560.0000000000005,50500000)
-------

> birex_orchestrator@1.0.0 start /usr/src/app
> node orchestrator.js

cloud: (1425,22500000)
cloud: (2710.0000000000005,22500000)
cloud: (2530.0000000000005,12500000)
cloud: (1660.0000000000002,12500000)
cloud: (2060,1390000)
cloud: (1290,1430000.0000000002)
cloud: (2237.5,98125000)
cloud: (6530,78500000.00000001)
cloud: (4716.666666666667,22500000)
cloud: (2670,22500000)
cloud: (2450,12500000)
cloud: (2090,12500000)
cloud: (2280,4500000)
cloud: (1630.0000000000002,4500000)
cloud: (3075,50500000)
cloud: (4430.000000000001,50500000)
-------

> birex_orchestrator@1.0.0 start /usr/src/app
> node orchestrator.js

cloud: (3437.5,22500000)
cloud: (3387.5,22500000)
cloud: (1680,12500000)
cloud: (1620,12500000)
cloud: (1310.0000000000002,2075000.0000000002)
cloud: (1330,933333.3333333333)
cloud: (6670.000000000001,78500000.00000001)
cloud: (6590,78700000)
cloud: (2710.0000000000005,22500000)
cloud: (2670,22500000)
cloud: (1990.0000000000002,12500000)
cloud: (2050.0000000000005,12500000)
cloud: (1650,5590000)
cloud: (1610,5570000.000000001)
cloud: (4330,50500000)
cloud: (4310.000000000001,42083333.33333333)
-------

> birex_orchestrator@1.0.0 start /usr/src/app
> node orchestrator.js

cloud: (2730,22500000)
cloud: (2690,22500000)
cloud: (2110.0000000000005,12500000)
cloud: (1775,12500000)
cloud: (1310.0000000000002,1410000)
cloud: (1270,1390000)
cloud: (4887.5,78500000.00000001)
cloud: (7900.000000000001,78500000.00000001)
cloud: (3516.6666666666665,22500000)
cloud: (2730,22500000)
cloud: (2070,12500000)
cloud: (2030,12500000)
cloud: (1610,6987500)
cloud: (1630.0000000000002,4675000)
cloud: (3460,50500000)
cloud: (4330,50500000)
-------

> birex_orchestrator@1.0.0 start /usr/src/app
> node orchestrator.js

cloud: (2810,22500000)
cloud: (2730,22500000)
cloud: (2030,12500000)
cloud: (2130,12500000)
cloud: (1290,1430000.0000000002)
cloud: (1350,1350000)
cloud: (4662.5,78500000.00000001)
cloud: (7090.000000000001,78500000.00000001)
cloud: (3585.7142857142853,22500000)
cloud: (3340,22500000)
cloud: (2070,12500000)
cloud: (2110.0000000000005,12500000)
cloud: (1570.0000000000002,5590000)
cloud: (1630.0000000000002,5550000)
cloud: (4375,50500000)
cloud: (4490.000000000001,50500000)
-------

> birex_orchestrator@1.0.0 start /usr/src/app
> node orchestrator.js

cloud: (2670,22500000.000000004)
cloud: (2770,22500000)
cloud: (2150,12500000)
cloud: (2190,12500000)
cloud: (1330,1700000)
cloud: (1350,1120000)
cloud: (5541.666666666666,78500000)
cloud: (8212.5,78500000.00000001)
cloud: (2650.0000000000005,31833333.333333332)
cloud: (2730,22500000)
cloud: (2110.0000000000005,12500000)
cloud: (2110.0000000000005,12500000)
cloud: (1630.0000000000002,5610000)
cloud: (1650,5570000.000000001)
cloud: (4430.000000000001,50500000)
cloud: (4370.000000000001,50500000)
-------

> birex_orchestrator@1.0.0 start /usr/src/app
> node orchestrator.js

cloud: (2790,22500000)
cloud: (2790,22500000)
cloud: (2130,12500000)
cloud: (2070,12500000)
cloud: (1290,1158333.3333333333)
cloud: (1310.0000000000002,1175000)
cloud: (4687.5,62800000)
cloud: (5625,78500000.00000001)
cloud: (4625,38200000.00000001)
cloud: (2730,22500000)
cloud: (2720,12500000)
cloud: (2090,12500000)
cloud: (1590,5590000)
cloud: (1650,5570000.000000001)
cloud: (4325,40400000)
cloud: (4370.000000000001,50500000)
-------

> birex_orchestrator@1.0.0 start /usr/src/app
> node orchestrator.js

cloud: (2730,22500000)
cloud: (2750,22500000)
cloud: (2070,12500000)
cloud: (2110.0000000000005,12500000)
cloud: (1290,1410000)
cloud: (1270,1370000.0000000002)
cloud: (6830,78500000.00000001)
cloud: (5220,78500000.00000001)
cloud: (2710.0000000000005,22500000)
cloud: (2670,22500000)
cloud: (2150,12500000)
cloud: (2070,12500000)
cloud: (1610,5590000)
cloud: (1710,5610000)
cloud: (4390,50500000)
cloud: (5437.5,50500000)
-------

> birex_orchestrator@1.0.0 start /usr/src/app
> node orchestrator.js

cloud: (2670,22500000)
cloud: (2770.0000000000005,22500000)
cloud: (2170.0000000000005,12500000)
cloud: (2110.0000000000005,10416666.666666666)
cloud: (1310.0000000000002,1410000)
cloud: (1330,1390000)
cloud: (7310,58875000)
cloud: (6630,78500000.00000001)
cloud: (2770.0000000000005,41166666.666666664)
cloud: (2730,22500000)
cloud: (2130,18125000)
cloud: (2130,12500000)
cloud: (1670,6960000)
cloud: (1650,5570000.000000001)
cloud: (4530,31410000)
cloud: (5380,50500000)
-------

> birex_orchestrator@1.0.0 start /usr/src/app
> node orchestrator.js

cloud: (2810,22500000)
cloud: (2750,22500000)
cloud: (2612.5,12500000)
cloud: (2637.5,12500000)
cloud: (1310.0000000000002,1410000)
cloud: (1580,1680000)
cloud: (6610.000000000001,78500000)
cloud: (6600,78500000)
cloud: (2690,31833333.333333332)
cloud: (2790,13500000)
cloud: (2070,19000000)
cloud: (2662.5,12500000)
cloud: (1610,6960000)
cloud: (1630.0000000000002,5610000)
cloud: (3520,31410000)
cloud: (4410,50500000)
-------

> birex_orchestrator@1.0.0 start /usr/src/app
> node orchestrator.js

cloud: (2200.0000000000005,22500000)
cloud: (2710.0000000000005,22500000)
cloud: (2660,12500000)
cloud: (2050.0000000000005,12500000)
cloud: (1310.0000000000002,1410000)
cloud: (1330,1390000)
cloud: (5012.5,78500000)
cloud: (6650.000000000001,78500000.00000001)
cloud: (3600,22500000)
cloud: (2650.0000000000005,22500000)
cloud: (2600,12500000)
cloud: (2070,12500000)
cloud: (1630.0000000000002,5650000)
cloud: (1590,5610000)
cloud: (3480,50500000)
cloud: (4250.000000000001,50500000)
-------

> birex_orchestrator@1.0.0 start /usr/src/app
> node orchestrator.js

cloud: (1413,22500000)
cloud: (2670,22500000)
cloud: (2720,12500000)
cloud: (2560.0000000000005,12500000)
cloud: (1490.0000000000002,1430000.0000000002)
cloud: (1710,1390000)
cloud: (1700,65416666.666666664)
cloud: (6570,65416666.666666664)
cloud: (4000,22500000)
cloud: (2750,22500000)
cloud: (2170.0000000000005,12500000)
cloud: (2150,12500000)
cloud: (1730,4480000)
cloud: (1650,4460000.000000001)
cloud: (4430.000000000001,50500000)
cloud: (4490.000000000001,50500000)
-------

> birex_orchestrator@1.0.0 start /usr/src/app
> node orchestrator.js

cloud: (3280,22500000)
cloud: (2770.0000000000005,22500000)
cloud: (2170.0000000000005,12500000)
cloud: (2150,12500000)
cloud: (1410,1175000)
cloud: (1310.0000000000002,1812500)
cloud: (8187.500000000001,94200000)
cloud: (8262.5,94200000)
cloud: (2750,22500000)
cloud: (2730,22500000)
cloud: (2210,12500000)
cloud: (2310,12500000)
cloud: (1770,5650000)
cloud: (1710,5590000)
cloud: (4590,50500000)
cloud: (4430.000000000001,50500000)
-------

> birex_orchestrator@1.0.0 start /usr/src/app
> node orchestrator.js

cloud: (2670,13502900.000000002)
cloud: (2730,22500000)
cloud: (2190,16500000)
cloud: (2090,12500000)
cloud: (1350,6160000)
cloud: (1310.0000000000002,1370000.0000000002)
cloud: (6610.000000000001,52783333.33333333)
cloud: (6470,78500000.00000001)
cloud: (2730,50500000)
cloud: (2650.0000000000005,22500000)
cloud: (2050.0000000000005,19000000)
cloud: (2130,12500000)
cloud: (1610,7000000.000000001)
cloud: (1650,5570000.000000001)
cloud: (4390,39287500)
cloud: (4470,50500000)
-------

> birex_orchestrator@1.0.0 start /usr/src/app
> node orchestrator.js

cloud: (2120,22500000)
cloud: (2790,22500000)
cloud: (2270,12500000)
cloud: (2110.0000000000005,12500000)
cloud: (1470,1787500)
cloud: (1350,1410000)
cloud: (5225,78500000.00000001)
cloud: (6590,78500000.00000001)
cloud: (5308.333333333333,22500000)
cloud: (2730,22500000)
cloud: (2150,12500000)
cloud: (2090,12500000)
cloud: (1730,5590000)
cloud: (1650,5570000.000000001)
cloud: (3060,63124999.99999999)
cloud: (4370.000000000001,50500000)
-------

> birex_orchestrator@1.0.0 start /usr/src/app
> node orchestrator.js

cloud: (2690,22500000)
cloud: (2710.0000000000005,22500000)
cloud: (2090,12500000)
cloud: (2050.0000000000005,12500000)
cloud: (1310.0000000000002,1370000.0000000002)
cloud: (1330,1430000.0000000002)
cloud: (6530,78500000)
cloud: (6410,78500000.00000001)
cloud: (2810,31833333.333333332)
cloud: (2670,18000000)
cloud: (2070,14500000)
cloud: (2070,12500000)
cloud: (1590,6980000)
cloud: (1650,5610000)
cloud: (4370.000000000001,31410000)
cloud: (4390,50500000)
-------

> birex_orchestrator@1.0.0 start /usr/src/app
> node orchestrator.js

cloud: (2750,22500000)
cloud: (2690,13500000)
cloud: (2130,16500000)
cloud: (2170.0000000000005,12500000)
cloud: (1330,6080000.000000001)
cloud: (1350,1660000.0000000002)
cloud: (3910,39587500)
cloud: (5625,65416666.666666664)
cloud: (5430,50500000)
cloud: (2710.0000000000005,22500000)
cloud: (2110,16500000)
cloud: (2090,12500000)
cloud: (1650,8350000.000000001)
cloud: (1690.0000000000002,5550000)
cloud: (3560.0000000000005,40675000)
cloud: (4530,50500000)
-------

> birex_orchestrator@1.0.0 start /usr/src/app
> node orchestrator.js

cloud: (2730,22500000)
cloud: (2730,22500000)
cloud: (1775,12500000)
cloud: (2637.5,12500000)
cloud: (1290,1410000)
cloud: (1290,1430000.0000000002)
cloud: (3710.0000000000005,62800000)
cloud: (6350,78500000.00000001)
cloud: (5630.000000000001,38200000.00000001)
cloud: (2650.0000000000005,22500000)
cloud: (1708.3333333333333,12500000)
cloud: (2050.0000000000005,12500000)
cloud: (1630.0000000000002,5590000)
cloud: (1610,7012500)
cloud: (3500.0000000000005,50500000)
cloud: (4330,50500000)
-------

> birex_orchestrator@1.0.0 start /usr/src/app
> node orchestrator.js

cloud: (2120,22500000)
cloud: (2200.0000000000005,18000000)
cloud: (2640,12500000)
cloud: (2110.0000000000005,12500000)
cloud: (1290,1430000.0000000002)
cloud: (1290,1390000)
cloud: (3850,78500000.00000001)
cloud: (6570,78500000.00000001)
cloud: (4860,27000000)
cloud: (3220,22500000)
cloud: (2640,12500000)
cloud: (2050.0000000000005,12500000)
cloud: (1590,5590000)
cloud: (1650,5570000.000000001)
cloud: (3499.9999999999995,50500000)
cloud: (4510,50500000)
-------

> birex_orchestrator@1.0.0 start /usr/src/app
> node orchestrator.js

cloud: (2750,22500000)
cloud: (2690,22500000)
cloud: (2250,12500000)
cloud: (2150,12500000)
cloud: (1330,1410000)
cloud: (1330,1390000)
cloud: (5320,78500000.00000001)
cloud: (6590,78500000.00000001)
cloud: (3340,22500000)
cloud: (2670,22500000)
cloud: (2130,12500000)
cloud: (2070,12500000)
cloud: (1690.0000000000002,5590000)
cloud: (1630.0000000000002,5630000.000000001)
cloud: (3791.6666666666665,50500000)
cloud: (4550.000000000001,50500000)
-------

> birex_orchestrator@1.0.0 start /usr/src/app
> node orchestrator.js

cloud: (2710.0000000000005,22500000)
cloud: (2770.0000000000005,22500000)
cloud: (2090,12500000)
cloud: (2090,12500000)
cloud: (1330,1740000)
cloud: (1330,1430000.0000000002)
cloud: (6350,78500000.00000001)
cloud: (6790.000000000001,78500000.00000001)
cloud: (2750,22500000)
cloud: (2670,22500000)
cloud: (2070,12500000)
cloud: (2070,12500000)
cloud: (1391.6666666666665,5590000)
cloud: (1650,5610000)
cloud: (4330,50500000)
cloud: (4450,50500000)
-------

> birex_orchestrator@1.0.0 start /usr/src/app
> node orchestrator.js

cloud: (2750,22500000)
cloud: (2830.0000000000005,22500000)
cloud: (2150,12500000)
cloud: (2090,12500000)
cloud: (1310.0000000000002,1430000.0000000002)
cloud: (1330,1390000)
cloud: (5012.5,78500000.00000001)
cloud: (6630,65416666.666666664)
cloud: (4525,22500000)
cloud: (2650.0000000000005,22500000)
cloud: (2050.0000000000005,12500000)
cloud: (2050.0000000000005,12500000)
cloud: (1670,5610000)
cloud: (1630.0000000000002,5630000.000000001)
cloud: (3460,50500000)
cloud: (4410,50500000)
-------

> birex_orchestrator@1.0.0 start /usr/src/app
> node orchestrator.js

cloud: (2650.0000000000005,22500000)
cloud: (2710.0000000000005,22500000)
cloud: (2190,12500000)
cloud: (2150,12500000)
cloud: (1290,1390000)
cloud: (1290,1390000)
cloud: (4637.5,98125000)
cloud: (7840.000000000001,78500000.00000001)
cloud: (3450,22500000)
cloud: (2670,22500000)
cloud: (2090,12500000)
cloud: (2110.0000000000005,12500000)
cloud: (1590,5630000.000000001)
cloud: (1630.0000000000002,5610000)
cloud: (4425,50500000)
cloud: (4390,50500000)
-------

> birex_orchestrator@1.0.0 start /usr/src/app
> node orchestrator.js

cloud: (1820,22500000)
cloud: (2710.0000000000005,22500000)
cloud: (2310,12500000)
cloud: (2090,12500000)
cloud: (1920,1410000)
cloud: (1290,1390000)
cloud: (4750,62800000)
cloud: (5491.666666666666,78500000.00000001)
cloud: (4100,38200000.00000001)
cloud: (2710.0000000000005,22500000)
cloud: (2310,12500000)
cloud: (2030,12500000)
cloud: (1790,5630000.000000001)
cloud: (1280.0000000000002,5630000.000000001)
cloud: (4087.5,50500000)
cloud: (4370.000000000001,50500000)
-------

> birex_orchestrator@1.0.0 start /usr/src/app
> node orchestrator.js

cloud: (2730,22500000)
cloud: (2690,22500000)
cloud: (2110.0000000000005,12500000)
cloud: (2010,12500000)
cloud: (1270,1390000)
cloud: (1290,1410000)
cloud: (7762.5,78500000)
cloud: (6830,78500000.00000001)
cloud: (2650.0000000000005,31833333.333333332)
cloud: (2730,22500000)
cloud: (2150,12500000)
cloud: (2130,12500000)
cloud: (1280.0000000000002,5610000)
cloud: (1630.0000000000002,5590000)
cloud: (4350,40400000)
cloud: (4410,50500000)
-------

> birex_orchestrator@1.0.0 start /usr/src/app
> node orchestrator.js

cloud: (2630,22500000)
cloud: (2750,22500000)
cloud: (2130,12500000)
cloud: (2150,12500000)
cloud: (1350,1410000)
cloud: (1330,1390000)
cloud: (6750,117750000)
cloud: (5340,98125000)
cloud: (2730,27000000)
cloud: (2670,22500000)
cloud: (2150,12500000)
cloud: (2130,12500000)
cloud: (1610,5590000)
cloud: (2062.5,5590000)
cloud: (5587.5,50500000)
cloud: (4470,50500000)
-------

> birex_orchestrator@1.0.0 start /usr/src/app
> node orchestrator.js

cloud: (2750,22500000)
cloud: (2690,22500000)
cloud: (1680,12500000)
cloud: (1760,12500000)
cloud: (1330,1450000)
cloud: (1330,1762500)
cloud: (6610.000000000001,62800000)
cloud: (6570,78500000.00000001)
cloud: (2870,38200000.00000001)
cloud: (2650.0000000000005,22500000)
cloud: (2130,12500000)
cloud: (2070,12500000)
cloud: (1690.0000000000002,5570000.000000001)
cloud: (1650,5590000)
cloud: (4410,33666666.666666664)
cloud: (4390,42083333.33333333)
-------

> birex_orchestrator@1.0.0 start /usr/src/app
> node orchestrator.js

cloud: (2710.0000000000005,22500000)
cloud: (2770.0000000000005,22500000)
cloud: (2110.0000000000005,12500000)
cloud: (2130,12500000)
cloud: (1330,1370000.0000000002)
cloud: (1310.0000000000002,1410000)
cloud: (5620,65416666.666666664)
cloud: (6890,98125000)
cloud: (2790,22500000)
cloud: (2750,22500000)
cloud: (2662.5,15000000)
cloud: (2090,10000000.000000002)
cloud: (2290.0000000000005,5610000)
cloud: (1630.0000000000002,5610000)
cloud: (4430.000000000001,50500000)
cloud: (5562.5,50500000)
-------

> birex_orchestrator@1.0.0 start /usr/src/app
> node orchestrator.js

cloud: (2610,22500000)
cloud: (2670,22500000)
cloud: (2070,12500000)
cloud: (2110.0000000000005,12500000)
cloud: (1350,1430000.0000000002)
cloud: (1330,1390000)
cloud: (6570,78500000)
cloud: (6470,78500000.00000001)
cloud: (2670,31833333.333333332)
cloud: (2650.0000000000005,22500000)
cloud: (2050.0000000000005,12500000)
cloud: (1990.0000000000002,12500000)
cloud: (1630.0000000000002,5590000)
cloud: (1690.0000000000002,5630000.000000001)
cloud: (4410,50500000)
cloud: (4390,50500000.00000001)
-------

> birex_orchestrator@1.0.0 start /usr/src/app
> node orchestrator.js

cloud: (2710.0000000000005,22500000)
cloud: (2750,22500000)
cloud: (2110.0000000000005,12500000)
cloud: (2030,12500000)
cloud: (1330,1410000)
cloud: (1330,1390000)
cloud: (6470,78500000)
cloud: (6590,65416666.666666664)
cloud: (2830.0000000000005,31833333.333333332)
cloud: (2790,22500000)
cloud: (1660.0000000000002,12500000)
cloud: (2560.0000000000005,12500000)
cloud: (1750.0000000000002,5630000.000000001)
cloud: (1870.0000000000002,5590000)
cloud: (5680,50500000)
cloud: (4470,50500000)
-------

> birex_orchestrator@1.0.0 start /usr/src/app
> node orchestrator.js

cloud: (2690,13502900.000000002)
cloud: (2770.0000000000005,18750000)
cloud: (2150,16500000)
cloud: (1741.6666666666665,15000000)
cloud: (1310.0000000000002,6120000)
cloud: (1350,1410000)
cloud: (6530,52783333.33333333)
cloud: (6430.000000000001,65416666.666666664)
cloud: (2830.0000000000005,43285714.28571428)
cloud: (2710.0000000000005,22500000)
cloud: (2070,NaN)
cloud: (2030.0000000000002,NaN)
cloud: (1610,NaN)
cloud: (1650,NaN)
cloud: (4370.000000000001,NaN)
cloud: (5512.5,NaN)
-------

> birex_orchestrator@1.0.0 start /usr/src/app
> node orchestrator.js

cloud: (2930,18000049)
cloud: (2710.0000000000005,22500000)
cloud: (2190,14500000)
cloud: (2070,12500000)
cloud: (1330,NaN)
cloud: (1350,NaN)
cloud: (4937.5,NaN)
cloud: (7900.000000000001,NaN)
cloud: (4641.666666666667,NaN)
cloud: (2710.0000000000005,NaN)
cloud: (2070,NaN)
cloud: (2070,NaN)
cloud: (1730,NaN)
cloud: (1630.0000000000002,NaN)
cloud: (4475,NaN)
cloud: (4330,NaN)
-------

> birex_orchestrator@1.0.0 start /usr/src/app
> node orchestrator.js

cloud: (2850,22500000)
cloud: (2830.0000000000005,22500000)
cloud: (2170.0000000000005,12500000)
cloud: (2190,12500000)
cloud: (1330,1370000.0000000002)
cloud: (1330,1450000)
cloud: (4050,98125000)
cloud: (6610.000000000001,62800000)
cloud: (3920.0000000000005,22500000)
cloud: (2670,22500000)
cloud: (2050.0000000000005,12500000)
cloud: (2070,12500000)
cloud: (1630.0000000000002,5590000)
cloud: (1630.0000000000002,5610000)
cloud: (3440.0000000000005,50500000)
cloud: (4370.000000000001,50500000)
-------

> birex_orchestrator@1.0.0 start /usr/src/app
> node orchestrator.js

cloud: (2710.0000000000005,18750000)
cloud: (2730,28125000)
cloud: (2090,12500000)
cloud: (2070,12500000)
cloud: (1310.0000000000002,1350000)
cloud: (1350,1680000)
cloud: (3770.0000000000005,78500000.00000001)
cloud: (6730.000000000001,94200000)
cloud: (5350,22500000)
cloud: (2690,22500000)
cloud: (2150,12500000)
cloud: (2410.0000000000005,15625000)
cloud: (1770,5630000.000000001)
cloud: (1790,5570000.000000001)
cloud: (3720,50500000)
cloud: (4489.999999999999,50500000)
-------

> birex_orchestrator@1.0.0 start /usr/src/app
> node orchestrator.js

cloud: (2710.0000000000005,22500000)
cloud: (2850,18000000)
cloud: (2110.0000000000005,12500000)
cloud: (2130,12500000)
cloud: (1330,1410000)
cloud: (1310.0000000000002,1410000)
cloud: (6590,62800000)
cloud: (7920,78500000.00000001)
cloud: (2670,22500000)
cloud: (2670,22500000)
cloud: (2030.0000000000002,12500000)
cloud: (2110.0000000000005,12500000)
cloud: (1358.3333333333333,5590000)
cloud: (1630.0000000000002,5610000)
cloud: (4330,50500000)
cloud: (4390,50500000)
-------

> birex_orchestrator@1.0.0 start /usr/src/app
> node orchestrator.js

cloud: (2710.0000000000005,22500000)
cloud: (2730,22500000)
cloud: (2090,12500000)
cloud: (2110.0000000000005,12500000)
cloud: (1350,1787500)
cloud: (1330,1370000.0000000002)
cloud: (3950.0000000000005,78500000.00000001)
cloud: (6330,78500000.00000001)
cloud: (5670,22500000)
cloud: (2690,22500000)
cloud: (2070,12500000)
cloud: (2030,12500000)
cloud: (1590,5610000)
cloud: (1610,5570000.000000001)
cloud: (2916.666666666667,50500000)
cloud: (5412.500000000001,40400000)
-------

> birex_orchestrator@1.0.0 start /usr/src/app
> node orchestrator.js

cloud: (2610,22500000)
cloud: (3340,22500000)
cloud: (2110.0000000000005,12500000)
cloud: (2050.0000000000005,12500000)
cloud: (1350,1680000)
cloud: (1330,1390000)
cloud: (6370.000000000001,78500000.00000001)
cloud: (6670.000000000001,78500000.00000001)
cloud: (3300,22500000)
cloud: (3220,22500000)
cloud: (2110.0000000000005,12500000)
cloud: (2030,12500000)
cloud: (1630.0000000000002,5570000.000000001)
cloud: (1630.0000000000002,5590000)
cloud: (4590,40400000)
cloud: (4370.000000000001,50500000)
-------

> birex_orchestrator@1.0.0 start /usr/src/app
> node orchestrator.js

cloud: (2775,22500000.000000004)
cloud: (2850,22500000)
cloud: (1858.3333333333333,12500000)
cloud: (2110.0000000000005,15000000)
cloud: (1720.0000000000002,1430000.0000000002)
cloud: (1580,1410000)
cloud: (6583.333333333333,78500000.00000001)
cloud: (6670.000000000001,78500000.00000001)
cloud: (3983.333333333333,22500000)
cloud: (2750,22500000)
cloud: (1808.3333333333333,12500000)
cloud: (2150,12500000)
cloud: (1730,4675000)
cloud: (1630.0000000000002,5610000)
cloud: (3700,50500000)
cloud: (4350,50500000)
-------

> birex_orchestrator@1.0.0 start /usr/src/app
> node orchestrator.js

cloud: (2710.0000000000005,22500000)
cloud: (2308.3333333333335,22500000)
cloud: (2150,12500000)
cloud: (2110.0000000000005,12500000)
cloud: (1330,1390000)
cloud: (1330,1141666.6666666667)
cloud: (6470,78500000.00000001)
cloud: (6610.000000000001,62800000)
cloud: (2358.3333333333335,22500000)
cloud: (2275,22500000)
cloud: (2500.0000000000005,12500000)
cloud: (2050.0000000000005,12500000)
cloud: (1630.0000000000002,5590000)
cloud: (1670,5630000)
cloud: (4490.000000000001,50500000.00000001)
cloud: (4330,63124999.99999999)
-------

> birex_orchestrator@1.0.0 start /usr/src/app
> node orchestrator.js

cloud: (2825,18000000)
cloud: (2770.0000000000005,22500000)
cloud: (2310,17000000.000000004)
cloud: (2150,12500000)
cloud: (1510,1410000)
cloud: (1540.0000000000002,1208333.3333333333)
cloud: (6750,78500000)
cloud: (6430.000000000001,78500000.00000001)
cloud: (4183.333333333333,44916666.666666664)
cloud: (2770.0000000000005,27000000)
cloud: (1825,12500000)
cloud: (2070,12500000)
cloud: (1441.6666666666665,5590000)
cloud: (1610,5630000.000000001)
cloud: (3825,50500000)
cloud: (4390,50500000)
-------

> birex_orchestrator@1.0.0 start /usr/src/app
> node orchestrator.js

cloud: (2710.0000000000005,18000049)
cloud: (2790,22500000)
cloud: (2130,14500000)
cloud: (2090,12500000)
cloud: (1290,3890000.0000000005)
cloud: (1330,1700000)
cloud: (5160,59237500)
cloud: (6590,78500000.00000001)
cloud: (2690,41166666.666666664)
cloud: (2750,22500000)
cloud: (2170.0000000000005,14500000)
cloud: (2110.0000000000005,12500000)
cloud: (1650,7000000.000000001)
cloud: (1610,4658333.333333333)
cloud: (4310.000000000001,41510000)
cloud: (4310.000000000001,60600000)
-------

> birex_orchestrator@1.0.0 start /usr/src/app
> node orchestrator.js

cloud: (2750,22500000)
cloud: (2770.0000000000005,22500000)
cloud: (2640,12500000)
cloud: (2090,12500000)
cloud: (1310.0000000000002,1430000.0000000002)
cloud: (1350,1390000)
cloud: (4987.5,78500000.00000001)
cloud: (5641.666666666666,78500000.00000001)
cloud: (4116.666666666667,22500000)
cloud: (3240,22500000)
cloud: (2620.0000000000005,12500000)
cloud: (2050.0000000000005,12500000)
cloud: (1630.0000000000002,5570000.000000001)
cloud: (1670,5570000.000000001)
cloud: (4375,50500000)
cloud: (4530,50500000)
-------

> birex_orchestrator@1.0.0 start /usr/src/app
> node orchestrator.js

cloud: (2650.0000000000005,22500000)
cloud: (2710.0000000000005,22500000)
cloud: (2070,12500000)
cloud: (2130,12500000)
cloud: (1350,1141666.6666666667)
cloud: (1330,1390000)
cloud: (6450,62800000)
cloud: (6510,78500000.00000001)
cloud: (2830.0000000000005,27000000)
cloud: (2750,22500000)
cloud: (2090,12500000)
cloud: (2070,12500000)
cloud: (1630.0000000000002,5610000)
cloud: (1630.0000000000002,5610000)
cloud: (3520,50500000)
cloud: (4410,50500000)
-------

> birex_orchestrator@1.0.0 start /usr/src/app
> node orchestrator.js

cloud: (2750,22500000)
cloud: (2790,22500000)
cloud: (2110.0000000000005,12500000)
cloud: (2150,12500000)
cloud: (1330,1410000)
cloud: (1330,1430000.0000000002)
cloud: (6630,62800000)
cloud: (6550.000000000001,78500000.00000001)
cloud: (2710.0000000000005,38200000.00000001)
cloud: (2710.0000000000005,22500000)
cloud: (2050.0000000000005,15000000)
cloud: (2050.0000000000005,12500000)
cloud: (1650,5590000)
cloud: (1630.0000000000002,5570000.000000001)
cloud: (4430.000000000001,50500000)
cloud: (4330,50500000)
-------

> birex_orchestrator@1.0.0 start /usr/src/app
> node orchestrator.js

cloud: (2910,22500000)
cloud: (2750,22500000)
cloud: (2190,12500000)
cloud: (2110,12500000)
cloud: (1290,1370000.0000000002)
cloud: (1290,1737500)
cloud: (3790,78500000.00000001)
cloud: (6490.000000000001,94199999.99999999)
cloud: (5470,22500000)
cloud: (2670,22500000)
cloud: (3640,12500000)
cloud: (2130,12500000)
cloud: (1590,5630000.000000001)
cloud: (1610,5590000)
cloud: (3520,42083333.33333333)
cloud: (4330,50500000)
-------

> birex_orchestrator@1.0.0 start /usr/src/app
> node orchestrator.js

cloud: (2730,22500000)
cloud: (2770.0000000000005,18750000)
cloud: (2050.0000000000005,12500000)
cloud: (2070,12500000)
cloud: (1330,1370000.0000000002)
cloud: (1350,1410000)
cloud: (6225,62800000)
cloud: (6570,78500000.00000001)
cloud: (4020,31833333.333333332)
cloud: (2710.0000000000005,18750000)
cloud: (2070,12500000)
cloud: (2110.0000000000005,12500000)
cloud: (1630.0000000000002,5570000.000000001)
cloud: (1650,5570000.000000001)
cloud: (3600,50500000)
cloud: (4470,50500000)
-------

> birex_orchestrator@1.0.0 start /usr/src/app
> node orchestrator.js

cloud: (2690,22500000)
cloud: (2730,22500000)
cloud: (2520,12500000)
cloud: (2580,15625000)
cloud: (1330,1390000)
cloud: (1390,1350000)
cloud: (8137.5,78500000.00000001)
cloud: (7887.500000000001,78500000.00000001)
cloud: (2750,22500000)
cloud: (2770.0000000000005,22500000)
cloud: (2090,12500000)
cloud: (2150,15625000)
cloud: (1710,5610000)
cloud: (1630.0000000000002,5590000)
cloud: (4430.000000000001,50500000)
cloud: (4410,50500000)
-------

> birex_orchestrator@1.0.0 start /usr/src/app
> node orchestrator.js

cloud: (2810,22500000)
cloud: (2730,22500000)
cloud: (2150,12500000)
cloud: (2090,12500000)
cloud: (1310.0000000000002,1410000)
cloud: (1330,1430000.0000000002)
cloud: (3990,62800000)
cloud: (4566.666666666667,78500000.00000001)
cloud: (4260,38200000.00000001)
cloud: (2770.0000000000005,22500000)
cloud: (2110.0000000000005,12500000)
cloud: (2070,12500000)
cloud: (1610,6987500)
cloud: (1630.0000000000002,5590000)
cloud: (3580,50500000)
cloud: (4370.000000000001,50500000)
-------

> birex_orchestrator@1.0.0 start /usr/src/app
> node orchestrator.js

cloud: (2650.0000000000005,22500000)
cloud: (2750,22500000)
cloud: (2190,12500000)
cloud: (1700,12500000)
cloud: (1330,1430000.0000000002)
cloud: (1330,1430000.0000000002)
cloud: (6430,98125000)
cloud: (6650,78500000.00000001)
cloud: (2670,22500000)
cloud: (2690,22500000)
cloud: (1680,12500000)
cloud: (2030,12500000)
cloud: (1610,5630000.000000001)
cloud: (1650,5590000)
cloud: (4330,50500000)
cloud: (4430.000000000001,50500000)
-------

> birex_orchestrator@1.0.0 start /usr/src/app
> node orchestrator.js

cloud: (2710.0000000000005,22500000)
cloud: (2750,22500000)
cloud: (2110.0000000000005,12500000)
cloud: (2050.0000000000005,12500000)
cloud: (1310.0000000000002,1370000.0000000002)
cloud: (1310.0000000000002,1410000)
cloud: (6470,62800000)
cloud: (6610.000000000001,94200000)
cloud: (2710.0000000000005,22500000)
cloud: (2710.0000000000005,22500000)
cloud: (2637.4999999999995,12500000)
cloud: (2030,12500000)
cloud: (1280.0000000000002,5590000)
cloud: (1920,5630000.000000001)
cloud: (4370.000000000001,50500000)
cloud: (4330,50500000)
-------

> birex_orchestrator@1.0.0 start /usr/src/app
> node orchestrator.js

cloud: (2870,18750000)
cloud: (2790,22500000)
cloud: (2150,12500000)
cloud: (2130,12500000)
cloud: (1350,1390000)
cloud: (1330,1390000)
cloud: (5112.5,78500000)
cloud: (7840.000000000001,78500000.00000001)
cloud: (4591.666666666667,31833333.333333332)
cloud: (2690,22500000)
cloud: (2090,12500000)
cloud: (2190,12500000)
cloud: (1710,5630000.000000001)
cloud: (1630.0000000000002,5590000)
cloud: (3560.0000000000005,50500000)
cloud: (4430.000000000001,50500000)
-------

> birex_orchestrator@1.0.0 start /usr/src/app
> node orchestrator.js

cloud: (2810,18000049)
cloud: (2690,22500000)
cloud: (2250,13750000)
cloud: (2150,12500000)
cloud: (1350,3620000.0000000005)
cloud: (1350,1370000.0000000002)
cloud: (5360.000000000001,59237500)
cloud: (5558.333333333334,78500000.00000001)
cloud: (4260,41166666.666666664)
cloud: (2670,22500000)
cloud: (2130,12083333.333333332)
cloud: (2070,12500000)
cloud: (1590,6960000)
cloud: (1630.0000000000002,5630000.000000001)
cloud: (3480,31430000)
cloud: (4350,50500000)
-------

> birex_orchestrator@1.0.0 start /usr/src/app
> node orchestrator.js

cloud: (2650.0000000000005,22500000)
cloud: (2750,22500000)
cloud: (2110.0000000000005,12500000)
cloud: (2070,12500000)
cloud: (1290,1390000)
cloud: (1290,1410000)
cloud: (8040,78500000.00000001)
cloud: (6390,78500000.00000001)
cloud: (2650.0000000000005,22500000)
cloud: (2970,22500000)
cloud: (2030,12500000)
cloud: (2110.0000000000005,12500000)
cloud: (1590,5630000.000000001)
cloud: (1630.0000000000002,6962500)
cloud: (4370.000000000001,50500000)
cloud: (5220,50500000)
-------

> birex_orchestrator@1.0.0 start /usr/src/app
> node orchestrator.js

cloud: (2180,NaN)
cloud: (2730,NaN)
cloud: (2680.0000000000005,NaN)
cloud: (2110.0000000000005,NaN)
cloud: (1310.0000000000002,NaN)
cloud: (1310.0000000000002,NaN)
cloud: (6583.333333333333,NaN)
cloud: (6730.000000000001,NaN)
cloud: (4216.666666666667,NaN)
cloud: (2140.0000000000005,NaN)
cloud: (2050.0000000000005,NaN)
cloud: (2090,NaN)
cloud: (1630.0000000000002,NaN)
cloud: (1610,NaN)
cloud: (4350,NaN)
cloud: (4370.000000000001,NaN)
-------
