cloud: (2071.4616666666666,20951750.000000004)
cloud: (2090,27000000)
cloud: (1430.0000000000002,12500000)
cloud: (1370.0000000000002,10416666.666666666)
cloud: (569,1370000.0000000002)
cloud: (733.0000000000001,1430000.0000000002)
cloud: (7749.999999999999,0)
cloud: (30500,117750000)
cloud: (35000,78500000)
cloud: (12250,37416666.666666664)
cloud: (27525,34208333.333333336)
cloud: (1330,12500000)
cloud: (942,5610000)
cloud: (925,5610000)
cloud: (3033.333333333333,50500000)
cloud: (13491.666666666666,42083333.33333333)
-------
cloud: (4191.666666666667,40250000)
cloud: (2090,18000000)
cloud: (1370.0000000000002,17000000.000000004)
cloud: (1430.0000000000002,12500000)
cloud: (521,1410000)
cloud: (553.0000000000001,1390000)
cloud: (7600,78500000)
cloud: (35500,78500000)
cloud: (34333.333333333336,78500000)
cloud: (32833.333333333336,40400000)
cloud: (1780.0000000000002,32700000)
cloud: (1590,12500000)
cloud: (988,7012500)
cloud: (1010.0000000000001,5590000)
cloud: (5116.666666666667,50500000)
cloud: (11020,42083333.33333333)
-------
cloud: (8605.555555555555,30187500)
cloud: (2050.0000000000005,22500000)
cloud: (1330,17000000.000000004)
cloud: (1620,12500000)
cloud: (549,1430000.0000000002)
cloud: (551,1410000)
cloud: (8049.999999999999,39250000)
cloud: (15750,78500000)
cloud: (27625,59833333.33333333)
cloud: (27958.333333333332,38772727.27272727)
cloud: (1787.5,14500000)
cloud: (1862.5,12500000)
cloud: (846,8110000.000000001)
cloud: (1035,5630000.000000001)
cloud: (3987.4999999999995,33666666.666666664)
cloud: (8762.5,50500000)
-------
cloud: (4708.333333333333,22500000)
cloud: (2050.0000000000005,22500000)
cloud: (1350,12500000.000000002)
cloud: (1350,12500000)
cloud: (539,1390000)
cloud: (589.0000000000001,1430000.0000000002)
cloud: (3424.9999999999995,157000000)
cloud: (24500,78499999.99999999)
cloud: (23750,47687500)
cloud: (31799.999999999996,44892857.14285714)
cloud: (2800,12500000)
cloud: (1510,12500000)
cloud: (829,5610000.000000001)
cloud: (1021,5590000)
cloud: (5066.666666666667,50500000)
cloud: (7170,50500000)
-------
cloud: (3658.333333333333,22500000)
cloud: (2070,22500000.000000004)
cloud: (1510,12500000)
cloud: (1470,12500000)
cloud: (694.0000000000001,1410000.0000000002)
cloud: (543,1390000)
cloud: (4457.5,78500000)
cloud: (28500,117749999.99999999)
cloud: (22750,40687500)
cloud: (34970.833333333336,42863636.36363637)
cloud: (1430.0000000000002,12500000)
cloud: (1410,12500000)
cloud: (964,5630000.000000001)
cloud: (1020,5630000.000000001)
cloud: (3648.333333333333,50500000)
cloud: (8140.000000000001,63125000)
-------
cloud: (7050,22500000.000000004)
cloud: (1970,28125000)
cloud: (1390,12500000)
cloud: (1430.0000000000002,12500000)
cloud: (724.0000000000001,1430000.0000000002)
cloud: (573,1430000.0000000002)
cloud: (8094.999999999999,78500000)
cloud: (36000,78500000)
cloud: (48500,59833333.33333333)
cloud: (23888.88888888889,46615384.615384616)
cloud: (24625,12500000)
cloud: (1390,12500000)
cloud: (960,5590000)
cloud: (922,5590000)
cloud: (3750,63124999.99999999)
cloud: (10290,42083333.33333333)
-------
cloud: (5866.666666666666,28125000)
cloud: (2070,22500000)
cloud: (1590,12500000)
cloud: (1410,12500000)
cloud: (766.0000000000001,1410000)
cloud: (539,1410000)
cloud: (7695,52333333.33333333)
cloud: (44000,78499999.99999999)
cloud: (33333.333333333336,44900000)
cloud: (34450.00000000001,39730769.23076923)
cloud: (12675,12500000)
cloud: (1430.0000000000002,12500000)
cloud: (930,5590000.000000001)
cloud: (890.0000000000001,5590000)
cloud: (3450,50500000)
cloud: (7033.333333333333,50500000)
-------
cloud: (4692.857142857143,22500000.000000004)
cloud: (2070,22500000.000000004)
cloud: (1470,12500000)
cloud: (1450,12500000)
cloud: (680,1370000.0000000002)
cloud: (557,1430000.0000000002)
cloud: (8025,78500000)
cloud: (29000.000000000004,78500000)
cloud: (21250,59833333.33333333)
cloud: (15785.714285714286,22500000)
cloud: (38419.230769230766,15625000)
cloud: (1270.0000000000002,12500000)
cloud: (1026,5610000)
cloud: (1000,5650000.000000001)
cloud: (3600,63124999.99999999)
cloud: (6470,42083333.33333333)
-------
cloud: (7562.5,27000000)
cloud: (2110.0000000000005,22500000)
cloud: (1530,15625000)
cloud: (1490.0000000000002,12500000.000000002)
cloud: (650,1410000)
cloud: (585,1350000)
cloud: (7745.000000000001,78500000)
cloud: (25166.666666666664,78500000)
cloud: (30333.333333333332,44900000)
cloud: (34250,32444444.444444448)
cloud: (20577.77777777778,10416666.666666666)
cloud: (1450,12500000)
cloud: (975,5570000.000000001)
cloud: (811,5570000.000000001)
cloud: (3611.6666666666665,50500000)
cloud: (11037.5,84166666.66666666)
-------
cloud: (6487.5,22500000)
cloud: (2170.0000000000005,22500000)
cloud: (1550,12500000)
cloud: (1430.0000000000002,12500000)
cloud: (670.0000000000001,1410000)
cloud: (563,1390000)
cloud: (7974.999999999999,78500000)
cloud: (0,78500000.00000001)
cloud: (35500,50500000)
cloud: (30500.000000000004,39730769.23076923)
cloud: (11800,12500000)
cloud: (1430.0000000000002,12500000.000000002)
cloud: (979,5590000)
cloud: (879,5650000)
cloud: (2038.3333333333333,42083333.33333333)
cloud: (8524.999999999998,50500000)
-------
cloud: (2370,18000000)
cloud: (1350.0000000000002,12500000)
cloud: (1370.0000000000002,12500000)
cloud: (471,1191666.6666666667)
cloud: (513,1370000.0000000002)
cloud: (11666.666666666666,39250000.00000001)
cloud: (44250,78500000)
cloud: (37500,44900000)
cloud: (28180,35933333.333333336)
cloud: (1712.5,12500000)
cloud: (1350.0000000000002,12500000)
cloud: (879,5570000.000000001)
cloud: (1174,5630000.000000001)
cloud: (10250,50500000)
cloud: (13560,50500000)
cloud: (1800,22500000)
-------
cloud: (1990.0000000000002,22500000)
cloud: (1390,12500000)
cloud: (1410,12500000)
cloud: (507,1410000)
cloud: (535.0000000000001,1410000)
cloud: (11499.999999999998,78500000)
cloud: (17000,52333333.33333333)
cloud: (19500,45000000)
cloud: (37500,47529411.76470588)
cloud: (1410,10000000.000000002)
cloud: (1450,12500000)
cloud: (1025.0000000000002,5610000)
cloud: (985,5570000.000000001)
cloud: (8470.000000000002,50500000)
cloud: (14875,60600000)
cloud: (2050.0000000000005,27166666.666666664)
-------
cloud: (2110.0000000000005,22500000)
cloud: (1450,12500000)
cloud: (1410,10000000.000000002)
cloud: (559.0000000000001,1350000)
cloud: (549,1370000.0000000002)
cloud: (12500,157000000)
cloud: (34500,78500000)
cloud: (23000.000000000004,24700000)
cloud: (32800,35727272.72727273)
cloud: (1490.0000000000002,12500000)
cloud: (1410.0000000000002,12500000)
cloud: (1096.25,5570000.000000001)
cloud: (922,5590000)
cloud: (3412.4999999999995,37875000)
cloud: (10625,37875000)
cloud: (2130,27166666.66666666)
-------
cloud: (2030,22500000)
cloud: (1120,12500000)
cloud: (1350,15000000)
cloud: (531,1390000)
cloud: (555,1430000.0000000002)
cloud: (19000,78500000)
cloud: (37500,78500000)
cloud: (32437.5,72916666.66666667)
cloud: (36050,46615384.615384616)
cloud: (1390,12500000)
cloud: (1390,12500000)
cloud: (974.0000000000001,5590000.000000001)
cloud: (937,5590000)
cloud: (10187.5,50500000)
cloud: (14616.666666666666,50500000)
cloud: (10699.999999999998,31833333.333333336)
-------
cloud: (2090,22500000)
cloud: (1800,12500000)
cloud: (1430.0000000000002,12500000)
cloud: (479,1410000)
cloud: (555,1430000.0000000002)
cloud: (6250,157000000)
cloud: (15750,39250000)
cloud: (39583.333333333336,56083333.33333333)
cloud: (31000,41166666.66666667)
cloud: (1600.0000000000002,12500000)
cloud: (1000,12500000)
cloud: (854.0000000000001,5570000.000000001)
cloud: (926.0000000000001,5590000)
cloud: (9399.999999999998,63124999.99999999)
cloud: (11000,63124999.99999999)
cloud: (2070,23285714.285714284)
-------
cloud: (2110.0000000000005,18750000)
cloud: (1120,12500000)
cloud: (1450,12500000)
cloud: (543,1410000)
cloud: (567,1430000.0000000002)
cloud: (15000,117750000)
cloud: (36500,78500000)
cloud: (41300,51600000)
cloud: (31636.36363636364,41550000)
cloud: (1430.0000000000002,12500000)
cloud: (1350,12500000)
cloud: (831,5630000.000000001)
cloud: (968.0000000000001,5630000.000000001)
cloud: (12437.5,40400000)
cloud: (7850.000000000001,50500000)
cloud: (3066.666666666667,38625000)
-------
cloud: (2070,28125000)
cloud: (1350,12500000)
cloud: (1390,12500000)
cloud: (439.00000000000006,1700000)
cloud: (441,1410000)
cloud: (17500,157000000)
cloud: (37500,78500000)
cloud: (22625,41166666.666666664)
cloud: (34100,41166666.66666667)
cloud: (1330,12500000)
cloud: (1430.0000000000002,12500000)
cloud: (920.0000000000001,5590000)
cloud: (905.0000000000001,5590000)
cloud: (6700.000000000001,67333333.33333333)
cloud: (6983.333333333333,67333333.33333333)
cloud: (2130,30916666.666666664)
-------
cloud: (2070,22500000)
cloud: (1410,12500000)
cloud: (1410,10416666.666666666)
cloud: (555,1410000)
cloud: (587,1410000)
cloud: (16500,78500000)
cloud: (66000,78500000)
cloud: (30500,41166666.666666664)
cloud: (51375,35900000)
cloud: (16650,27250000)
cloud: (1410,12500000)
cloud: (676.0000000000001,5570000.000000001)
cloud: (691.0000000000001,5610000)
cloud: (7325,50500000)
cloud: (16733.333333333332,40400000)
cloud: (4658.333333333333,26500000)
-------
cloud: (2190,22500000)
cloud: (1470,12499999.999999998)
cloud: (1550,10416666.666666666)
cloud: (527,1390000)
cloud: (517.0000000000001,1430000.0000000002)
cloud: (8850,78500000)
cloud: (18750,78500000)
cloud: (34000,56100000)
cloud: (34785.71428571428,36166666.66666667)
cloud: (1350,12500000)
cloud: (1330,15625000)
cloud: (888,5590000)
cloud: (978.0000000000001,5590000)
cloud: (9512.5,40400000)
cloud: (14810.000000000002,33666666.666666664)
cloud: (7915.000000000001,37444444.44444445)
-------
cloud: (1390,12500000)
cloud: (1350,12500000)
cloud: (489.00000000000006,1430000.0000000002)
cloud: (543,1390000)
cloud: (11500,78500000)
cloud: (32499.999999999996,39250000)
cloud: (22666.666666666664,25250000)
cloud: (29700,47388888.88888889)
cloud: (1390,25583333.333333332)
cloud: (1370.0000000000002,12500000)
cloud: (863.0000000000001,5590000)
cloud: (928,5610000)
cloud: (7425,40400000)
cloud: (9900,50500000)
cloud: (8708.333333333334,31833333.333333336)
cloud: (2170.0000000000005,22500000)
-------
cloud: (1410,12500000)
cloud: (1350.0000000000002,12500000)
cloud: (499.00000000000006,1370000.0000000002)
cloud: (569,1350000)
cloud: (3825,78500000)
cloud: (34833.333333333336,78500000)
cloud: (39000,50500000)
cloud: (44777.77777777778,51111111.11111111)
cloud: (14828.571428571428,24555555.555555556)
cloud: (1390,12500000)
cloud: (965.0000000000001,5610000)
cloud: (999,5610000)
cloud: (8937.5,30300000)
cloud: (11583.333333333332,50500000)
cloud: (4075,39333333.333333336)
cloud: (2090,22500000)