edge: (601,22500000)
edge: (447,12500000)
edge: (387,12500000)
edge: (191,1350000)
edge: (203.00000000000003,1410000)
edge: (2137.5,78500000.00000001)
edge: (1710,78500000.00000001)
edge: (589.0000000000001,22500000)
edge: (617,22500000)
edge: (401,12500000)
edge: (437,12500000)
edge: (279,5590000)
edge: (277,5610000)
edge: (1110,50500000)
edge: (1170,50500000)
edge: (591,22500000)
-------
edge: (573,22500000)
edge: (375,12500000)
edge: (401,12500000)
edge: (193,1370000.0000000002)
edge: (203.00000000000003,1350000)
edge: (1730,65416666.666666664)
edge: (1750.0000000000002,78500000.00000001)
edge: (589.0000000000001,22500000)
edge: (591,22500000)
edge: (399,12500000)
edge: (391.00000000000006,12500000)
edge: (265,5630000.000000001)
edge: (279,5570000.000000001)
edge: (1150,50500000)
edge: (1150,50500000)
edge: (593,22500000)
-------
edge: (595.0000000000001,22500000)
edge: (423,12500000)
edge: (457.00000000000006,12500000)
edge: (213,1390000)
edge: (183,1430000.0000000002)
edge: (1710,78500000.00000001)
edge: (1710,78500000.00000001)
edge: (591,22500000)
edge: (605,22500000)
edge: (393,12500000)
edge: (371.00000000000006,12500000)
edge: (257.00000000000006,5590000)
edge: (271,5590000)
edge: (1190.0000000000002,50500000)
edge: (1059,50500000)
edge: (579,22500000)
-------
edge: (591,22500000)
edge: (401,12500000)
edge: (407,12500000)
edge: (227.00000000000003,1410000)
edge: (229,1430000.0000000002)
edge: (1750.0000000000002,78500000.00000001)
edge: (1690.0000000000002,78500000.00000001)
edge: (611,28125000)
edge: (591,22500000)
edge: (407,12500000)
edge: (387,10416666.666666666)
edge: (283,5610000)
edge: (257.00000000000006,5570000.000000001)
edge: (1130.0000000000002,50500000)
edge: (1130.0000000000002,50500000)
edge: (683.75,22500000)
-------
edge: (525,22500000)
edge: (387.00000000000006,12500000)
edge: (387.00000000000006,12500000)
edge: (183,1410000)
edge: (195,1410000)
edge: (1810.0000000000002,78500000.00000001)
edge: (1770,78500000.00000001)
edge: (555,22500000)
edge: (579,22500000)
edge: (342.5,12500000)
edge: (413,12500000)
edge: (259,5590000)
edge: (265,5610000)
edge: (1150,50500000)
edge: (1150,50500000)
edge: (565.0000000000001,22500000)
-------
edge: (609,22500000)
edge: (417,12500000)
edge: (393,12500000)
edge: (217,1410000)
edge: (197.00000000000003,1350000)
edge: (2020.0000000000002,78500000.00000001)
edge: (1630.0000000000002,78500000.00000001)
edge: (573,22500000)
edge: (575,22500000)
edge: (403.00000000000006,12500000)
edge: (401,12500000)
edge: (281.00000000000006,5590000)
edge: (267,5630000.000000001)
edge: (1130,50500000)
edge: (1190.0000000000002,50500000)
edge: (539,22500000)
-------
edge: (599,22500000)
edge: (377.00000000000006,12500000)
edge: (413,12500000)
edge: (197.00000000000003,1390000)
edge: (199,1410000)
edge: (1670,78500000.00000001)
edge: (1710,78500000.00000001)
edge: (571.0000000000001,22500000)
edge: (595.0000000000001,22500000)
edge: (447,12500000)
edge: (371.00000000000006,12500000)
edge: (269.00000000000006,5610000)
edge: (291,5610000)
edge: (1150,50500000)
edge: (1190.0000000000002,50500000)
edge: (585,22500000)
-------
edge: (589,22500000)
edge: (399,12500000)
edge: (415.00000000000006,12500000)
edge: (219,1410000)
edge: (241,1430000.0000000002)
edge: (1670,78500000.00000001)
edge: (1710,78500000.00000001)
edge: (593,22500000)
edge: (579,22500000)
edge: (411,12500000)
edge: (401,12500000)
edge: (277,5650000)
edge: (275.00000000000006,5590000)
edge: (1130.0000000000002,50500000)
edge: (1150,50500000)
edge: (581,22500000)
-------
edge: (611,22500000)
edge: (405,12500000)
edge: (403.00000000000006,12500000)
edge: (191,1390000)
edge: (227.00000000000003,1390000)
edge: (1810.0000000000002,78500000.00000001)
edge: (1650.0000000000002,94200000)
edge: (583.0000000000001,22500000)
edge: (561,22500000)
edge: (409.00000000000006,12500000)
edge: (437,12500000)
edge: (251.00000000000003,5590000)
edge: (253,5610000)
edge: (1230,40400000)
edge: (1190.0000000000002,50500000)
edge: (563,22500000)
-------
edge: (545,22500000)
edge: (399,12500000)
edge: (423,12500000)
edge: (213.00000000000003,1410000)
edge: (221.00000000000003,1390000)
edge: (1710,78500000.00000001)
edge: (1458.3333333333333,78500000.00000001)
edge: (508.00000000000006,22500000)
edge: (611,22500000)
edge: (441.00000000000006,12500000)
edge: (415.00000000000006,12500000)
edge: (249,5630000.000000001)
edge: (281.00000000000006,5610000)
edge: (1210,50500000)
edge: (1150,50500000)
edge: (589.0000000000001,18000000)
-------
edge: (611,27000000)
edge: (407,12500000)
edge: (318,12500000)
edge: (201.00000000000003,1430000.0000000002)
edge: (205,1410000)
edge: (1790,78500000.00000001)
edge: (1670,78500000.00000001)
edge: (559.0000000000001,22500000)
edge: (575,22500000)
edge: (433.00000000000006,12500000)
edge: (403.00000000000006,10000000.000000002)
edge: (271,5590000)
edge: (253,5610000)
edge: (958.3333333333333,50500000)
edge: (1190.0000000000002,50500000)
edge: (627,22500000)
-------
edge: (609,22500000)
edge: (427,12500000)
edge: (447,12500000)
edge: (221.00000000000003,1410000)
edge: (203.00000000000003,1430000.0000000002)
edge: (1810.0000000000002,78500000.00000001)
edge: (1730,78500000.00000001)
edge: (605,22500000)
edge: (641,22500000)
edge: (433.00000000000006,12500000)
edge: (421.00000000000006,12500000)
edge: (275.00000000000006,5570000.000000001)
edge: (265,5630000.000000001)
edge: (1190.0000000000002,50500000)
edge: (1110,50500000)
edge: (611,22500000)
-------
edge: (567,22500000)
edge: (421.00000000000006,12500000)
edge: (397.00000000000006,12500000)
edge: (205,1410000)
edge: (199,1370000.0000000002)
edge: (1770,78500000.00000001)
edge: (1730,78700000)
edge: (645,28125000)
edge: (595.0000000000001,22500000)
edge: (433.00000000000006,15625000)
edge: (393,12500000)
edge: (273,5590000)
edge: (287.00000000000006,5610000)
edge: (1130.0000000000002,50500000)
edge: (1170,50500000)
edge: (623,22500000)
-------
edge: (808.75,22500000)
edge: (417,12500000)
edge: (397.00000000000006,12500000)
edge: (193,1390000)
edge: (201,1410000)
edge: (1750.0000000000002,78500000.00000001)
edge: (1750.0000000000002,78500000.00000001)
edge: (635,22500000)
edge: (591,22500000)
edge: (409.00000000000006,12500000)
edge: (429,12500000)
edge: (261,5590000)
edge: (281.00000000000006,5590000)
edge: (1170,50500000)
edge: (1150,50500000)
edge: (577.0000000000001,22500000)
-------
edge: (621,22500000)
edge: (427.00000000000006,12500000)
edge: (413,12500000)
edge: (213,1410000)
edge: (191,1390000)
edge: (1690.0000000000002,78500000.00000001)
edge: (1710,78500000.00000001)
edge: (585,22500000)
edge: (595.0000000000001,22500000)
edge: (403.00000000000006,12500000)
edge: (409.00000000000006,12500000)
edge: (255,5630000.000000001)
edge: (269.00000000000006,5610000)
edge: (1110,50500000)
edge: (1170,50500000)
edge: (585,22500000)
-------
edge: (593,22500000)
edge: (417,12500000)
edge: (369,12500000)
edge: (201,1430000.0000000002)
edge: (219,1450000)
edge: (1690.0000000000002,78500000.00000001)
edge: (1790,78500000.00000001)
edge: (593,22500000)
edge: (607.0000000000001,22500000)
edge: (429.00000000000006,12500000)
edge: (447,12500000)
edge: (251.00000000000003,5610000)
edge: (259,5650000)
edge: (1079.0000000000002,50500000)
edge: (1110,50500000)
edge: (565.0000000000001,22500000)
-------
edge: (585,22500000)
edge: (391.00000000000006,12500000)
edge: (399,12500000)
edge: (185,1390000)
edge: (209.00000000000003,1370000.0000000002)
edge: (2080.0000000000005,78500000.00000001)
edge: (1360,78500000.00000001)
edge: (587,22500000)
edge: (549,22500000)
edge: (407,12500000)
edge: (411,12500000)
edge: (265,5630000.000000001)
edge: (267,5570000.000000001)
edge: (1170,50500000)
edge: (1090,50500000)
edge: (555,22500000)
-------
edge: (555,22500000)
edge: (387,12500000)
edge: (403.00000000000006,12500000)
edge: (193,1390000)
edge: (189,1450000)
edge: (1770,78500000.00000001)
edge: (1810.0000000000002,78500000.00000001)
edge: (579,22500000)
edge: (591,22500000)
edge: (403.00000000000006,12500000)
edge: (381,12500000)
edge: (261,5630000.000000001)
edge: (249,5650000)
edge: (1210,50500000)
edge: (1110,50500000)
edge: (575,22500000)
-------
edge: (603,22500000)
edge: (419,12500000)
edge: (389,12500000)
edge: (217,1430000.0000000002)
edge: (201,1410000)
edge: (1850,78500000.00000001)
edge: (1491.6666666666665,78500000.00000001)
edge: (567,22500000)
edge: (615,22500000)
edge: (423,12500000)
edge: (401,12500000)
edge: (265,5590000)
edge: (247,5630000.000000001)
edge: (1389,50500000)
edge: (1380,50500000)
edge: (557,22500000)
-------
edge: (545,22500000)
edge: (391.00000000000006,12500000)
edge: (405,12500000)
edge: (201,1410000)
edge: (199,1410000)
edge: (1810.0000000000002,65416666.666666664)
edge: (1730,78500000.00000001)
edge: (581,22500000)
edge: (595.0000000000001,22500000)
edge: (417,12500000)
edge: (409.00000000000006,12500000)
edge: (259,5590000)
edge: (261,5550000)
edge: (1190.0000000000002,50500000)
edge: (1035,50500000)
edge: (597,22500000)
-------
edge: (545,22500000)
edge: (397.00000000000006,12500000)
edge: (399,12500000)
edge: (189,1390000)
edge: (217,1430000.0000000002)
edge: (1710,78500000.00000001)
edge: (1710,78500000.00000001)
edge: (603,22500000)
edge: (575,22500000)
edge: (411,12500000)
edge: (417,12500000)
edge: (257.00000000000006,5610000)
edge: (281.00000000000006,5610000)
edge: (1210,50500000)
edge: (1150,50500000)
edge: (714,18000000)